{"contracts/crowdsale/AlgoryCrowdsale.sol":{"l":{"104":11,"105":4,"109":1,"110":1,"111":1,"113":1,"114":1,"115":1,"117":1,"119":1,"120":1,"122":1,"124":1,"126":1,"133":4,"143":0,"145":0,"146":0,"148":0,"154":8,"155":8,"156":8,"157":8,"158":8,"159":8,"166":1,"167":1,"168":1,"169":5,"170":5,"171":5,"181":3,"182":3,"183":3,"192":3,"193":3,"194":1,"196":2,"197":2,"198":2,"202":3,"203":3,"204":3,"208":4,"209":4,"210":4,"214":5,"215":4,"216":4,"217":4,"218":4,"222":5,"223":4,"224":4,"230":0,"235":1,"244":26,"260":2,"267":4,"274":1,"283":0,"284":0,"294":0,"295":0,"296":0,"297":0,"298":0,"299":0,"300":0,"315":4,"316":4,"317":2,"319":0,"322":2,"325":2,"326":2,"328":2,"329":2,"332":2,"333":2,"335":2,"336":2,"338":2,"340":2,"343":2,"348":2,"350":2,"359":0},"path":"/Users/marcin/dev/mgordel/ethereum/algory-ico/contracts/crowdsale/AlgoryCrowdsale.sol","s":{"1":11,"2":1,"3":1,"4":1,"5":1,"6":1,"7":1,"8":1,"9":1,"10":1,"11":1,"12":1,"13":1,"14":4,"15":0,"16":0,"17":0,"18":0,"19":8,"20":8,"21":8,"22":8,"23":8,"24":8,"25":1,"26":1,"27":1,"28":5,"29":5,"30":5,"31":3,"32":3,"33":3,"34":3,"35":3,"36":1,"37":2,"38":2,"39":2,"40":3,"41":3,"42":3,"43":4,"44":4,"45":4,"46":5,"47":4,"48":4,"49":4,"50":4,"51":5,"52":4,"53":4,"54":0,"55":1,"56":26,"57":0,"58":26,"59":4,"60":22,"61":0,"62":22,"63":0,"64":22,"65":6,"66":16,"67":16,"68":0,"69":0,"70":0,"71":0,"72":0,"73":0,"74":0,"75":2,"76":4,"77":1,"78":0,"79":0,"80":0,"81":0,"82":0,"83":0,"84":0,"85":0,"86":0,"87":4,"88":4,"89":2,"90":0,"91":0,"92":2,"93":2,"94":2,"95":0,"96":2,"97":2,"98":2,"99":2,"100":2,"101":2,"102":2,"103":2,"104":2,"105":2,"106":0,"107":0},"b":{"1":[4,7],"2":[1,0],"3":[1,0],"4":[1,0],"5":[0,0],"6":[0,0],"7":[8,0],"8":[8,0],"9":[8,0],"10":[3,0],"11":[2,1],"12":[1,2],"13":[0,1],"14":[2,0],"15":[2,0],"16":[3,0],"17":[3,0],"18":[4,0],"19":[4,1],"20":[4,0],"21":[4,1],"22":[0,26],"23":[4,22],"24":[0,22],"25":[0,22],"26":[6,16],"27":[16,0],"28":[0,0],"29":[0,0],"30":[0,0],"31":[0,0],"32":[0,0],"33":[0,0],"34":[0,0],"35":[4,0],"36":[2,2],"37":[2,0],"38":[0,0],"39":[0,2],"40":[2,0],"41":[2,0],"42":[2,0],"43":[2,0],"44":[0,0]},"f":{"1":11,"2":1,"3":4,"4":0,"5":8,"6":1,"7":3,"8":3,"9":3,"10":4,"11":5,"12":5,"13":0,"14":1,"15":26,"16":2,"17":4,"18":1,"19":0,"20":0,"21":4,"22":0,"23":1},"fnMap":{"1":{"name":"inState","line":103,"loc":{"start":{"line":103,"column":4},"end":{"line":103,"column":31}}},"2":{"name":"AlgoryCrowdsale","line":108,"loc":{"start":{"line":108,"column":4},"end":{"line":108,"column":174}}},"3":{"name":null,"line":132,"loc":{"start":{"line":132,"column":4},"end":{"line":132,"column":20}}},"4":{"name":"finalize","line":141,"loc":{"start":{"line":141,"column":4},"end":{"line":141,"column":77}}},"5":{"name":"setEarlyParticipantWhitelist","line":153,"loc":{"start":{"line":153,"column":4},"end":{"line":153,"column":82}}},"6":{"name":"loadEarlyParticipantsWhitelist","line":165,"loc":{"start":{"line":165,"column":4},"end":{"line":165,"column":109}}},"7":{"name":"setFinalizeAgent","line":180,"loc":{"start":{"line":180,"column":4},"end":{"line":180,"column":65}}},"8":{"name":"setPricingStrategy","line":191,"loc":{"start":{"line":191,"column":4},"end":{"line":191,"column":73}}},"9":{"name":"setMultisigWallet","line":201,"loc":{"start":{"line":201,"column":4},"end":{"line":201,"column":61}}},"10":{"name":"setPresaleStartsAt","line":207,"loc":{"start":{"line":207,"column":4},"end":{"line":207,"column":83}}},"11":{"name":"setStartsAt","line":213,"loc":{"start":{"line":213,"column":4},"end":{"line":213,"column":44}}},"12":{"name":"setEndsAt","line":221,"loc":{"start":{"line":221,"column":4},"end":{"line":221,"column":40}}},"13":{"name":"allowRefunding","line":229,"loc":{"start":{"line":229,"column":4},"end":{"line":229,"column":68}}},"14":{"name":"isCrowdsale","line":234,"loc":{"start":{"line":234,"column":4},"end":{"line":234,"column":55}}},"15":{"name":"getState","line":243,"loc":{"start":{"line":243,"column":4},"end":{"line":243,"column":53}}},"16":{"name":"isBreakingCap","line":259,"loc":{"start":{"line":259,"column":4},"end":{"line":259,"column":86}}},"17":{"name":"getTokensLeft","line":266,"loc":{"start":{"line":266,"column":4},"end":{"line":266,"column":57}}},"18":{"name":"isCrowdsaleFull","line":273,"loc":{"start":{"line":273,"column":4},"end":{"line":273,"column":59}}},"19":{"name":"loadRefund","line":282,"loc":{"start":{"line":282,"column":4},"end":{"line":282,"column":61}}},"20":{"name":"refund","line":293,"loc":{"start":{"line":293,"column":4},"end":{"line":293,"column":51}}},"21":{"name":"investInternal","line":313,"loc":{"start":{"line":313,"column":4},"end":{"line":313,"column":88}}},"22":{"name":"assignTokens","line":358,"loc":{"start":{"line":358,"column":4},"end":{"line":358,"column":67}}},"23":{"name":"preallocateTokens","line":365,"loc":{"start":{"line":365,"column":4},"end":{"line":365,"column":38}}}},"statementMap":{"1":{"start":{"line":104,"column":8},"end":{"line":104,"column":35}},"2":{"start":{"line":109,"column":8},"end":{"line":109,"column":25}},"3":{"start":{"line":110,"column":8},"end":{"line":110,"column":38}},"4":{"start":{"line":111,"column":8},"end":{"line":111,"column":33}},"5":{"start":{"line":113,"column":8},"end":{"line":113,"column":38}},"6":{"start":{"line":114,"column":8},"end":{"line":114,"column":24}},"7":{"start":{"line":115,"column":8},"end":{"line":115,"column":20}},"8":{"start":{"line":117,"column":8},"end":{"line":117,"column":89}},"9":{"start":{"line":119,"column":8},"end":{"line":119,"column":43}},"10":{"start":{"line":120,"column":8},"end":{"line":120,"column":41}},"11":{"start":{"line":122,"column":8},"end":{"line":122,"column":60}},"12":{"start":{"line":124,"column":8},"end":{"line":124,"column":73}},"13":{"start":{"line":126,"column":8},"end":{"line":126,"column":26}},"14":{"start":{"line":133,"column":8},"end":{"line":133,"column":25}},"15":{"start":{"line":143,"column":8},"end":{"line":143,"column":30}},"16":{"start":{"line":143,"column":22},"end":{"line":143,"column":29}},"17":{"start":{"line":145,"column":8},"end":{"line":145,"column":4952}},"18":{"start":{"line":148,"column":8},"end":{"line":148,"column":23}},"19":{"start":{"line":154,"column":8},"end":{"line":154,"column":48}},"20":{"start":{"line":155,"column":8},"end":{"line":155,"column":61}},"21":{"start":{"line":156,"column":8},"end":{"line":156,"column":63}},"22":{"start":{"line":157,"column":8},"end":{"line":157,"column":53}},"23":{"start":{"line":158,"column":8},"end":{"line":158,"column":58}},"24":{"start":{"line":159,"column":8},"end":{"line":159,"column":38}},"25":{"start":{"line":166,"column":8},"end":{"line":166,"column":32}},"26":{"start":{"line":167,"column":8},"end":{"line":167,"column":21}},"27":{"start":{"line":168,"column":8},"end":{"line":168,"column":5823}},"28":{"start":{"line":169,"column":12},"end":{"line":169,"column":45}},"29":{"start":{"line":170,"column":12},"end":{"line":170,"column":33}},"30":{"start":{"line":171,"column":12},"end":{"line":171,"column":59}},"31":{"start":{"line":181,"column":8},"end":{"line":181,"column":28}},"32":{"start":{"line":182,"column":8},"end":{"line":182,"column":47}},"33":{"start":{"line":183,"column":8},"end":{"line":183,"column":38}},"34":{"start":{"line":192,"column":8},"end":{"line":192,"column":31}},"35":{"start":{"line":193,"column":8},"end":{"line":193,"column":6684}},"36":{"start":{"line":194,"column":12},"end":{"line":194,"column":25}},"37":{"start":{"line":196,"column":8},"end":{"line":196,"column":41}},"38":{"start":{"line":197,"column":8},"end":{"line":197,"column":51}},"39":{"start":{"line":198,"column":8},"end":{"line":198,"column":53}},"40":{"start":{"line":202,"column":8},"end":{"line":202,"column":29}},"41":{"start":{"line":203,"column":8},"end":{"line":203,"column":70}},"42":{"start":{"line":204,"column":8},"end":{"line":204,"column":30}},"43":{"start":{"line":208,"column":8},"end":{"line":208,"column":65}},"44":{"start":{"line":209,"column":8},"end":{"line":209,"column":37}},"45":{"start":{"line":210,"column":8},"end":{"line":210,"column":62}},"46":{"start":{"line":214,"column":8},"end":{"line":214,"column":72}},"47":{"start":{"line":215,"column":8},"end":{"line":215,"column":31}},"48":{"start":{"line":216,"column":8},"end":{"line":216,"column":68}},"49":{"start":{"line":217,"column":8},"end":{"line":217,"column":23}},"50":{"start":{"line":218,"column":8},"end":{"line":218,"column":48}},"51":{"start":{"line":222,"column":8},"end":{"line":222,"column":73}},"52":{"start":{"line":223,"column":8},"end":{"line":223,"column":19}},"53":{"start":{"line":224,"column":8},"end":{"line":224,"column":44}},"54":{"start":{"line":230,"column":8},"end":{"line":230,"column":24}},"55":{"start":{"line":235,"column":8},"end":{"line":235,"column":19}},"56":{"start":{"line":244,"column":8},"end":{"line":244,"column":8483}},"57":{"start":{"line":244,"column":22},"end":{"line":244,"column":44}},"58":{"start":{"line":245,"column":13},"end":{"line":245,"column":8534}},"59":{"start":{"line":245,"column":46},"end":{"line":245,"column":68}},"60":{"start":{"line":246,"column":13},"end":{"line":246,"column":8604}},"61":{"start":{"line":246,"column":42},"end":{"line":246,"column":64}},"62":{"start":{"line":247,"column":13},"end":{"line":247,"column":8670}},"63":{"start":{"line":247,"column":57},"end":{"line":247,"column":79}},"64":{"start":{"line":248,"column":13},"end":{"line":248,"column":8751}},"65":{"start":{"line":248,"column":52},"end":{"line":248,"column":74}},"66":{"start":{"line":249,"column":13},"end":{"line":249,"column":8827}},"67":{"start":{"line":249,"column":83},"end":{"line":249,"column":106}},"68":{"start":{"line":250,"column":13},"end":{"line":250,"column":8935}},"69":{"start":{"line":250,"column":97},"end":{"line":250,"column":117}},"70":{"start":{"line":251,"column":13},"end":{"line":251,"column":9054}},"71":{"start":{"line":251,"column":80},"end":{"line":251,"column":100}},"72":{"start":{"line":252,"column":13},"end":{"line":252,"column":9156}},"73":{"start":{"line":252,"column":76},"end":{"line":252,"column":98}},"74":{"start":{"line":253,"column":13},"end":{"line":253,"column":33}},"75":{"start":{"line":260,"column":8},"end":{"line":260,"column":44}},"76":{"start":{"line":267,"column":8},"end":{"line":267,"column":50}},"77":{"start":{"line":274,"column":8},"end":{"line":274,"column":35}},"78":{"start":{"line":283,"column":8},"end":{"line":283,"column":30}},"79":{"start":{"line":284,"column":8},"end":{"line":284,"column":50}},"80":{"start":{"line":294,"column":8},"end":{"line":294,"column":26}},"81":{"start":{"line":295,"column":8},"end":{"line":295,"column":54}},"82":{"start":{"line":296,"column":8},"end":{"line":296,"column":28}},"83":{"start":{"line":297,"column":8},"end":{"line":297,"column":39}},"84":{"start":{"line":298,"column":8},"end":{"line":298,"column":47}},"85":{"start":{"line":299,"column":8},"end":{"line":299,"column":35}},"86":{"start":{"line":300,"column":8},"end":{"line":300,"column":40}},"87":{"start":{"line":315,"column":8},"end":{"line":315,"column":11216}},"88":{"start":{"line":316,"column":12},"end":{"line":316,"column":58}},"89":{"start":{"line":317,"column":12},"end":{"line":317,"column":67}},"90":{"start":{"line":318,"column":15},"end":{"line":318,"column":11400}},"91":{"start":{"line":319,"column":12},"end":{"line":319,"column":19}},"92":{"start":{"line":322,"column":8},"end":{"line":322,"column":33}},"93":{"start":{"line":325,"column":8},"end":{"line":325,"column":30}},"94":{"start":{"line":326,"column":8},"end":{"line":326,"column":38}},"95":{"start":{"line":326,"column":30},"end":{"line":326,"column":37}},"96":{"start":{"line":328,"column":8},"end":{"line":328,"column":11722}},"97":{"start":{"line":332,"column":8},"end":{"line":332,"column":78}},"98":{"start":{"line":333,"column":8},"end":{"line":333,"column":74}},"99":{"start":{"line":335,"column":8},"end":{"line":335,"column":44}},"100":{"start":{"line":336,"column":8},"end":{"line":336,"column":48}},"101":{"start":{"line":338,"column":8},"end":{"line":338,"column":12067}},"102":{"start":{"line":340,"column":12},"end":{"line":340,"column":62}},"103":{"start":{"line":343,"column":8},"end":{"line":343,"column":42}},"104":{"start":{"line":348,"column":8},"end":{"line":348,"column":45}},"105":{"start":{"line":350,"column":8},"end":{"line":350,"column":61}},"106":{"start":{"line":359,"column":8},"end":{"line":359,"column":76}},"107":{"start":{"line":359,"column":68},"end":{"line":359,"column":75}}},"branchMap":{"1":{"line":104,"type":"if","locations":[{"start":{"line":104,"column":8},"end":{"line":104,"column":8}},{"start":{"line":104,"column":8},"end":{"line":104,"column":8}}]},"2":{"line":117,"type":"if","locations":[{"start":{"line":117,"column":8},"end":{"line":117,"column":8}},{"start":{"line":117,"column":8},"end":{"line":117,"column":8}}]},"3":{"line":122,"type":"if","locations":[{"start":{"line":122,"column":8},"end":{"line":122,"column":8}},{"start":{"line":122,"column":8},"end":{"line":122,"column":8}}]},"4":{"line":124,"type":"if","locations":[{"start":{"line":124,"column":8},"end":{"line":124,"column":8}},{"start":{"line":124,"column":8},"end":{"line":124,"column":8}}]},"5":{"line":143,"type":"if","locations":[{"start":{"line":143,"column":8},"end":{"line":143,"column":8}},{"start":{"line":143,"column":8},"end":{"line":143,"column":8}}]},"6":{"line":145,"type":"if","locations":[{"start":{"line":145,"column":8},"end":{"line":145,"column":8}},{"start":{"line":145,"column":8},"end":{"line":145,"column":8}}]},"7":{"line":154,"type":"if","locations":[{"start":{"line":154,"column":8},"end":{"line":154,"column":8}},{"start":{"line":154,"column":8},"end":{"line":154,"column":8}}]},"8":{"line":155,"type":"if","locations":[{"start":{"line":155,"column":8},"end":{"line":155,"column":8}},{"start":{"line":155,"column":8},"end":{"line":155,"column":8}}]},"9":{"line":156,"type":"if","locations":[{"start":{"line":156,"column":8},"end":{"line":156,"column":8}},{"start":{"line":156,"column":8},"end":{"line":156,"column":8}}]},"10":{"line":182,"type":"if","locations":[{"start":{"line":182,"column":8},"end":{"line":182,"column":8}},{"start":{"line":182,"column":8},"end":{"line":182,"column":8}}]},"11":{"line":183,"type":"if","locations":[{"start":{"line":183,"column":8},"end":{"line":183,"column":8}},{"start":{"line":183,"column":8},"end":{"line":183,"column":8}}]},"12":{"line":193,"type":"if","locations":[{"start":{"line":193,"column":8},"end":{"line":193,"column":8}},{"start":{"line":193,"column":8},"end":{"line":193,"column":8}}]},"13":{"line":194,"type":"if","locations":[{"start":{"line":194,"column":12},"end":{"line":194,"column":12}},{"start":{"line":194,"column":12},"end":{"line":194,"column":12}}]},"14":{"line":197,"type":"if","locations":[{"start":{"line":197,"column":8},"end":{"line":197,"column":8}},{"start":{"line":197,"column":8},"end":{"line":197,"column":8}}]},"15":{"line":198,"type":"if","locations":[{"start":{"line":198,"column":8},"end":{"line":198,"column":8}},{"start":{"line":198,"column":8},"end":{"line":198,"column":8}}]},"16":{"line":202,"type":"if","locations":[{"start":{"line":202,"column":8},"end":{"line":202,"column":8}},{"start":{"line":202,"column":8},"end":{"line":202,"column":8}}]},"17":{"line":203,"type":"if","locations":[{"start":{"line":203,"column":8},"end":{"line":203,"column":8}},{"start":{"line":203,"column":8},"end":{"line":203,"column":8}}]},"18":{"line":208,"type":"if","locations":[{"start":{"line":208,"column":8},"end":{"line":208,"column":8}},{"start":{"line":208,"column":8},"end":{"line":208,"column":8}}]},"19":{"line":214,"type":"if","locations":[{"start":{"line":214,"column":8},"end":{"line":214,"column":8}},{"start":{"line":214,"column":8},"end":{"line":214,"column":8}}]},"20":{"line":216,"type":"if","locations":[{"start":{"line":216,"column":8},"end":{"line":216,"column":8}},{"start":{"line":216,"column":8},"end":{"line":216,"column":8}}]},"21":{"line":222,"type":"if","locations":[{"start":{"line":222,"column":8},"end":{"line":222,"column":8}},{"start":{"line":222,"column":8},"end":{"line":222,"column":8}}]},"22":{"line":244,"type":"if","locations":[{"start":{"line":244,"column":8},"end":{"line":244,"column":8}},{"start":{"line":244,"column":8},"end":{"line":244,"column":8}}]},"23":{"line":245,"type":"if","locations":[{"start":{"line":245,"column":13},"end":{"line":245,"column":13}},{"start":{"line":245,"column":13},"end":{"line":245,"column":13}}]},"24":{"line":246,"type":"if","locations":[{"start":{"line":246,"column":13},"end":{"line":246,"column":13}},{"start":{"line":246,"column":13},"end":{"line":246,"column":13}}]},"25":{"line":247,"type":"if","locations":[{"start":{"line":247,"column":13},"end":{"line":247,"column":13}},{"start":{"line":247,"column":13},"end":{"line":247,"column":13}}]},"26":{"line":248,"type":"if","locations":[{"start":{"line":248,"column":13},"end":{"line":248,"column":13}},{"start":{"line":248,"column":13},"end":{"line":248,"column":13}}]},"27":{"line":249,"type":"if","locations":[{"start":{"line":249,"column":13},"end":{"line":249,"column":13}},{"start":{"line":249,"column":13},"end":{"line":249,"column":13}}]},"28":{"line":250,"type":"if","locations":[{"start":{"line":250,"column":13},"end":{"line":250,"column":13}},{"start":{"line":250,"column":13},"end":{"line":250,"column":13}}]},"29":{"line":251,"type":"if","locations":[{"start":{"line":251,"column":13},"end":{"line":251,"column":13}},{"start":{"line":251,"column":13},"end":{"line":251,"column":13}}]},"30":{"line":252,"type":"if","locations":[{"start":{"line":252,"column":13},"end":{"line":252,"column":13}},{"start":{"line":252,"column":13},"end":{"line":252,"column":13}}]},"31":{"line":283,"type":"if","locations":[{"start":{"line":283,"column":8},"end":{"line":283,"column":8}},{"start":{"line":283,"column":8},"end":{"line":283,"column":8}}]},"32":{"line":294,"type":"if","locations":[{"start":{"line":294,"column":8},"end":{"line":294,"column":8}},{"start":{"line":294,"column":8},"end":{"line":294,"column":8}}]},"33":{"line":296,"type":"if","locations":[{"start":{"line":296,"column":8},"end":{"line":296,"column":8}},{"start":{"line":296,"column":8},"end":{"line":296,"column":8}}]},"34":{"line":300,"type":"if","locations":[{"start":{"line":300,"column":8},"end":{"line":300,"column":8}},{"start":{"line":300,"column":8},"end":{"line":300,"column":8}}]},"35":{"line":315,"type":"if","locations":[{"start":{"line":315,"column":8},"end":{"line":315,"column":8}},{"start":{"line":315,"column":8},"end":{"line":315,"column":8}}]},"36":{"line":316,"type":"if","locations":[{"start":{"line":316,"column":12},"end":{"line":316,"column":12}},{"start":{"line":316,"column":12},"end":{"line":316,"column":12}}]},"37":{"line":317,"type":"if","locations":[{"start":{"line":317,"column":12},"end":{"line":317,"column":12}},{"start":{"line":317,"column":12},"end":{"line":317,"column":12}}]},"38":{"line":318,"type":"if","locations":[{"start":{"line":318,"column":15},"end":{"line":318,"column":15}},{"start":{"line":318,"column":15},"end":{"line":318,"column":15}}]},"39":{"line":326,"type":"if","locations":[{"start":{"line":326,"column":8},"end":{"line":326,"column":8}},{"start":{"line":326,"column":8},"end":{"line":326,"column":8}}]},"40":{"line":328,"type":"if","locations":[{"start":{"line":328,"column":8},"end":{"line":328,"column":8}},{"start":{"line":328,"column":8},"end":{"line":328,"column":8}}]},"41":{"line":338,"type":"if","locations":[{"start":{"line":338,"column":8},"end":{"line":338,"column":8}},{"start":{"line":338,"column":8},"end":{"line":338,"column":8}}]},"42":{"line":343,"type":"if","locations":[{"start":{"line":343,"column":8},"end":{"line":343,"column":8}},{"start":{"line":343,"column":8},"end":{"line":343,"column":8}}]},"43":{"line":348,"type":"if","locations":[{"start":{"line":348,"column":8},"end":{"line":348,"column":8}},{"start":{"line":348,"column":8},"end":{"line":348,"column":8}}]},"44":{"line":359,"type":"if","locations":[{"start":{"line":359,"column":8},"end":{"line":359,"column":8}},{"start":{"line":359,"column":8},"end":{"line":359,"column":8}}]}}},"contracts/crowdsale/AlgoryFinalizeAgent.sol":{"l":{"20":2,"21":2,"22":2,"27":25,"32":0,"35":0},"path":"/Users/marcin/dev/mgordel/ethereum/algory-ico/contracts/crowdsale/AlgoryFinalizeAgent.sol","s":{"1":2,"2":2,"3":2,"4":0,"5":25,"6":0,"7":0},"b":{"1":[0,2],"2":[0,0]},"f":{"1":2,"2":25,"3":0},"fnMap":{"1":{"name":"AlgoryFinalizeAgent","line":19,"loc":{"start":{"line":19,"column":4},"end":{"line":19,"column":78}}},"2":{"name":"isSane","line":26,"loc":{"start":{"line":26,"column":4},"end":{"line":26,"column":50}}},"3":{"name":"finalizeCrowdsale","line":31,"loc":{"start":{"line":31,"column":4},"end":{"line":31,"column":30}}}},"statementMap":{"1":{"start":{"line":20,"column":8},"end":{"line":20,"column":21}},"2":{"start":{"line":21,"column":8},"end":{"line":21,"column":29}},"3":{"start":{"line":22,"column":8},"end":{"line":22,"column":67}},"4":{"start":{"line":22,"column":59},"end":{"line":22,"column":66}},"5":{"start":{"line":27,"column":8},"end":{"line":27,"column":52}},"6":{"start":{"line":32,"column":8},"end":{"line":32,"column":53}},"7":{"start":{"line":32,"column":45},"end":{"line":32,"column":52}}},"branchMap":{"1":{"line":22,"type":"if","locations":[{"start":{"line":22,"column":8},"end":{"line":22,"column":8}},{"start":{"line":22,"column":8},"end":{"line":22,"column":8}}]},"2":{"line":32,"type":"if","locations":[{"start":{"line":32,"column":8},"end":{"line":32,"column":8}},{"start":{"line":32,"column":8},"end":{"line":32,"column":8}}]}}},"contracts/crowdsale/AlgoryPricingStrategy.sol":{"l":{"28":3,"29":3,"32":3,"33":3,"36":3,"37":3,"40":3,"41":3,"44":3,"45":3,"49":24,"53":0,"54":0,"58":10,"62":0,"66":0,"70":0,"74":10,"78":0,"79":0,"80":0,"86":0,"92":0,"94":0,"98":0},"path":"/Users/marcin/dev/mgordel/ethereum/algory-ico/contracts/crowdsale/AlgoryPricingStrategy.sol","s":{"1":3,"2":3,"3":3,"4":3,"5":3,"6":3,"7":3,"8":3,"9":3,"10":3,"11":24,"12":0,"13":0,"14":0,"15":10,"16":0,"17":0,"18":0,"19":10,"20":0,"21":0,"22":0,"23":0,"24":0,"25":0,"26":0},"b":{"1":[0,0],"2":[0,0]},"f":{"1":3,"2":24,"3":0,"4":10,"5":0,"6":0,"7":0,"8":10,"9":0,"10":0,"11":0,"12":0},"fnMap":{"1":{"name":"AlgoryPricingStrategy","line":26,"loc":{"start":{"line":26,"column":4},"end":{"line":26,"column":34}}},"2":{"name":"isSane","line":48,"loc":{"start":{"line":48,"column":4},"end":{"line":48,"column":67}}},"3":{"name":"getTranche","line":52,"loc":{"start":{"line":52,"column":4},"end":{"line":52,"column":66}}},"4":{"name":"getFirstTranche","line":57,"loc":{"start":{"line":57,"column":4},"end":{"line":57,"column":63}}},"5":{"name":"getLastTranche","line":61,"loc":{"start":{"line":61,"column":4},"end":{"line":61,"column":62}}},"6":{"name":"getPricingStartsAt","line":65,"loc":{"start":{"line":65,"column":4},"end":{"line":65,"column":62}}},"7":{"name":"getPricingEndsAt","line":69,"loc":{"start":{"line":69,"column":4},"end":{"line":69,"column":60}}},"8":{"name":"isPresaleFull","line":73,"loc":{"start":{"line":73,"column":4},"end":{"line":73,"column":78}}},"9":{"name":"getCurrentTranche","line":77,"loc":{"start":{"line":77,"column":4},"end":{"line":77,"column":79}}},"10":{"name":"getCurrentPrice","line":85,"loc":{"start":{"line":85,"column":4},"end":{"line":85,"column":80}}},"11":{"name":"calculatePrice","line":90,"loc":{"start":{"line":90,"column":4},"end":{"line":90,"column":99}}},"12":{"name":null,"line":97,"loc":{"start":{"line":97,"column":4},"end":{"line":97,"column":20}}}},"statementMap":{"1":{"start":{"line":28,"column":8},"end":{"line":28,"column":39}},"2":{"start":{"line":29,"column":8},"end":{"line":29,"column":31}},"3":{"start":{"line":32,"column":8},"end":{"line":32,"column":39}},"4":{"start":{"line":33,"column":8},"end":{"line":33,"column":31}},"5":{"start":{"line":36,"column":8},"end":{"line":36,"column":39}},"6":{"start":{"line":37,"column":8},"end":{"line":37,"column":31}},"7":{"start":{"line":40,"column":8},"end":{"line":40,"column":39}},"8":{"start":{"line":41,"column":8},"end":{"line":41,"column":31}},"9":{"start":{"line":44,"column":8},"end":{"line":44,"column":34}},"10":{"start":{"line":45,"column":8},"end":{"line":45,"column":37}},"11":{"start":{"line":49,"column":8},"end":{"line":49,"column":19}},"12":{"start":{"line":53,"column":8},"end":{"line":53,"column":38}},"13":{"start":{"line":53,"column":30},"end":{"line":53,"column":37}},"14":{"start":{"line":54,"column":8},"end":{"line":54,"column":54}},"15":{"start":{"line":58,"column":8},"end":{"line":58,"column":26}},"16":{"start":{"line":62,"column":8},"end":{"line":62,"column":39}},"17":{"start":{"line":66,"column":8},"end":{"line":66,"column":39}},"18":{"start":{"line":70,"column":8},"end":{"line":70,"column":38}},"19":{"start":{"line":74,"column":8},"end":{"line":74,"column":58}},"20":{"start":{"line":78,"column":8},"end":{"line":78,"column":2183}},"21":{"start":{"line":79,"column":12},"end":{"line":79,"column":2241}},"22":{"start":{"line":80,"column":16},"end":{"line":80,"column":36}},"23":{"start":{"line":86,"column":8},"end":{"line":86,"column":49}},"24":{"start":{"line":92,"column":8},"end":{"line":92,"column":46}},"25":{"start":{"line":94,"column":8},"end":{"line":94,"column":28}},"26":{"start":{"line":98,"column":8},"end":{"line":98,"column":15}}},"branchMap":{"1":{"line":53,"type":"if","locations":[{"start":{"line":53,"column":8},"end":{"line":53,"column":8}},{"start":{"line":53,"column":8},"end":{"line":53,"column":8}}]},"2":{"line":79,"type":"if","locations":[{"start":{"line":79,"column":12},"end":{"line":79,"column":12}},{"start":{"line":79,"column":12},"end":{"line":79,"column":12}}]}}},"contracts/crowdsale/FinalizeAgent.sol":{"l":{"13":3},"path":"/Users/marcin/dev/mgordel/ethereum/algory-ico/contracts/crowdsale/FinalizeAgent.sol","s":{"1":3},"b":{},"f":{"1":3},"fnMap":{"1":{"name":"isFinalizeAgent","line":12,"loc":{"start":{"line":12,"column":2},"end":{"line":12,"column":58}}}},"statementMap":{"1":{"start":{"line":13,"column":4},"end":{"line":13,"column":15}}},"branchMap":{}},"contracts/crowdsale/InvestmentPolicyCrowdsale.sol":{"l":{"25":0,"33":0,"42":4,"49":0,"50":0,"52":0,"61":0,"71":0,"72":0,"73":0,"82":0,"83":0},"path":"/Users/marcin/dev/mgordel/ethereum/algory-ico/contracts/crowdsale/InvestmentPolicyCrowdsale.sol","s":{"1":0,"2":0,"3":4,"4":4,"5":4,"6":0,"7":0,"8":0,"9":0,"10":0,"11":0,"12":0,"13":0,"14":0,"15":0,"16":0,"17":0,"18":0,"19":0,"20":0,"21":0},"b":{"1":[4,0],"2":[4,0],"3":[0,0],"4":[0,0],"5":[0,0],"6":[0,0]},"f":{"1":0,"2":0,"3":4,"4":0,"5":0,"6":0,"7":0},"fnMap":{"1":{"name":"buyWithSignedAddress","line":24,"loc":{"start":{"line":24,"column":4},"end":{"line":24,"column":97}}},"2":{"name":"buyWithCustomerId","line":32,"loc":{"start":{"line":32,"column":4},"end":{"line":32,"column":63}}},"3":{"name":"invest","line":39,"loc":{"start":{"line":39,"column":4},"end":{"line":39,"column":46}}},"4":{"name":"investWithSignedAddress","line":48,"loc":{"start":{"line":48,"column":4},"end":{"line":48,"column":114}}},"5":{"name":"investWithCustomerId","line":58,"loc":{"start":{"line":58,"column":4},"end":{"line":58,"column":80}}},"6":{"name":"setRequireSignedAddress","line":70,"loc":{"start":{"line":70,"column":4},"end":{"line":70,"column":80}}},"7":{"name":"setRequireCustomerId","line":81,"loc":{"start":{"line":81,"column":4},"end":{"line":81,"column":53}}}},"statementMap":{"1":{"start":{"line":25,"column":8},"end":{"line":25,"column":63}},"2":{"start":{"line":33,"column":8},"end":{"line":33,"column":51}},"3":{"start":{"line":40,"column":8},"end":{"line":40,"column":33}},"4":{"start":{"line":41,"column":8},"end":{"line":41,"column":37}},"5":{"start":{"line":42,"column":8},"end":{"line":42,"column":30}},"6":{"start":{"line":49,"column":8},"end":{"line":49,"column":34}},"7":{"start":{"line":50,"column":8},"end":{"line":50,"column":63}},"8":{"start":{"line":50,"column":55},"end":{"line":50,"column":62}},"9":{"start":{"line":51,"column":8},"end":{"line":51,"column":36}},"10":{"start":{"line":51,"column":28},"end":{"line":51,"column":35}},"11":{"start":{"line":52,"column":8},"end":{"line":52,"column":39}},"12":{"start":{"line":59,"column":8},"end":{"line":59,"column":42}},"13":{"start":{"line":59,"column":34},"end":{"line":59,"column":41}},"14":{"start":{"line":60,"column":8},"end":{"line":60,"column":36}},"15":{"start":{"line":60,"column":28},"end":{"line":60,"column":35}},"16":{"start":{"line":61,"column":8},"end":{"line":61,"column":39}},"17":{"start":{"line":71,"column":8},"end":{"line":71,"column":36}},"18":{"start":{"line":72,"column":8},"end":{"line":72,"column":37}},"19":{"start":{"line":73,"column":8},"end":{"line":73,"column":87}},"20":{"start":{"line":82,"column":8},"end":{"line":82,"column":32}},"21":{"start":{"line":83,"column":8},"end":{"line":83,"column":87}}},"branchMap":{"1":{"line":40,"type":"if","locations":[{"start":{"line":40,"column":8},"end":{"line":40,"column":8}},{"start":{"line":40,"column":8},"end":{"line":40,"column":8}}]},"2":{"line":41,"type":"if","locations":[{"start":{"line":41,"column":8},"end":{"line":41,"column":8}},{"start":{"line":41,"column":8},"end":{"line":41,"column":8}}]},"3":{"line":50,"type":"if","locations":[{"start":{"line":50,"column":8},"end":{"line":50,"column":8}},{"start":{"line":50,"column":8},"end":{"line":50,"column":8}}]},"4":{"line":51,"type":"if","locations":[{"start":{"line":51,"column":8},"end":{"line":51,"column":8}},{"start":{"line":51,"column":8},"end":{"line":51,"column":8}}]},"5":{"line":59,"type":"if","locations":[{"start":{"line":59,"column":8},"end":{"line":59,"column":8}},{"start":{"line":59,"column":8},"end":{"line":59,"column":8}}]},"6":{"line":60,"type":"if","locations":[{"start":{"line":60,"column":8},"end":{"line":60,"column":8}},{"start":{"line":60,"column":8},"end":{"line":60,"column":8}}]}}},"contracts/crowdsale/NullFinalizeAgent.sol":{"l":{"17":0,"21":0},"path":"/Users/marcin/dev/mgordel/ethereum/algory-ico/contracts/crowdsale/NullFinalizeAgent.sol","s":{"1":0,"2":0},"b":{},"f":{"1":0,"2":0,"3":0},"fnMap":{"1":{"name":"NullFinalizeAgent","line":16,"loc":{"start":{"line":16,"column":4},"end":{"line":16,"column":56}}},"2":{"name":"isSane","line":20,"loc":{"start":{"line":20,"column":4},"end":{"line":20,"column":50}}},"3":{"name":"finalizeCrowdsale","line":25,"loc":{"start":{"line":25,"column":4},"end":{"line":25,"column":37}}}},"statementMap":{"1":{"start":{"line":17,"column":8},"end":{"line":17,"column":29}},"2":{"start":{"line":21,"column":8},"end":{"line":21,"column":57}}},"branchMap":{}},"contracts/crowdsale/PricingStrategy.sol":{"l":{"13":2,"17":8},"path":"/Users/marcin/dev/mgordel/ethereum/algory-ico/contracts/crowdsale/PricingStrategy.sol","s":{"1":2,"2":8},"b":{},"f":{"1":2,"2":8},"fnMap":{"1":{"name":"isPricingStrategy","line":12,"loc":{"start":{"line":12,"column":2},"end":{"line":12,"column":61}}},"2":{"name":"getPresaleMaxValue","line":16,"loc":{"start":{"line":16,"column":2},"end":{"line":16,"column":62}}}},"statementMap":{"1":{"start":{"line":13,"column":4},"end":{"line":13,"column":15}},"2":{"start":{"line":17,"column":4},"end":{"line":17,"column":26}}},"branchMap":{}},"contracts/math/SafeMath.sol":{"l":{"8":0,"9":0,"10":0,"14":0,"15":0,"16":0,"17":0,"21":0,"22":0,"26":0,"27":0,"28":0,"32":0,"36":0,"40":0,"44":0},"path":"/Users/marcin/dev/mgordel/ethereum/algory-ico/contracts/math/SafeMath.sol","s":{"1":0,"2":0,"3":0,"4":0,"5":0,"6":0,"7":0,"8":0,"9":0,"10":0,"11":0,"12":0,"13":0,"14":0,"15":0,"16":0},"b":{"1":[0,0],"2":[0,0],"3":[0,0],"4":[0,0],"5":[0,0]},"f":{"1":0,"2":0,"3":0,"4":0,"5":0,"6":0,"7":0,"8":0},"fnMap":{"1":{"name":"safeMul","line":7,"loc":{"start":{"line":7,"column":2},"end":{"line":7,"column":58}}},"2":{"name":"safeDiv","line":13,"loc":{"start":{"line":13,"column":2},"end":{"line":13,"column":58}}},"3":{"name":"safeSub","line":20,"loc":{"start":{"line":20,"column":2},"end":{"line":20,"column":58}}},"4":{"name":"safeAdd","line":25,"loc":{"start":{"line":25,"column":2},"end":{"line":25,"column":58}}},"5":{"name":"max64","line":31,"loc":{"start":{"line":31,"column":2},"end":{"line":31,"column":71}}},"6":{"name":"min64","line":35,"loc":{"start":{"line":35,"column":2},"end":{"line":35,"column":71}}},"7":{"name":"max256","line":39,"loc":{"start":{"line":39,"column":2},"end":{"line":39,"column":75}}},"8":{"name":"min256","line":43,"loc":{"start":{"line":43,"column":2},"end":{"line":43,"column":75}}}},"statementMap":{"1":{"start":{"line":8,"column":4},"end":{"line":8,"column":17}},"2":{"start":{"line":9,"column":4},"end":{"line":9,"column":31}},"3":{"start":{"line":10,"column":4},"end":{"line":10,"column":12}},"4":{"start":{"line":14,"column":4},"end":{"line":14,"column":16}},"5":{"start":{"line":15,"column":4},"end":{"line":15,"column":17}},"6":{"start":{"line":16,"column":4},"end":{"line":16,"column":29}},"7":{"start":{"line":17,"column":4},"end":{"line":17,"column":12}},"8":{"start":{"line":21,"column":4},"end":{"line":21,"column":17}},"9":{"start":{"line":22,"column":4},"end":{"line":22,"column":16}},"10":{"start":{"line":26,"column":4},"end":{"line":26,"column":17}},"11":{"start":{"line":27,"column":4},"end":{"line":27,"column":23}},"12":{"start":{"line":28,"column":4},"end":{"line":28,"column":12}},"13":{"start":{"line":32,"column":4},"end":{"line":32,"column":25}},"14":{"start":{"line":36,"column":4},"end":{"line":36,"column":24}},"15":{"start":{"line":40,"column":4},"end":{"line":40,"column":25}},"16":{"start":{"line":44,"column":4},"end":{"line":44,"column":24}}},"branchMap":{"1":{"line":9,"type":"if","locations":[{"start":{"line":9,"column":4},"end":{"line":9,"column":4}},{"start":{"line":9,"column":4},"end":{"line":9,"column":4}}]},"2":{"line":14,"type":"if","locations":[{"start":{"line":14,"column":4},"end":{"line":14,"column":4}},{"start":{"line":14,"column":4},"end":{"line":14,"column":4}}]},"3":{"line":16,"type":"if","locations":[{"start":{"line":16,"column":4},"end":{"line":16,"column":4}},{"start":{"line":16,"column":4},"end":{"line":16,"column":4}}]},"4":{"line":21,"type":"if","locations":[{"start":{"line":21,"column":4},"end":{"line":21,"column":4}},{"start":{"line":21,"column":4},"end":{"line":21,"column":4}}]},"5":{"line":27,"type":"if","locations":[{"start":{"line":27,"column":4},"end":{"line":27,"column":4}},{"start":{"line":27,"column":4},"end":{"line":27,"column":4}}]}}},"contracts/math/SafeMathLib.sol":{"l":{"16":0,"17":0,"18":0,"22":0,"23":0,"27":18,"28":18,"29":18},"path":"/Users/marcin/dev/mgordel/ethereum/algory-ico/contracts/math/SafeMathLib.sol","s":{"1":0,"2":0,"3":0,"4":0,"5":0,"6":18,"7":18,"8":18},"b":{"1":[0,0],"2":[0,0],"3":[18,0]},"f":{"1":0,"2":0,"3":18},"fnMap":{"1":{"name":"times","line":15,"loc":{"start":{"line":15,"column":2},"end":{"line":15,"column":47}}},"2":{"name":"minus","line":21,"loc":{"start":{"line":21,"column":2},"end":{"line":21,"column":47}}},"3":{"name":"plus","line":26,"loc":{"start":{"line":26,"column":2},"end":{"line":26,"column":46}}}},"statementMap":{"1":{"start":{"line":16,"column":4},"end":{"line":16,"column":17}},"2":{"start":{"line":17,"column":4},"end":{"line":17,"column":31}},"3":{"start":{"line":18,"column":4},"end":{"line":18,"column":12}},"4":{"start":{"line":22,"column":4},"end":{"line":22,"column":17}},"5":{"start":{"line":23,"column":4},"end":{"line":23,"column":16}},"6":{"start":{"line":27,"column":4},"end":{"line":27,"column":17}},"7":{"start":{"line":28,"column":4},"end":{"line":28,"column":15}},"8":{"start":{"line":29,"column":4},"end":{"line":29,"column":12}}},"branchMap":{"1":{"line":17,"type":"if","locations":[{"start":{"line":17,"column":4},"end":{"line":17,"column":4}},{"start":{"line":17,"column":4},"end":{"line":17,"column":4}}]},"2":{"line":22,"type":"if","locations":[{"start":{"line":22,"column":4},"end":{"line":22,"column":4}},{"start":{"line":22,"column":4},"end":{"line":22,"column":4}}]},"3":{"line":28,"type":"if","locations":[{"start":{"line":28,"column":4},"end":{"line":28,"column":4}},{"start":{"line":28,"column":4},"end":{"line":28,"column":4}}]}}},"contracts/ownership/Haltable.sol":{"l":{"17":4,"18":4,"22":0,"23":0,"27":0,"28":0,"33":0,"38":0},"path":"/Users/marcin/dev/mgordel/ethereum/algory-ico/contracts/ownership/Haltable.sol","s":{"1":4,"2":0,"3":0,"4":0,"5":0,"6":0,"7":0,"8":0},"b":{"1":[0,4],"2":[0,0],"3":[0,0]},"f":{"1":4,"2":0,"3":0,"4":0,"5":0},"fnMap":{"1":{"name":"stopInEmergency","line":16,"loc":{"start":{"line":16,"column":2},"end":{"line":16,"column":26}}},"2":{"name":"stopNonOwnersInEmergency","line":21,"loc":{"start":{"line":21,"column":2},"end":{"line":21,"column":35}}},"3":{"name":"onlyInEmergency","line":26,"loc":{"start":{"line":26,"column":2},"end":{"line":26,"column":26}}},"4":{"name":"halt","line":32,"loc":{"start":{"line":32,"column":2},"end":{"line":32,"column":36}}},"5":{"name":"unhalt","line":37,"loc":{"start":{"line":37,"column":2},"end":{"line":37,"column":54}}}},"statementMap":{"1":{"start":{"line":17,"column":4},"end":{"line":17,"column":24}},"2":{"start":{"line":17,"column":16},"end":{"line":17,"column":23}},"3":{"start":{"line":22,"column":4},"end":{"line":22,"column":47}},"4":{"start":{"line":22,"column":39},"end":{"line":22,"column":46}},"5":{"start":{"line":27,"column":4},"end":{"line":27,"column":25}},"6":{"start":{"line":27,"column":17},"end":{"line":27,"column":24}},"7":{"start":{"line":33,"column":4},"end":{"line":33,"column":16}},"8":{"start":{"line":38,"column":4},"end":{"line":38,"column":17}}},"branchMap":{"1":{"line":17,"type":"if","locations":[{"start":{"line":17,"column":4},"end":{"line":17,"column":4}},{"start":{"line":17,"column":4},"end":{"line":17,"column":4}}]},"2":{"line":22,"type":"if","locations":[{"start":{"line":22,"column":4},"end":{"line":22,"column":4}},{"start":{"line":22,"column":4},"end":{"line":22,"column":4}}]},"3":{"line":27,"type":"if","locations":[{"start":{"line":27,"column":4},"end":{"line":27,"column":4}},{"start":{"line":27,"column":4},"end":{"line":27,"column":4}}]}}},"contracts/ownership/Ownable.sol":{"l":{"17":5,"25":35,"26":35,"35":0,"36":0},"path":"/Users/marcin/dev/mgordel/ethereum/algory-ico/contracts/ownership/Ownable.sol","s":{"1":5,"2":35,"3":0,"4":0},"b":{"1":[35,0],"2":[0,0]},"f":{"1":5,"2":35,"3":0},"fnMap":{"1":{"name":"Ownable","line":16,"loc":{"start":{"line":16,"column":2},"end":{"line":16,"column":20}}},"2":{"name":"onlyOwner","line":24,"loc":{"start":{"line":24,"column":2},"end":{"line":24,"column":22}}},"3":{"name":"transferOwnership","line":34,"loc":{"start":{"line":34,"column":2},"end":{"line":34,"column":56}}}},"statementMap":{"1":{"start":{"line":17,"column":4},"end":{"line":17,"column":21}},"2":{"start":{"line":25,"column":4},"end":{"line":25,"column":31}},"3":{"start":{"line":35,"column":4},"end":{"line":35,"column":34}},"4":{"start":{"line":36,"column":4},"end":{"line":36,"column":19}}},"branchMap":{"1":{"line":25,"type":"if","locations":[{"start":{"line":25,"column":4},"end":{"line":25,"column":4}},{"start":{"line":25,"column":4},"end":{"line":25,"column":4}}]},"2":{"line":35,"type":"if","locations":[{"start":{"line":35,"column":4},"end":{"line":35,"column":4}},{"start":{"line":35,"column":4},"end":{"line":35,"column":4}}]}}},"contracts/token/AlgoryToken.sol":{"l":{"30":1,"31":1,"34":1,"36":1,"37":1,"45":0,"52":0,"65":1,"66":1,"68":1},"path":"/Users/marcin/dev/mgordel/ethereum/algory-ico/contracts/token/AlgoryToken.sol","s":{"1":1,"2":1,"3":1,"4":1,"5":1,"6":0,"7":1,"8":1,"9":1},"b":{"1":[1,0]},"f":{"1":1,"2":0,"3":0,"4":1},"fnMap":{"1":{"name":"AlgoryToken","line":28,"loc":{"start":{"line":28,"column":4},"end":{"line":28,"column":72}}},"2":{"name":"releaseTokenTransfer","line":44,"loc":{"start":{"line":44,"column":4},"end":{"line":44,"column":57}}},"3":{"name":"canUpgrade","line":51,"loc":{"start":{"line":51,"column":4},"end":{"line":51,"column":53}}},"4":{"name":"setTokenInformation","line":64,"loc":{"start":{"line":64,"column":4},"end":{"line":64,"column":70}}}},"statementMap":{"1":{"start":{"line":30,"column":8},"end":{"line":30,"column":25}},"2":{"start":{"line":31,"column":8},"end":{"line":31,"column":35}},"3":{"start":{"line":34,"column":8},"end":{"line":34,"column":36}},"4":{"start":{"line":36,"column":8},"end":{"line":36,"column":971}},"5":{"start":{"line":37,"column":12},"end":{"line":37,"column":37}},"6":{"start":{"line":52,"column":8},"end":{"line":52,"column":45}},"7":{"start":{"line":65,"column":8},"end":{"line":65,"column":19}},"8":{"start":{"line":66,"column":8},"end":{"line":66,"column":23}},"9":{"start":{"line":68,"column":8},"end":{"line":68,"column":44}}},"branchMap":{"1":{"line":36,"type":"if","locations":[{"start":{"line":36,"column":8},"end":{"line":36,"column":8}},{"start":{"line":36,"column":8},"end":{"line":36,"column":8}}]}}},"contracts/token/BurnableToken.sol":{"l":{"17":0,"18":0,"19":0,"20":0},"path":"/Users/marcin/dev/mgordel/ethereum/algory-ico/contracts/token/BurnableToken.sol","s":{"1":0,"2":0,"3":0,"4":0},"b":{},"f":{"1":0},"fnMap":{"1":{"name":"burn","line":16,"loc":{"start":{"line":16,"column":4},"end":{"line":16,"column":32}}}},"statementMap":{"1":{"start":{"line":17,"column":8},"end":{"line":17,"column":34}},"2":{"start":{"line":18,"column":8},"end":{"line":18,"column":63}},"3":{"start":{"line":19,"column":8},"end":{"line":19,"column":53}},"4":{"start":{"line":20,"column":8},"end":{"line":20,"column":33}}},"branchMap":{}},"contracts/token/ERC20.sol":{"l":{},"path":"/Users/marcin/dev/mgordel/ethereum/algory-ico/contracts/token/ERC20.sol","s":{},"b":{},"f":{},"fnMap":{},"statementMap":{},"branchMap":{}},"contracts/token/ERC20Basic.sol":{"l":{},"path":"/Users/marcin/dev/mgordel/ethereum/algory-ico/contracts/token/ERC20Basic.sol","s":{},"b":{},"f":{},"fnMap":{},"statementMap":{},"branchMap":{}},"contracts/token/FractionalERC20.sol":{"l":{},"path":"/Users/marcin/dev/mgordel/ethereum/algory-ico/contracts/token/FractionalERC20.sol","s":{},"b":{},"f":{},"fnMap":{},"statementMap":{},"branchMap":{}},"contracts/token/ReleasableToken.sol":{"l":{"26":0,"27":0,"28":0,"32":0,"43":2,"50":0,"59":0,"64":2,"65":0,"67":2,"72":0,"73":0,"75":0,"80":0,"85":0},"path":"/Users/marcin/dev/mgordel/ethereum/algory-ico/contracts/token/ReleasableToken.sol","s":{"1":0,"2":0,"3":0,"4":2,"5":0,"6":0,"7":2,"8":0,"9":0,"10":0,"11":0,"12":0},"b":{"1":[0,0],"2":[0,0],"3":[0,2],"4":[0,0]},"f":{"1":0,"2":2,"3":0,"4":0,"5":2,"6":0,"7":0,"8":0},"fnMap":{"1":{"name":"canTransfer","line":24,"loc":{"start":{"line":24,"column":4},"end":{"line":24,"column":39}}},"2":{"name":"setReleaseAgent","line":40,"loc":{"start":{"line":40,"column":4},"end":{"line":40,"column":79}}},"3":{"name":"setTransferAgent","line":49,"loc":{"start":{"line":49,"column":4},"end":{"line":49,"column":92}}},"4":{"name":"releaseTokenTransfer","line":58,"loc":{"start":{"line":58,"column":4},"end":{"line":58,"column":57}}},"5":{"name":"inReleaseState","line":63,"loc":{"start":{"line":63,"column":4},"end":{"line":63,"column":44}}},"6":{"name":"onlyReleaseAgent","line":71,"loc":{"start":{"line":71,"column":4},"end":{"line":71,"column":29}}},"7":{"name":"transfer","line":78,"loc":{"start":{"line":78,"column":4},"end":{"line":78,"column":92}}},"8":{"name":"transferFrom","line":83,"loc":{"start":{"line":83,"column":4},"end":{"line":83,"column":106}}}},"statementMap":{"1":{"start":{"line":26,"column":8},"end":{"line":26,"column":860}},"2":{"start":{"line":27,"column":12},"end":{"line":27,"column":892}},"3":{"start":{"line":28,"column":16},"end":{"line":28,"column":23}},"4":{"start":{"line":43,"column":8},"end":{"line":43,"column":26}},"5":{"start":{"line":50,"column":8},"end":{"line":50,"column":35}},"6":{"start":{"line":59,"column":8},"end":{"line":59,"column":22}},"7":{"start":{"line":64,"column":8},"end":{"line":64,"column":2160}},"8":{"start":{"line":65,"column":12},"end":{"line":65,"column":19}},"9":{"start":{"line":72,"column":8},"end":{"line":72,"column":2358}},"10":{"start":{"line":73,"column":12},"end":{"line":73,"column":19}},"11":{"start":{"line":80,"column":8},"end":{"line":80,"column":42}},"12":{"start":{"line":85,"column":8},"end":{"line":85,"column":53}}},"branchMap":{"1":{"line":26,"type":"if","locations":[{"start":{"line":26,"column":8},"end":{"line":26,"column":8}},{"start":{"line":26,"column":8},"end":{"line":26,"column":8}}]},"2":{"line":27,"type":"if","locations":[{"start":{"line":27,"column":12},"end":{"line":27,"column":12}},{"start":{"line":27,"column":12},"end":{"line":27,"column":12}}]},"3":{"line":64,"type":"if","locations":[{"start":{"line":64,"column":8},"end":{"line":64,"column":8}},{"start":{"line":64,"column":8},"end":{"line":64,"column":8}}]},"4":{"line":72,"type":"if","locations":[{"start":{"line":72,"column":8},"end":{"line":72,"column":8}},{"start":{"line":72,"column":8},"end":{"line":72,"column":8}}]}}},"contracts/token/StandardToken.sol":{"l":{"25":0,"29":0,"30":0,"31":0,"32":0,"36":0,"38":0,"39":0,"40":0,"41":0,"42":0,"46":1,"55":1,"57":1,"58":1,"59":1,"63":5},"path":"/Users/marcin/dev/mgordel/ethereum/algory-ico/contracts/token/StandardToken.sol","s":{"1":0,"2":0,"3":0,"4":0,"5":0,"6":0,"7":0,"8":0,"9":0,"10":0,"11":0,"12":1,"13":1,"14":0,"15":1,"16":1,"17":1,"18":5},"b":{"1":[0,1]},"f":{"1":0,"2":0,"3":0,"4":1,"5":1,"6":5},"fnMap":{"1":{"name":"isToken","line":24,"loc":{"start":{"line":24,"column":2},"end":{"line":24,"column":57}}},"2":{"name":"transfer","line":28,"loc":{"start":{"line":28,"column":2},"end":{"line":28,"column":68}}},"3":{"name":"transferFrom","line":35,"loc":{"start":{"line":35,"column":2},"end":{"line":35,"column":87}}},"4":{"name":"balanceOf","line":45,"loc":{"start":{"line":45,"column":2},"end":{"line":45,"column":68}}},"5":{"name":"approve","line":49,"loc":{"start":{"line":49,"column":2},"end":{"line":49,"column":72}}},"6":{"name":"allowance","line":62,"loc":{"start":{"line":62,"column":2},"end":{"line":62,"column":88}}}},"statementMap":{"1":{"start":{"line":25,"column":4},"end":{"line":25,"column":15}},"2":{"start":{"line":29,"column":4},"end":{"line":29,"column":63}},"3":{"start":{"line":30,"column":4},"end":{"line":30,"column":49}},"4":{"start":{"line":31,"column":4},"end":{"line":31,"column":36}},"5":{"start":{"line":32,"column":4},"end":{"line":32,"column":15}},"6":{"start":{"line":36,"column":4},"end":{"line":36,"column":47}},"7":{"start":{"line":38,"column":4},"end":{"line":38,"column":49}},"8":{"start":{"line":39,"column":4},"end":{"line":39,"column":53}},"9":{"start":{"line":40,"column":4},"end":{"line":40,"column":59}},"10":{"start":{"line":41,"column":4},"end":{"line":41,"column":31}},"11":{"start":{"line":42,"column":4},"end":{"line":42,"column":15}},"12":{"start":{"line":46,"column":4},"end":{"line":46,"column":27}},"13":{"start":{"line":55,"column":4},"end":{"line":55,"column":71}},"14":{"start":{"line":55,"column":63},"end":{"line":55,"column":70}},"15":{"start":{"line":57,"column":4},"end":{"line":57,"column":41}},"16":{"start":{"line":58,"column":4},"end":{"line":58,"column":41}},"17":{"start":{"line":59,"column":4},"end":{"line":59,"column":15}},"18":{"start":{"line":63,"column":4},"end":{"line":63,"column":36}}},"branchMap":{"1":{"line":55,"type":"if","locations":[{"start":{"line":55,"column":4},"end":{"line":55,"column":4}},{"start":{"line":55,"column":4},"end":{"line":55,"column":4}}]}}},"contracts/token/UpgradeableToken.sol":{"l":{"47":1,"55":0,"56":0,"58":0,"62":0,"64":0,"67":0,"68":0,"71":0,"72":0,"80":0,"82":0,"85":0,"87":0,"89":0,"91":0,"94":0,"96":0,"98":0,"105":0,"117":0,"118":0,"119":0,"126":0},"path":"/Users/marcin/dev/mgordel/ethereum/algory-ico/contracts/token/UpgradeableToken.sol","s":{"1":1,"2":0,"3":0,"4":0,"5":0,"6":0,"7":0,"8":0,"9":0,"10":0,"11":0,"12":0,"13":0,"14":0,"15":0,"16":0,"17":0,"18":0,"19":0,"20":0,"21":0,"22":0,"23":0,"24":0,"25":0,"26":0,"27":0,"28":0,"29":0,"30":0,"31":0,"32":0,"33":0,"34":0,"35":0,"36":0,"37":0},"b":{"1":[0,0],"2":[0,0],"3":[0,0],"4":[0,0],"5":[0,0],"6":[0,0],"7":[0,0],"8":[0,0],"9":[0,0],"10":[0,0],"11":[0,0],"12":[0,0],"13":[0,0]},"f":{"1":1,"2":0,"3":0,"4":0,"5":0,"6":0},"fnMap":{"1":{"name":"UpgradeableToken","line":46,"loc":{"start":{"line":46,"column":4},"end":{"line":46,"column":51}}},"2":{"name":"upgrade","line":53,"loc":{"start":{"line":53,"column":4},"end":{"line":53,"column":40}}},"3":{"name":"setUpgradeAgent","line":78,"loc":{"start":{"line":78,"column":4},"end":{"line":78,"column":50}}},"4":{"name":"getUpgradeState","line":104,"loc":{"start":{"line":104,"column":4},"end":{"line":104,"column":66}}},"5":{"name":"setUpgradeMaster","line":116,"loc":{"start":{"line":116,"column":4},"end":{"line":116,"column":50}}},"6":{"name":"canUpgrade","line":125,"loc":{"start":{"line":125,"column":4},"end":{"line":125,"column":53}}}},"statementMap":{"1":{"start":{"line":47,"column":8},"end":{"line":47,"column":37}},"2":{"start":{"line":55,"column":8},"end":{"line":55,"column":45}},"3":{"start":{"line":56,"column":8},"end":{"line":56,"column":1791}},"4":{"start":{"line":58,"column":12},"end":{"line":58,"column":19}},"5":{"start":{"line":62,"column":8},"end":{"line":62,"column":32}},"6":{"start":{"line":62,"column":24},"end":{"line":62,"column":31}},"7":{"start":{"line":64,"column":8},"end":{"line":64,"column":66}},"8":{"start":{"line":67,"column":8},"end":{"line":67,"column":48}},"9":{"start":{"line":68,"column":8},"end":{"line":68,"column":52}},"10":{"start":{"line":72,"column":8},"end":{"line":72,"column":47}},"11":{"start":{"line":80,"column":8},"end":{"line":80,"column":2507}},"12":{"start":{"line":82,"column":12},"end":{"line":82,"column":19}},"13":{"start":{"line":85,"column":8},"end":{"line":85,"column":34}},"14":{"start":{"line":85,"column":26},"end":{"line":85,"column":33}},"15":{"start":{"line":87,"column":8},"end":{"line":87,"column":49}},"16":{"start":{"line":87,"column":41},"end":{"line":87,"column":48}},"17":{"start":{"line":89,"column":8},"end":{"line":89,"column":65}},"18":{"start":{"line":89,"column":57},"end":{"line":89,"column":64}},"19":{"start":{"line":91,"column":8},"end":{"line":91,"column":41}},"20":{"start":{"line":94,"column":8},"end":{"line":94,"column":51}},"21":{"start":{"line":94,"column":43},"end":{"line":94,"column":50}},"22":{"start":{"line":96,"column":8},"end":{"line":96,"column":66}},"23":{"start":{"line":96,"column":58},"end":{"line":96,"column":65}},"24":{"start":{"line":98,"column":8},"end":{"line":98,"column":36}},"25":{"start":{"line":105,"column":8},"end":{"line":105,"column":3374}},"26":{"start":{"line":105,"column":26},"end":{"line":105,"column":56}},"27":{"start":{"line":106,"column":13},"end":{"line":106,"column":3437}},"28":{"start":{"line":106,"column":47},"end":{"line":106,"column":82}},"29":{"start":{"line":107,"column":13},"end":{"line":107,"column":3521}},"30":{"start":{"line":107,"column":36},"end":{"line":107,"column":70}},"31":{"start":{"line":108,"column":13},"end":{"line":108,"column":42}},"32":{"start":{"line":117,"column":8},"end":{"line":117,"column":35}},"33":{"start":{"line":117,"column":27},"end":{"line":117,"column":34}},"34":{"start":{"line":118,"column":8},"end":{"line":118,"column":49}},"35":{"start":{"line":118,"column":41},"end":{"line":118,"column":48}},"36":{"start":{"line":119,"column":8},"end":{"line":119,"column":29}},"37":{"start":{"line":126,"column":8},"end":{"line":126,"column":19}}},"branchMap":{"1":{"line":56,"type":"if","locations":[{"start":{"line":56,"column":8},"end":{"line":56,"column":8}},{"start":{"line":56,"column":8},"end":{"line":56,"column":8}}]},"2":{"line":62,"type":"if","locations":[{"start":{"line":62,"column":8},"end":{"line":62,"column":8}},{"start":{"line":62,"column":8},"end":{"line":62,"column":8}}]},"3":{"line":80,"type":"if","locations":[{"start":{"line":80,"column":8},"end":{"line":80,"column":8}},{"start":{"line":80,"column":8},"end":{"line":80,"column":8}}]},"4":{"line":85,"type":"if","locations":[{"start":{"line":85,"column":8},"end":{"line":85,"column":8}},{"start":{"line":85,"column":8},"end":{"line":85,"column":8}}]},"5":{"line":87,"type":"if","locations":[{"start":{"line":87,"column":8},"end":{"line":87,"column":8}},{"start":{"line":87,"column":8},"end":{"line":87,"column":8}}]},"6":{"line":89,"type":"if","locations":[{"start":{"line":89,"column":8},"end":{"line":89,"column":8}},{"start":{"line":89,"column":8},"end":{"line":89,"column":8}}]},"7":{"line":94,"type":"if","locations":[{"start":{"line":94,"column":8},"end":{"line":94,"column":8}},{"start":{"line":94,"column":8},"end":{"line":94,"column":8}}]},"8":{"line":96,"type":"if","locations":[{"start":{"line":96,"column":8},"end":{"line":96,"column":8}},{"start":{"line":96,"column":8},"end":{"line":96,"column":8}}]},"9":{"line":105,"type":"if","locations":[{"start":{"line":105,"column":8},"end":{"line":105,"column":8}},{"start":{"line":105,"column":8},"end":{"line":105,"column":8}}]},"10":{"line":106,"type":"if","locations":[{"start":{"line":106,"column":13},"end":{"line":106,"column":13}},{"start":{"line":106,"column":13},"end":{"line":106,"column":13}}]},"11":{"line":107,"type":"if","locations":[{"start":{"line":107,"column":13},"end":{"line":107,"column":13}},{"start":{"line":107,"column":13},"end":{"line":107,"column":13}}]},"12":{"line":117,"type":"if","locations":[{"start":{"line":117,"column":8},"end":{"line":117,"column":8}},{"start":{"line":117,"column":8},"end":{"line":117,"column":8}}]},"13":{"line":118,"type":"if","locations":[{"start":{"line":118,"column":8},"end":{"line":118,"column":8}},{"start":{"line":118,"column":8},"end":{"line":118,"column":8}}]}}},"contracts/token/UpgradeAgent.sol":{"l":{"15":0},"path":"/Users/marcin/dev/mgordel/ethereum/algory-ico/contracts/token/UpgradeAgent.sol","s":{"1":0},"b":{},"f":{"1":0},"fnMap":{"1":{"name":"isUpgradeAgent","line":14,"loc":{"start":{"line":14,"column":4},"end":{"line":14,"column":58}}}},"statementMap":{"1":{"start":{"line":15,"column":8},"end":{"line":15,"column":19}}},"branchMap":{}},"contracts/wallet/MultiSigWallet.sol":{"l":{"47":0,"48":0,"49":0,"53":0,"54":0,"55":0,"59":0,"60":0,"61":0,"65":0,"66":0,"67":0,"71":0,"72":0,"73":0,"77":0,"78":0,"79":0,"83":0,"84":0,"85":0,"89":0,"90":0,"91":0,"95":1,"99":0,"100":1,"107":0,"108":0,"121":1,"122":3,"123":0,"124":3,"126":1,"127":1,"139":0,"140":0,"141":0,"151":0,"152":0,"153":0,"154":0,"155":0,"157":0,"158":0,"159":0,"160":0,"172":0,"173":0,"174":0,"175":0,"177":0,"178":0,"179":0,"180":0,"190":0,"191":0,"203":0,"204":0,"215":0,"216":0,"217":0,"228":0,"229":0,"240":0,"241":0,"242":0,"243":0,"244":0,"246":0,"247":0,"260":0,"261":0,"262":0,"263":0,"264":0,"265":0,"282":0,"283":0,"289":0,"290":0,"304":0,"305":0,"306":0,"318":0,"319":0,"321":0,"331":0,"342":0,"343":0,"344":0,"345":0,"346":0,"347":0,"348":0,"350":0,"351":0,"352":0,"366":0,"367":0,"368":0,"369":0,"370":0,"373":0,"374":0,"376":0,"377":0,"378":0},"path":"/Users/marcin/dev/mgordel/ethereum/algory-ico/contracts/wallet/MultiSigWallet.sol","s":{"1":0,"2":0,"3":0,"4":0,"5":0,"6":0,"7":0,"8":0,"9":0,"10":0,"11":0,"12":0,"13":0,"14":0,"15":0,"16":0,"17":1,"18":0,"19":0,"20":0,"21":1,"22":3,"23":0,"24":3,"25":1,"26":1,"27":0,"28":0,"29":0,"30":0,"31":0,"32":0,"33":0,"34":0,"35":0,"36":0,"37":0,"38":0,"39":0,"40":0,"41":0,"42":0,"43":0,"44":0,"45":0,"46":0,"47":0,"48":0,"49":0,"50":0,"51":0,"52":0,"53":0,"54":0,"55":0,"56":0,"57":0,"58":0,"59":0,"60":0,"61":0,"62":0,"63":0,"64":0,"65":0,"66":0,"67":0,"68":0,"69":0,"70":0,"71":0,"72":0,"73":0,"74":0,"75":0,"76":0,"77":0,"78":0,"79":0,"80":0,"81":0,"82":0,"83":0,"84":0,"85":0,"86":0,"87":0,"88":0,"89":0,"90":0,"91":0,"92":0,"93":0,"94":0},"b":{"1":[0,0],"2":[0,0],"3":[0,0],"4":[0,0],"5":[0,0],"6":[0,0],"7":[0,0],"8":[0,0],"9":[0,1],"10":[0,0],"11":[0,3],"12":[0,0],"13":[0,0],"14":[0,0],"15":[0,0],"16":[0,0],"17":[0,0],"18":[0,0],"19":[0,0],"20":[0,0],"21":[0,0],"22":[0,0]},"f":{"1":0,"2":0,"3":0,"4":0,"5":0,"6":0,"7":0,"8":0,"9":1,"10":0,"11":1,"12":0,"13":0,"14":0,"15":0,"16":0,"17":0,"18":0,"19":0,"20":0,"21":0,"22":0,"23":0,"24":0,"25":0,"26":0},"fnMap":{"1":{"name":"onlyWallet","line":46,"loc":{"start":{"line":46,"column":4},"end":{"line":46,"column":23}}},"2":{"name":"ownerDoesNotExist","line":52,"loc":{"start":{"line":52,"column":4},"end":{"line":52,"column":43}}},"3":{"name":"ownerExists","line":58,"loc":{"start":{"line":58,"column":4},"end":{"line":58,"column":37}}},"4":{"name":"transactionExists","line":64,"loc":{"start":{"line":64,"column":4},"end":{"line":64,"column":48}}},"5":{"name":"confirmed","line":70,"loc":{"start":{"line":70,"column":4},"end":{"line":70,"column":55}}},"6":{"name":"notConfirmed","line":76,"loc":{"start":{"line":76,"column":4},"end":{"line":76,"column":58}}},"7":{"name":"notExecuted","line":82,"loc":{"start":{"line":82,"column":4},"end":{"line":82,"column":42}}},"8":{"name":"notNull","line":88,"loc":{"start":{"line":88,"column":4},"end":{"line":88,"column":36}}},"9":{"name":"validRequirement","line":94,"loc":{"start":{"line":94,"column":4},"end":{"line":94,"column":60}}},"10":{"name":null,"line":104,"loc":{"start":{"line":104,"column":4},"end":{"line":106,"column":5}}},"11":{"name":"MultiSigWallet","line":117,"loc":{"start":{"line":117,"column":4},"end":{"line":120,"column":5}}},"12":{"name":"addOwner","line":132,"loc":{"start":{"line":132,"column":4},"end":{"line":138,"column":5}}},"13":{"name":"removeOwner","line":146,"loc":{"start":{"line":146,"column":4},"end":{"line":150,"column":5}}},"14":{"name":"replaceOwner","line":166,"loc":{"start":{"line":166,"column":4},"end":{"line":171,"column":5}}},"15":{"name":"changeRequirement","line":185,"loc":{"start":{"line":185,"column":4},"end":{"line":189,"column":5}}},"16":{"name":"submitTransaction","line":199,"loc":{"start":{"line":199,"column":4},"end":{"line":202,"column":5}}},"17":{"name":"confirmTransaction","line":209,"loc":{"start":{"line":209,"column":4},"end":{"line":214,"column":5}}},"18":{"name":"revokeConfirmation","line":222,"loc":{"start":{"line":222,"column":4},"end":{"line":227,"column":5}}},"19":{"name":"executeTransaction","line":234,"loc":{"start":{"line":234,"column":4},"end":{"line":239,"column":5}}},"20":{"name":"isConfirmed","line":255,"loc":{"start":{"line":255,"column":4},"end":{"line":259,"column":5}}},"21":{"name":"addTransaction","line":277,"loc":{"start":{"line":277,"column":4},"end":{"line":281,"column":5}}},"22":{"name":"getConfirmationCount","line":299,"loc":{"start":{"line":299,"column":4},"end":{"line":303,"column":5}}},"23":{"name":"getTransactionCount","line":313,"loc":{"start":{"line":313,"column":4},"end":{"line":317,"column":5}}},"24":{"name":"getOwners","line":326,"loc":{"start":{"line":326,"column":4},"end":{"line":330,"column":5}}},"25":{"name":"getConfirmations","line":337,"loc":{"start":{"line":337,"column":4},"end":{"line":341,"column":5}}},"26":{"name":"getTransactionIds","line":361,"loc":{"start":{"line":361,"column":4},"end":{"line":365,"column":5}}}},"statementMap":{"1":{"start":{"line":47,"column":8},"end":{"line":47,"column":1327}},"2":{"start":{"line":48,"column":8},"end":{"line":48,"column":15}},"3":{"start":{"line":53,"column":8},"end":{"line":53,"column":1452}},"4":{"start":{"line":54,"column":8},"end":{"line":54,"column":15}},"5":{"start":{"line":59,"column":8},"end":{"line":59,"column":1558}},"6":{"start":{"line":60,"column":8},"end":{"line":60,"column":15}},"7":{"start":{"line":65,"column":8},"end":{"line":65,"column":1676}},"8":{"start":{"line":66,"column":8},"end":{"line":66,"column":15}},"9":{"start":{"line":71,"column":8},"end":{"line":71,"column":1830}},"10":{"start":{"line":72,"column":8},"end":{"line":72,"column":15}},"11":{"start":{"line":77,"column":8},"end":{"line":77,"column":1979}},"12":{"start":{"line":78,"column":8},"end":{"line":78,"column":15}},"13":{"start":{"line":83,"column":8},"end":{"line":83,"column":2111}},"14":{"start":{"line":84,"column":8},"end":{"line":84,"column":15}},"15":{"start":{"line":89,"column":8},"end":{"line":89,"column":2238}},"16":{"start":{"line":90,"column":8},"end":{"line":90,"column":15}},"17":{"start":{"line":95,"column":8},"end":{"line":95,"column":2366}},"18":{"start":{"line":99,"column":8},"end":{"line":99,"column":15}},"19":{"start":{"line":107,"column":8},"end":{"line":107,"column":2645}},"20":{"start":{"line":108,"column":8},"end":{"line":108,"column":37}},"21":{"start":{"line":121,"column":8},"end":{"line":121,"column":3054}},"22":{"start":{"line":122,"column":12},"end":{"line":122,"column":3118}},"23":{"start":{"line":123,"column":12},"end":{"line":123,"column":19}},"24":{"start":{"line":124,"column":12},"end":{"line":124,"column":37}},"25":{"start":{"line":126,"column":8},"end":{"line":126,"column":23}},"26":{"start":{"line":127,"column":8},"end":{"line":127,"column":27}},"27":{"start":{"line":139,"column":8},"end":{"line":139,"column":28}},"28":{"start":{"line":141,"column":8},"end":{"line":141,"column":27}},"29":{"start":{"line":151,"column":8},"end":{"line":151,"column":29}},"30":{"start":{"line":152,"column":8},"end":{"line":152,"column":3921}},"31":{"start":{"line":153,"column":8},"end":{"line":153,"column":3970}},"32":{"start":{"line":154,"column":12},"end":{"line":154,"column":48}},"33":{"start":{"line":157,"column":8},"end":{"line":157,"column":25}},"34":{"start":{"line":158,"column":8},"end":{"line":158,"column":4144}},"35":{"start":{"line":159,"column":8},"end":{"line":159,"column":39}},"36":{"start":{"line":160,"column":8},"end":{"line":160,"column":26}},"37":{"start":{"line":172,"column":8},"end":{"line":172,"column":4570}},"38":{"start":{"line":173,"column":8},"end":{"line":173,"column":4615}},"39":{"start":{"line":174,"column":12},"end":{"line":174,"column":31}},"40":{"start":{"line":177,"column":8},"end":{"line":177,"column":29}},"41":{"start":{"line":178,"column":8},"end":{"line":178,"column":31}},"42":{"start":{"line":179,"column":8},"end":{"line":179,"column":26}},"43":{"start":{"line":180,"column":8},"end":{"line":180,"column":30}},"44":{"start":{"line":190,"column":8},"end":{"line":190,"column":27}},"45":{"start":{"line":191,"column":8},"end":{"line":191,"column":35}},"46":{"start":{"line":203,"column":8},"end":{"line":203,"column":63}},"47":{"start":{"line":204,"column":8},"end":{"line":204,"column":40}},"48":{"start":{"line":215,"column":8},"end":{"line":215,"column":54}},"49":{"start":{"line":216,"column":8},"end":{"line":216,"column":46}},"50":{"start":{"line":217,"column":8},"end":{"line":217,"column":40}},"51":{"start":{"line":228,"column":8},"end":{"line":228,"column":55}},"52":{"start":{"line":229,"column":8},"end":{"line":229,"column":44}},"53":{"start":{"line":240,"column":8},"end":{"line":240,"column":6818}},"54":{"start":{"line":241,"column":12},"end":{"line":241,"column":55}},"55":{"start":{"line":242,"column":12},"end":{"line":242,"column":29}},"56":{"start":{"line":243,"column":12},"end":{"line":243,"column":6958}},"57":{"start":{"line":244,"column":12},"end":{"line":244,"column":35}},"58":{"start":{"line":246,"column":16},"end":{"line":246,"column":46}},"59":{"start":{"line":247,"column":16},"end":{"line":247,"column":34}},"60":{"start":{"line":260,"column":8},"end":{"line":260,"column":21}},"61":{"start":{"line":261,"column":8},"end":{"line":261,"column":7449}},"62":{"start":{"line":262,"column":12},"end":{"line":262,"column":7514}},"63":{"start":{"line":263,"column":12},"end":{"line":263,"column":21}},"64":{"start":{"line":264,"column":12},"end":{"line":264,"column":7596}},"65":{"start":{"line":265,"column":12},"end":{"line":265,"column":23}},"66":{"start":{"line":282,"column":8},"end":{"line":282,"column":39}},"67":{"start":{"line":283,"column":8},"end":{"line":283,"column":8174}},"68":{"start":{"line":289,"column":8},"end":{"line":289,"column":28}},"69":{"start":{"line":290,"column":8},"end":{"line":290,"column":32}},"70":{"start":{"line":304,"column":8},"end":{"line":304,"column":8720}},"71":{"start":{"line":305,"column":8},"end":{"line":305,"column":8765}},"72":{"start":{"line":306,"column":8},"end":{"line":306,"column":17}},"73":{"start":{"line":318,"column":8},"end":{"line":318,"column":9218}},"74":{"start":{"line":319,"column":8},"end":{"line":319,"column":9266}},"75":{"start":{"line":321,"column":8},"end":{"line":321,"column":17}},"76":{"start":{"line":331,"column":8},"end":{"line":331,"column":21}},"77":{"start":{"line":342,"column":8},"end":{"line":342,"column":72}},"78":{"start":{"line":343,"column":8},"end":{"line":343,"column":21}},"79":{"start":{"line":345,"column":8},"end":{"line":345,"column":9978}},"80":{"start":{"line":346,"column":8},"end":{"line":346,"column":10018}},"81":{"start":{"line":347,"column":12},"end":{"line":347,"column":47}},"82":{"start":{"line":348,"column":12},"end":{"line":348,"column":21}},"83":{"start":{"line":350,"column":8},"end":{"line":350,"column":44}},"84":{"start":{"line":351,"column":8},"end":{"line":351,"column":10244}},"85":{"start":{"line":352,"column":8},"end":{"line":352,"column":47}},"86":{"start":{"line":366,"column":8},"end":{"line":366,"column":70}},"87":{"start":{"line":367,"column":8},"end":{"line":367,"column":21}},"88":{"start":{"line":369,"column":8},"end":{"line":369,"column":10896}},"89":{"start":{"line":370,"column":8},"end":{"line":370,"column":10939}},"90":{"start":{"line":373,"column":12},"end":{"line":373,"column":40}},"91":{"start":{"line":374,"column":12},"end":{"line":374,"column":21}},"92":{"start":{"line":376,"column":8},"end":{"line":376,"column":46}},"93":{"start":{"line":377,"column":8},"end":{"line":377,"column":11225}},"94":{"start":{"line":378,"column":8},"end":{"line":378,"column":56}}},"branchMap":{"1":{"line":47,"type":"if","locations":[{"start":{"line":47,"column":8},"end":{"line":47,"column":8}},{"start":{"line":47,"column":8},"end":{"line":47,"column":8}}]},"2":{"line":53,"type":"if","locations":[{"start":{"line":53,"column":8},"end":{"line":53,"column":8}},{"start":{"line":53,"column":8},"end":{"line":53,"column":8}}]},"3":{"line":59,"type":"if","locations":[{"start":{"line":59,"column":8},"end":{"line":59,"column":8}},{"start":{"line":59,"column":8},"end":{"line":59,"column":8}}]},"4":{"line":65,"type":"if","locations":[{"start":{"line":65,"column":8},"end":{"line":65,"column":8}},{"start":{"line":65,"column":8},"end":{"line":65,"column":8}}]},"5":{"line":71,"type":"if","locations":[{"start":{"line":71,"column":8},"end":{"line":71,"column":8}},{"start":{"line":71,"column":8},"end":{"line":71,"column":8}}]},"6":{"line":77,"type":"if","locations":[{"start":{"line":77,"column":8},"end":{"line":77,"column":8}},{"start":{"line":77,"column":8},"end":{"line":77,"column":8}}]},"7":{"line":83,"type":"if","locations":[{"start":{"line":83,"column":8},"end":{"line":83,"column":8}},{"start":{"line":83,"column":8},"end":{"line":83,"column":8}}]},"8":{"line":89,"type":"if","locations":[{"start":{"line":89,"column":8},"end":{"line":89,"column":8}},{"start":{"line":89,"column":8},"end":{"line":89,"column":8}}]},"9":{"line":95,"type":"if","locations":[{"start":{"line":95,"column":8},"end":{"line":95,"column":8}},{"start":{"line":95,"column":8},"end":{"line":95,"column":8}}]},"10":{"line":107,"type":"if","locations":[{"start":{"line":107,"column":8},"end":{"line":107,"column":8}},{"start":{"line":107,"column":8},"end":{"line":107,"column":8}}]},"11":{"line":122,"type":"if","locations":[{"start":{"line":122,"column":12},"end":{"line":122,"column":12}},{"start":{"line":122,"column":12},"end":{"line":122,"column":12}}]},"12":{"line":153,"type":"if","locations":[{"start":{"line":153,"column":8},"end":{"line":153,"column":8}},{"start":{"line":153,"column":8},"end":{"line":153,"column":8}}]},"13":{"line":158,"type":"if","locations":[{"start":{"line":158,"column":8},"end":{"line":158,"column":8}},{"start":{"line":158,"column":8},"end":{"line":158,"column":8}}]},"14":{"line":173,"type":"if","locations":[{"start":{"line":173,"column":8},"end":{"line":173,"column":8}},{"start":{"line":173,"column":8},"end":{"line":173,"column":8}}]},"15":{"line":240,"type":"if","locations":[{"start":{"line":240,"column":8},"end":{"line":240,"column":8}},{"start":{"line":240,"column":8},"end":{"line":240,"column":8}}]},"16":{"line":243,"type":"if","locations":[{"start":{"line":243,"column":12},"end":{"line":243,"column":12}},{"start":{"line":243,"column":12},"end":{"line":243,"column":12}}]},"17":{"line":262,"type":"if","locations":[{"start":{"line":262,"column":12},"end":{"line":262,"column":12}},{"start":{"line":262,"column":12},"end":{"line":262,"column":12}}]},"18":{"line":264,"type":"if","locations":[{"start":{"line":264,"column":12},"end":{"line":264,"column":12}},{"start":{"line":264,"column":12},"end":{"line":264,"column":12}}]},"19":{"line":305,"type":"if","locations":[{"start":{"line":305,"column":8},"end":{"line":305,"column":8}},{"start":{"line":305,"column":8},"end":{"line":305,"column":8}}]},"20":{"line":319,"type":"if","locations":[{"start":{"line":319,"column":8},"end":{"line":319,"column":8}},{"start":{"line":319,"column":8},"end":{"line":319,"column":8}}]},"21":{"line":346,"type":"if","locations":[{"start":{"line":346,"column":8},"end":{"line":346,"column":8}},{"start":{"line":346,"column":8},"end":{"line":346,"column":8}}]},"22":{"line":370,"type":"if","locations":[{"start":{"line":370,"column":8},"end":{"line":370,"column":8}},{"start":{"line":370,"column":8},"end":{"line":370,"column":8}}]}}}}