{"contracts/crowdsale/AlgoryCrowdsale.sol":{"l":{"104":11,"105":3,"109":1,"110":1,"111":1,"113":1,"114":1,"115":1,"117":1,"119":1,"120":1,"122":1,"123":1,"125":1,"130":25,"137":4,"147":0,"149":0,"150":0,"152":0,"158":101,"159":101,"160":100,"161":99,"162":99,"163":99,"170":2,"171":2,"172":2,"173":96,"174":96,"175":96,"185":3,"186":3,"187":3,"196":4,"197":4,"198":1,"200":3,"201":3,"202":2,"206":3,"207":3,"208":3,"212":3,"213":2,"214":2,"218":5,"219":4,"220":4,"221":4,"222":4,"226":5,"227":4,"228":4,"234":0,"239":1,"248":25,"265":1,"272":28,"279":1,"288":0,"289":0,"299":0,"300":0,"301":0,"302":0,"303":0,"304":0,"305":0,"309":4,"310":4,"311":4,"312":4,"313":2,"314":2,"315":1,"316":1,"319":1,"320":1,"321":1,"322":1,"325":1,"326":1,"327":1,"328":1,"330":1,"331":1,"334":1,"336":1,"338":1,"340":1,"349":1},"path":"/Users/marcin/dev/mgordel/ethereum/algory-ico/contracts/crowdsale/AlgoryCrowdsale.sol","s":{"1":11,"2":1,"3":1,"4":1,"5":1,"6":1,"7":1,"8":1,"9":1,"10":1,"11":1,"12":1,"13":1,"14":25,"15":4,"16":0,"17":0,"18":0,"19":0,"20":101,"21":101,"22":100,"23":99,"24":99,"25":99,"26":2,"27":2,"28":2,"29":96,"30":96,"31":96,"32":3,"33":3,"34":3,"35":4,"36":4,"37":1,"38":3,"39":3,"40":2,"41":3,"42":3,"43":3,"44":3,"45":2,"46":2,"47":5,"48":4,"49":4,"50":4,"51":4,"52":5,"53":4,"54":4,"55":0,"56":1,"57":25,"58":0,"59":25,"60":14,"61":11,"62":0,"63":11,"64":0,"65":11,"66":0,"67":11,"68":0,"69":11,"70":11,"71":0,"72":0,"73":0,"74":0,"75":0,"76":0,"77":0,"78":1,"79":28,"80":1,"81":0,"82":0,"83":0,"84":0,"85":0,"86":0,"87":0,"88":0,"89":0,"90":4,"91":4,"92":4,"93":4,"94":2,"95":2,"96":1,"97":1,"98":1,"99":1,"100":1,"101":1,"102":1,"103":1,"104":1,"105":1,"106":1,"107":1,"108":1,"109":1,"110":1,"111":1},"b":{"1":[3,8],"2":[1,0],"3":[1,0],"4":[1,0],"5":[0,0],"6":[0,0],"7":[101,0],"8":[100,1],"9":[99,1],"10":[3,0],"11":[2,1],"12":[1,3],"13":[0,1],"14":[2,1],"15":[2,0],"16":[3,0],"17":[3,0],"18":[2,1],"19":[4,1],"20":[4,0],"21":[4,1],"22":[0,25],"23":[14,11],"24":[0,11],"25":[0,11],"26":[0,11],"27":[0,11],"28":[11,0],"29":[0,0],"30":[0,0],"31":[0,0],"32":[0,0],"33":[0,0],"34":[0,0],"35":[0,0],"36":[2,2],"37":[2,0],"38":[1,1],"39":[1,0],"40":[1,0],"41":[1,0],"42":[1,0],"43":[1,0],"44":[1,0],"45":[1,0],"46":[1,0]},"f":{"1":11,"2":1,"3":25,"4":4,"5":0,"6":101,"7":2,"8":3,"9":4,"10":3,"11":3,"12":5,"13":5,"14":0,"15":1,"16":25,"17":1,"18":28,"19":1,"20":0,"21":0,"22":4,"23":1,"24":1},"fnMap":{"1":{"name":"inState","line":103,"loc":{"start":{"line":103,"column":4},"end":{"line":103,"column":31}}},"2":{"name":"AlgoryCrowdsale","line":108,"loc":{"start":{"line":108,"column":4},"end":{"line":108,"column":174}}},"3":{"name":"isAllTokensApproved","line":129,"loc":{"start":{"line":129,"column":4},"end":{"line":129,"column":55}}},"4":{"name":null,"line":136,"loc":{"start":{"line":136,"column":4},"end":{"line":136,"column":20}}},"5":{"name":"finalize","line":145,"loc":{"start":{"line":145,"column":4},"end":{"line":145,"column":77}}},"6":{"name":"setEarlyParticipantWhitelist","line":157,"loc":{"start":{"line":157,"column":4},"end":{"line":157,"column":82}}},"7":{"name":"loadEarlyParticipantsWhitelist","line":169,"loc":{"start":{"line":169,"column":4},"end":{"line":169,"column":109}}},"8":{"name":"setFinalizeAgent","line":184,"loc":{"start":{"line":184,"column":4},"end":{"line":184,"column":65}}},"9":{"name":"setPricingStrategy","line":195,"loc":{"start":{"line":195,"column":4},"end":{"line":195,"column":73}}},"10":{"name":"setMultisigWallet","line":205,"loc":{"start":{"line":205,"column":4},"end":{"line":205,"column":61}}},"11":{"name":"setPresaleStartsAt","line":211,"loc":{"start":{"line":211,"column":4},"end":{"line":211,"column":83}}},"12":{"name":"setStartsAt","line":217,"loc":{"start":{"line":217,"column":4},"end":{"line":217,"column":44}}},"13":{"name":"setEndsAt","line":225,"loc":{"start":{"line":225,"column":4},"end":{"line":225,"column":40}}},"14":{"name":"allowRefunding","line":233,"loc":{"start":{"line":233,"column":4},"end":{"line":233,"column":68}}},"15":{"name":"isCrowdsale","line":238,"loc":{"start":{"line":238,"column":4},"end":{"line":238,"column":55}}},"16":{"name":"getState","line":247,"loc":{"start":{"line":247,"column":4},"end":{"line":247,"column":53}}},"17":{"name":"isBreakingCap","line":264,"loc":{"start":{"line":264,"column":4},"end":{"line":264,"column":86}}},"18":{"name":"getTokensLeft","line":271,"loc":{"start":{"line":271,"column":4},"end":{"line":271,"column":57}}},"19":{"name":"isCrowdsaleFull","line":278,"loc":{"start":{"line":278,"column":4},"end":{"line":278,"column":59}}},"20":{"name":"loadRefund","line":287,"loc":{"start":{"line":287,"column":4},"end":{"line":287,"column":61}}},"21":{"name":"refund","line":298,"loc":{"start":{"line":298,"column":4},"end":{"line":298,"column":51}}},"22":{"name":"investInternal","line":308,"loc":{"start":{"line":308,"column":4},"end":{"line":308,"column":88}}},"23":{"name":"assignTokens","line":348,"loc":{"start":{"line":348,"column":4},"end":{"line":348,"column":67}}},"24":{"name":"preallocateTokens","line":355,"loc":{"start":{"line":355,"column":4},"end":{"line":355,"column":38}}}},"statementMap":{"1":{"start":{"line":104,"column":8},"end":{"line":104,"column":35}},"2":{"start":{"line":109,"column":8},"end":{"line":109,"column":25}},"3":{"start":{"line":110,"column":8},"end":{"line":110,"column":38}},"4":{"start":{"line":111,"column":8},"end":{"line":111,"column":33}},"5":{"start":{"line":113,"column":8},"end":{"line":113,"column":38}},"6":{"start":{"line":114,"column":8},"end":{"line":114,"column":24}},"7":{"start":{"line":115,"column":8},"end":{"line":115,"column":20}},"8":{"start":{"line":117,"column":8},"end":{"line":117,"column":89}},"9":{"start":{"line":119,"column":8},"end":{"line":119,"column":43}},"10":{"start":{"line":120,"column":8},"end":{"line":120,"column":41}},"11":{"start":{"line":122,"column":8},"end":{"line":122,"column":59}},"12":{"start":{"line":123,"column":8},"end":{"line":123,"column":66}},"13":{"start":{"line":125,"column":8},"end":{"line":125,"column":26}},"14":{"start":{"line":130,"column":8},"end":{"line":130,"column":53}},"15":{"start":{"line":137,"column":8},"end":{"line":137,"column":25}},"16":{"start":{"line":147,"column":8},"end":{"line":147,"column":30}},"17":{"start":{"line":147,"column":22},"end":{"line":147,"column":29}},"18":{"start":{"line":149,"column":8},"end":{"line":149,"column":5071}},"19":{"start":{"line":152,"column":8},"end":{"line":152,"column":23}},"20":{"start":{"line":158,"column":8},"end":{"line":158,"column":48}},"21":{"start":{"line":159,"column":8},"end":{"line":159,"column":61}},"22":{"start":{"line":160,"column":8},"end":{"line":160,"column":65}},"23":{"start":{"line":161,"column":8},"end":{"line":161,"column":53}},"24":{"start":{"line":162,"column":8},"end":{"line":162,"column":58}},"25":{"start":{"line":163,"column":8},"end":{"line":163,"column":38}},"26":{"start":{"line":170,"column":8},"end":{"line":170,"column":32}},"27":{"start":{"line":171,"column":8},"end":{"line":171,"column":21}},"28":{"start":{"line":172,"column":8},"end":{"line":172,"column":5944}},"29":{"start":{"line":173,"column":12},"end":{"line":173,"column":45}},"30":{"start":{"line":174,"column":12},"end":{"line":174,"column":33}},"31":{"start":{"line":175,"column":12},"end":{"line":175,"column":59}},"32":{"start":{"line":185,"column":8},"end":{"line":185,"column":28}},"33":{"start":{"line":186,"column":8},"end":{"line":186,"column":47}},"34":{"start":{"line":187,"column":8},"end":{"line":187,"column":38}},"35":{"start":{"line":196,"column":8},"end":{"line":196,"column":31}},"36":{"start":{"line":197,"column":8},"end":{"line":197,"column":6805}},"37":{"start":{"line":198,"column":12},"end":{"line":198,"column":25}},"38":{"start":{"line":200,"column":8},"end":{"line":200,"column":41}},"39":{"start":{"line":201,"column":8},"end":{"line":201,"column":51}},"40":{"start":{"line":202,"column":8},"end":{"line":202,"column":53}},"41":{"start":{"line":206,"column":8},"end":{"line":206,"column":29}},"42":{"start":{"line":207,"column":8},"end":{"line":207,"column":70}},"43":{"start":{"line":208,"column":8},"end":{"line":208,"column":30}},"44":{"start":{"line":212,"column":8},"end":{"line":212,"column":65}},"45":{"start":{"line":213,"column":8},"end":{"line":213,"column":37}},"46":{"start":{"line":214,"column":8},"end":{"line":214,"column":62}},"47":{"start":{"line":218,"column":8},"end":{"line":218,"column":72}},"48":{"start":{"line":219,"column":8},"end":{"line":219,"column":31}},"49":{"start":{"line":220,"column":8},"end":{"line":220,"column":68}},"50":{"start":{"line":221,"column":8},"end":{"line":221,"column":23}},"51":{"start":{"line":222,"column":8},"end":{"line":222,"column":48}},"52":{"start":{"line":226,"column":8},"end":{"line":226,"column":73}},"53":{"start":{"line":227,"column":8},"end":{"line":227,"column":19}},"54":{"start":{"line":228,"column":8},"end":{"line":228,"column":44}},"55":{"start":{"line":234,"column":8},"end":{"line":234,"column":24}},"56":{"start":{"line":239,"column":8},"end":{"line":239,"column":19}},"57":{"start":{"line":248,"column":8},"end":{"line":248,"column":8604}},"58":{"start":{"line":248,"column":22},"end":{"line":248,"column":44}},"59":{"start":{"line":249,"column":13},"end":{"line":249,"column":8655}},"60":{"start":{"line":249,"column":41},"end":{"line":249,"column":63}},"61":{"start":{"line":250,"column":13},"end":{"line":250,"column":8720}},"62":{"start":{"line":250,"column":46},"end":{"line":250,"column":68}},"63":{"start":{"line":251,"column":13},"end":{"line":251,"column":8790}},"64":{"start":{"line":251,"column":42},"end":{"line":251,"column":64}},"65":{"start":{"line":252,"column":13},"end":{"line":252,"column":8856}},"66":{"start":{"line":252,"column":57},"end":{"line":252,"column":79}},"67":{"start":{"line":253,"column":13},"end":{"line":253,"column":8937}},"68":{"start":{"line":253,"column":52},"end":{"line":253,"column":74}},"69":{"start":{"line":254,"column":13},"end":{"line":254,"column":9013}},"70":{"start":{"line":254,"column":83},"end":{"line":254,"column":106}},"71":{"start":{"line":255,"column":13},"end":{"line":255,"column":9121}},"72":{"start":{"line":255,"column":97},"end":{"line":255,"column":117}},"73":{"start":{"line":256,"column":13},"end":{"line":256,"column":9240}},"74":{"start":{"line":256,"column":80},"end":{"line":256,"column":100}},"75":{"start":{"line":257,"column":13},"end":{"line":257,"column":9342}},"76":{"start":{"line":257,"column":76},"end":{"line":257,"column":98}},"77":{"start":{"line":258,"column":13},"end":{"line":258,"column":33}},"78":{"start":{"line":265,"column":8},"end":{"line":265,"column":44}},"79":{"start":{"line":272,"column":8},"end":{"line":272,"column":49}},"80":{"start":{"line":279,"column":8},"end":{"line":279,"column":35}},"81":{"start":{"line":288,"column":8},"end":{"line":288,"column":30}},"82":{"start":{"line":289,"column":8},"end":{"line":289,"column":50}},"83":{"start":{"line":299,"column":8},"end":{"line":299,"column":26}},"84":{"start":{"line":300,"column":8},"end":{"line":300,"column":54}},"85":{"start":{"line":301,"column":8},"end":{"line":301,"column":28}},"86":{"start":{"line":302,"column":8},"end":{"line":302,"column":39}},"87":{"start":{"line":303,"column":8},"end":{"line":303,"column":47}},"88":{"start":{"line":304,"column":8},"end":{"line":304,"column":35}},"89":{"start":{"line":305,"column":8},"end":{"line":305,"column":40}},"90":{"start":{"line":309,"column":8},"end":{"line":309,"column":31}},"91":{"start":{"line":310,"column":8},"end":{"line":310,"column":33}},"92":{"start":{"line":311,"column":8},"end":{"line":311,"column":27}},"93":{"start":{"line":312,"column":8},"end":{"line":312,"column":66}},"94":{"start":{"line":313,"column":8},"end":{"line":313,"column":11236}},"95":{"start":{"line":314,"column":12},"end":{"line":314,"column":58}},"96":{"start":{"line":315,"column":12},"end":{"line":315,"column":68}},"97":{"start":{"line":316,"column":12},"end":{"line":316,"column":67}},"98":{"start":{"line":319,"column":8},"end":{"line":319,"column":76}},"99":{"start":{"line":320,"column":8},"end":{"line":320,"column":30}},"100":{"start":{"line":321,"column":8},"end":{"line":321,"column":11602}},"101":{"start":{"line":325,"column":8},"end":{"line":325,"column":78}},"102":{"start":{"line":326,"column":8},"end":{"line":326,"column":74}},"103":{"start":{"line":327,"column":8},"end":{"line":327,"column":44}},"104":{"start":{"line":328,"column":8},"end":{"line":328,"column":48}},"105":{"start":{"line":330,"column":8},"end":{"line":330,"column":11946}},"106":{"start":{"line":331,"column":12},"end":{"line":331,"column":62}},"107":{"start":{"line":334,"column":8},"end":{"line":334,"column":42}},"108":{"start":{"line":336,"column":8},"end":{"line":336,"column":42}},"109":{"start":{"line":338,"column":8},"end":{"line":338,"column":45}},"110":{"start":{"line":340,"column":8},"end":{"line":340,"column":61}},"111":{"start":{"line":349,"column":8},"end":{"line":349,"column":69}}},"branchMap":{"1":{"line":104,"type":"if","locations":[{"start":{"line":104,"column":8},"end":{"line":104,"column":8}},{"start":{"line":104,"column":8},"end":{"line":104,"column":8}}]},"2":{"line":117,"type":"if","locations":[{"start":{"line":117,"column":8},"end":{"line":117,"column":8}},{"start":{"line":117,"column":8},"end":{"line":117,"column":8}}]},"3":{"line":122,"type":"if","locations":[{"start":{"line":122,"column":8},"end":{"line":122,"column":8}},{"start":{"line":122,"column":8},"end":{"line":122,"column":8}}]},"4":{"line":123,"type":"if","locations":[{"start":{"line":123,"column":8},"end":{"line":123,"column":8}},{"start":{"line":123,"column":8},"end":{"line":123,"column":8}}]},"5":{"line":147,"type":"if","locations":[{"start":{"line":147,"column":8},"end":{"line":147,"column":8}},{"start":{"line":147,"column":8},"end":{"line":147,"column":8}}]},"6":{"line":149,"type":"if","locations":[{"start":{"line":149,"column":8},"end":{"line":149,"column":8}},{"start":{"line":149,"column":8},"end":{"line":149,"column":8}}]},"7":{"line":158,"type":"if","locations":[{"start":{"line":158,"column":8},"end":{"line":158,"column":8}},{"start":{"line":158,"column":8},"end":{"line":158,"column":8}}]},"8":{"line":159,"type":"if","locations":[{"start":{"line":159,"column":8},"end":{"line":159,"column":8}},{"start":{"line":159,"column":8},"end":{"line":159,"column":8}}]},"9":{"line":160,"type":"if","locations":[{"start":{"line":160,"column":8},"end":{"line":160,"column":8}},{"start":{"line":160,"column":8},"end":{"line":160,"column":8}}]},"10":{"line":186,"type":"if","locations":[{"start":{"line":186,"column":8},"end":{"line":186,"column":8}},{"start":{"line":186,"column":8},"end":{"line":186,"column":8}}]},"11":{"line":187,"type":"if","locations":[{"start":{"line":187,"column":8},"end":{"line":187,"column":8}},{"start":{"line":187,"column":8},"end":{"line":187,"column":8}}]},"12":{"line":197,"type":"if","locations":[{"start":{"line":197,"column":8},"end":{"line":197,"column":8}},{"start":{"line":197,"column":8},"end":{"line":197,"column":8}}]},"13":{"line":198,"type":"if","locations":[{"start":{"line":198,"column":12},"end":{"line":198,"column":12}},{"start":{"line":198,"column":12},"end":{"line":198,"column":12}}]},"14":{"line":201,"type":"if","locations":[{"start":{"line":201,"column":8},"end":{"line":201,"column":8}},{"start":{"line":201,"column":8},"end":{"line":201,"column":8}}]},"15":{"line":202,"type":"if","locations":[{"start":{"line":202,"column":8},"end":{"line":202,"column":8}},{"start":{"line":202,"column":8},"end":{"line":202,"column":8}}]},"16":{"line":206,"type":"if","locations":[{"start":{"line":206,"column":8},"end":{"line":206,"column":8}},{"start":{"line":206,"column":8},"end":{"line":206,"column":8}}]},"17":{"line":207,"type":"if","locations":[{"start":{"line":207,"column":8},"end":{"line":207,"column":8}},{"start":{"line":207,"column":8},"end":{"line":207,"column":8}}]},"18":{"line":212,"type":"if","locations":[{"start":{"line":212,"column":8},"end":{"line":212,"column":8}},{"start":{"line":212,"column":8},"end":{"line":212,"column":8}}]},"19":{"line":218,"type":"if","locations":[{"start":{"line":218,"column":8},"end":{"line":218,"column":8}},{"start":{"line":218,"column":8},"end":{"line":218,"column":8}}]},"20":{"line":220,"type":"if","locations":[{"start":{"line":220,"column":8},"end":{"line":220,"column":8}},{"start":{"line":220,"column":8},"end":{"line":220,"column":8}}]},"21":{"line":226,"type":"if","locations":[{"start":{"line":226,"column":8},"end":{"line":226,"column":8}},{"start":{"line":226,"column":8},"end":{"line":226,"column":8}}]},"22":{"line":248,"type":"if","locations":[{"start":{"line":248,"column":8},"end":{"line":248,"column":8}},{"start":{"line":248,"column":8},"end":{"line":248,"column":8}}]},"23":{"line":249,"type":"if","locations":[{"start":{"line":249,"column":13},"end":{"line":249,"column":13}},{"start":{"line":249,"column":13},"end":{"line":249,"column":13}}]},"24":{"line":250,"type":"if","locations":[{"start":{"line":250,"column":13},"end":{"line":250,"column":13}},{"start":{"line":250,"column":13},"end":{"line":250,"column":13}}]},"25":{"line":251,"type":"if","locations":[{"start":{"line":251,"column":13},"end":{"line":251,"column":13}},{"start":{"line":251,"column":13},"end":{"line":251,"column":13}}]},"26":{"line":252,"type":"if","locations":[{"start":{"line":252,"column":13},"end":{"line":252,"column":13}},{"start":{"line":252,"column":13},"end":{"line":252,"column":13}}]},"27":{"line":253,"type":"if","locations":[{"start":{"line":253,"column":13},"end":{"line":253,"column":13}},{"start":{"line":253,"column":13},"end":{"line":253,"column":13}}]},"28":{"line":254,"type":"if","locations":[{"start":{"line":254,"column":13},"end":{"line":254,"column":13}},{"start":{"line":254,"column":13},"end":{"line":254,"column":13}}]},"29":{"line":255,"type":"if","locations":[{"start":{"line":255,"column":13},"end":{"line":255,"column":13}},{"start":{"line":255,"column":13},"end":{"line":255,"column":13}}]},"30":{"line":256,"type":"if","locations":[{"start":{"line":256,"column":13},"end":{"line":256,"column":13}},{"start":{"line":256,"column":13},"end":{"line":256,"column":13}}]},"31":{"line":257,"type":"if","locations":[{"start":{"line":257,"column":13},"end":{"line":257,"column":13}},{"start":{"line":257,"column":13},"end":{"line":257,"column":13}}]},"32":{"line":288,"type":"if","locations":[{"start":{"line":288,"column":8},"end":{"line":288,"column":8}},{"start":{"line":288,"column":8},"end":{"line":288,"column":8}}]},"33":{"line":299,"type":"if","locations":[{"start":{"line":299,"column":8},"end":{"line":299,"column":8}},{"start":{"line":299,"column":8},"end":{"line":299,"column":8}}]},"34":{"line":301,"type":"if","locations":[{"start":{"line":301,"column":8},"end":{"line":301,"column":8}},{"start":{"line":301,"column":8},"end":{"line":301,"column":8}}]},"35":{"line":305,"type":"if","locations":[{"start":{"line":305,"column":8},"end":{"line":305,"column":8}},{"start":{"line":305,"column":8},"end":{"line":305,"column":8}}]},"36":{"line":312,"type":"if","locations":[{"start":{"line":312,"column":8},"end":{"line":312,"column":8}},{"start":{"line":312,"column":8},"end":{"line":312,"column":8}}]},"37":{"line":313,"type":"if","locations":[{"start":{"line":313,"column":8},"end":{"line":313,"column":8}},{"start":{"line":313,"column":8},"end":{"line":313,"column":8}}]},"38":{"line":314,"type":"if","locations":[{"start":{"line":314,"column":12},"end":{"line":314,"column":12}},{"start":{"line":314,"column":12},"end":{"line":314,"column":12}}]},"39":{"line":315,"type":"if","locations":[{"start":{"line":315,"column":12},"end":{"line":315,"column":12}},{"start":{"line":315,"column":12},"end":{"line":315,"column":12}}]},"40":{"line":316,"type":"if","locations":[{"start":{"line":316,"column":12},"end":{"line":316,"column":12}},{"start":{"line":316,"column":12},"end":{"line":316,"column":12}}]},"41":{"line":320,"type":"if","locations":[{"start":{"line":320,"column":8},"end":{"line":320,"column":8}},{"start":{"line":320,"column":8},"end":{"line":320,"column":8}}]},"42":{"line":321,"type":"if","locations":[{"start":{"line":321,"column":8},"end":{"line":321,"column":8}},{"start":{"line":321,"column":8},"end":{"line":321,"column":8}}]},"43":{"line":330,"type":"if","locations":[{"start":{"line":330,"column":8},"end":{"line":330,"column":8}},{"start":{"line":330,"column":8},"end":{"line":330,"column":8}}]},"44":{"line":334,"type":"if","locations":[{"start":{"line":334,"column":8},"end":{"line":334,"column":8}},{"start":{"line":334,"column":8},"end":{"line":334,"column":8}}]},"45":{"line":338,"type":"if","locations":[{"start":{"line":338,"column":8},"end":{"line":338,"column":8}},{"start":{"line":338,"column":8},"end":{"line":338,"column":8}}]},"46":{"line":349,"type":"if","locations":[{"start":{"line":349,"column":8},"end":{"line":349,"column":8}},{"start":{"line":349,"column":8},"end":{"line":349,"column":8}}]}}},"contracts/crowdsale/AlgoryFinalizeAgent.sol":{"l":{"20":3,"21":3,"22":3,"27":14,"32":0,"35":0},"path":"/Users/marcin/dev/mgordel/ethereum/algory-ico/contracts/crowdsale/AlgoryFinalizeAgent.sol","s":{"1":3,"2":3,"3":3,"4":0,"5":14,"6":0,"7":0},"b":{"1":[0,3],"2":[0,0]},"f":{"1":3,"2":14,"3":0},"fnMap":{"1":{"name":"AlgoryFinalizeAgent","line":19,"loc":{"start":{"line":19,"column":4},"end":{"line":19,"column":78}}},"2":{"name":"isSane","line":26,"loc":{"start":{"line":26,"column":4},"end":{"line":26,"column":50}}},"3":{"name":"finalizeCrowdsale","line":31,"loc":{"start":{"line":31,"column":4},"end":{"line":31,"column":30}}}},"statementMap":{"1":{"start":{"line":20,"column":8},"end":{"line":20,"column":21}},"2":{"start":{"line":21,"column":8},"end":{"line":21,"column":29}},"3":{"start":{"line":22,"column":8},"end":{"line":22,"column":67}},"4":{"start":{"line":22,"column":59},"end":{"line":22,"column":66}},"5":{"start":{"line":27,"column":8},"end":{"line":27,"column":52}},"6":{"start":{"line":32,"column":8},"end":{"line":32,"column":53}},"7":{"start":{"line":32,"column":45},"end":{"line":32,"column":52}}},"branchMap":{"1":{"line":22,"type":"if","locations":[{"start":{"line":22,"column":8},"end":{"line":22,"column":8}},{"start":{"line":22,"column":8},"end":{"line":22,"column":8}}]},"2":{"line":32,"type":"if","locations":[{"start":{"line":32,"column":8},"end":{"line":32,"column":8}},{"start":{"line":32,"column":8},"end":{"line":32,"column":8}}]}}},"contracts/crowdsale/AlgoryPricingStrategy.sol":{"l":{"28":3,"29":3,"31":3,"32":3,"34":3,"35":3,"37":3,"38":3,"40":3,"41":3,"45":13,"49":5,"50":5,"54":103,"58":25,"59":53,"60":20,"63":5,"67":25,"71":16,"72":15,"73":15,"77":1},"path":"/Users/marcin/dev/mgordel/ethereum/algory-ico/contracts/crowdsale/AlgoryPricingStrategy.sol","s":{"1":3,"2":3,"3":3,"4":3,"5":3,"6":3,"7":3,"8":3,"9":3,"10":3,"11":13,"12":5,"13":5,"14":103,"15":25,"16":53,"17":20,"18":5,"19":25,"20":16,"21":15,"22":15,"23":1},"b":{"1":[5,0],"2":[20,33],"3":[15,1]},"f":{"1":3,"2":13,"3":5,"4":103,"5":25,"6":25,"7":16,"8":1},"fnMap":{"1":{"name":"AlgoryPricingStrategy","line":26,"loc":{"start":{"line":26,"column":4},"end":{"line":26,"column":34}}},"2":{"name":"isSane","line":44,"loc":{"start":{"line":44,"column":4},"end":{"line":44,"column":67}}},"3":{"name":"getTranche","line":48,"loc":{"start":{"line":48,"column":4},"end":{"line":48,"column":73}}},"4":{"name":"isPresaleFull","line":53,"loc":{"start":{"line":53,"column":4},"end":{"line":53,"column":78}}},"5":{"name":"getCurrentTranche","line":57,"loc":{"start":{"line":57,"column":4},"end":{"line":57,"column":79}}},"6":{"name":"getCurrentRate","line":66,"loc":{"start":{"line":66,"column":4},"end":{"line":66,"column":77}}},"7":{"name":"getAmountOfTokens","line":70,"loc":{"start":{"line":70,"column":4},"end":{"line":70,"column":100}}},"8":{"name":null,"line":76,"loc":{"start":{"line":76,"column":4},"end":{"line":76,"column":27}}}},"statementMap":{"1":{"start":{"line":28,"column":8},"end":{"line":28,"column":29}},"2":{"start":{"line":29,"column":8},"end":{"line":29,"column":30}},"3":{"start":{"line":31,"column":8},"end":{"line":31,"column":39}},"4":{"start":{"line":32,"column":8},"end":{"line":32,"column":30}},"5":{"start":{"line":34,"column":8},"end":{"line":34,"column":39}},"6":{"start":{"line":35,"column":8},"end":{"line":35,"column":30}},"7":{"start":{"line":37,"column":8},"end":{"line":37,"column":39}},"8":{"start":{"line":38,"column":8},"end":{"line":38,"column":30}},"9":{"start":{"line":40,"column":8},"end":{"line":40,"column":34}},"10":{"start":{"line":41,"column":8},"end":{"line":41,"column":37}},"11":{"start":{"line":45,"column":8},"end":{"line":45,"column":19}},"12":{"start":{"line":49,"column":8},"end":{"line":49,"column":33}},"13":{"start":{"line":50,"column":8},"end":{"line":50,"column":53}},"14":{"start":{"line":54,"column":8},"end":{"line":54,"column":52}},"15":{"start":{"line":58,"column":8},"end":{"line":58,"column":1535}},"16":{"start":{"line":59,"column":12},"end":{"line":59,"column":1593}},"17":{"start":{"line":60,"column":16},"end":{"line":60,"column":36}},"18":{"start":{"line":63,"column":8},"end":{"line":63,"column":42}},"19":{"start":{"line":67,"column":8},"end":{"line":67,"column":48}},"20":{"start":{"line":71,"column":8},"end":{"line":71,"column":25}},"21":{"start":{"line":72,"column":8},"end":{"line":72,"column":44}},"22":{"start":{"line":73,"column":8},"end":{"line":73,"column":27}},"23":{"start":{"line":77,"column":8},"end":{"line":77,"column":15}}},"branchMap":{"1":{"line":49,"type":"if","locations":[{"start":{"line":49,"column":8},"end":{"line":49,"column":8}},{"start":{"line":49,"column":8},"end":{"line":49,"column":8}}]},"2":{"line":59,"type":"if","locations":[{"start":{"line":59,"column":12},"end":{"line":59,"column":12}},{"start":{"line":59,"column":12},"end":{"line":59,"column":12}}]},"3":{"line":71,"type":"if","locations":[{"start":{"line":71,"column":8},"end":{"line":71,"column":8}},{"start":{"line":71,"column":8},"end":{"line":71,"column":8}}]}}},"contracts/crowdsale/FinalizeAgent.sol":{"l":{"13":3},"path":"/Users/marcin/dev/mgordel/ethereum/algory-ico/contracts/crowdsale/FinalizeAgent.sol","s":{"1":3},"b":{},"f":{"1":3},"fnMap":{"1":{"name":"isFinalizeAgent","line":12,"loc":{"start":{"line":12,"column":2},"end":{"line":12,"column":58}}}},"statementMap":{"1":{"start":{"line":13,"column":4},"end":{"line":13,"column":15}}},"branchMap":{}},"contracts/crowdsale/InvestmentPolicyCrowdsale.sol":{"l":{"25":0,"33":0,"42":4,"49":0,"50":0,"52":0,"61":0,"71":0,"72":0,"73":0,"82":0,"83":0},"path":"/Users/marcin/dev/mgordel/ethereum/algory-ico/contracts/crowdsale/InvestmentPolicyCrowdsale.sol","s":{"1":0,"2":0,"3":4,"4":4,"5":4,"6":0,"7":0,"8":0,"9":0,"10":0,"11":0,"12":0,"13":0,"14":0,"15":0,"16":0,"17":0,"18":0,"19":0,"20":0,"21":0},"b":{"1":[4,0],"2":[4,0],"3":[0,0],"4":[0,0],"5":[0,0],"6":[0,0]},"f":{"1":0,"2":0,"3":4,"4":0,"5":0,"6":0,"7":0},"fnMap":{"1":{"name":"buyWithSignedAddress","line":24,"loc":{"start":{"line":24,"column":4},"end":{"line":24,"column":97}}},"2":{"name":"buyWithCustomerId","line":32,"loc":{"start":{"line":32,"column":4},"end":{"line":32,"column":63}}},"3":{"name":"invest","line":39,"loc":{"start":{"line":39,"column":4},"end":{"line":39,"column":46}}},"4":{"name":"investWithSignedAddress","line":48,"loc":{"start":{"line":48,"column":4},"end":{"line":48,"column":114}}},"5":{"name":"investWithCustomerId","line":58,"loc":{"start":{"line":58,"column":4},"end":{"line":58,"column":80}}},"6":{"name":"setRequireSignedAddress","line":70,"loc":{"start":{"line":70,"column":4},"end":{"line":70,"column":80}}},"7":{"name":"setRequireCustomerId","line":81,"loc":{"start":{"line":81,"column":4},"end":{"line":81,"column":53}}}},"statementMap":{"1":{"start":{"line":25,"column":8},"end":{"line":25,"column":63}},"2":{"start":{"line":33,"column":8},"end":{"line":33,"column":51}},"3":{"start":{"line":40,"column":8},"end":{"line":40,"column":33}},"4":{"start":{"line":41,"column":8},"end":{"line":41,"column":37}},"5":{"start":{"line":42,"column":8},"end":{"line":42,"column":30}},"6":{"start":{"line":49,"column":8},"end":{"line":49,"column":34}},"7":{"start":{"line":50,"column":8},"end":{"line":50,"column":63}},"8":{"start":{"line":50,"column":55},"end":{"line":50,"column":62}},"9":{"start":{"line":51,"column":8},"end":{"line":51,"column":36}},"10":{"start":{"line":51,"column":28},"end":{"line":51,"column":35}},"11":{"start":{"line":52,"column":8},"end":{"line":52,"column":39}},"12":{"start":{"line":59,"column":8},"end":{"line":59,"column":42}},"13":{"start":{"line":59,"column":34},"end":{"line":59,"column":41}},"14":{"start":{"line":60,"column":8},"end":{"line":60,"column":36}},"15":{"start":{"line":60,"column":28},"end":{"line":60,"column":35}},"16":{"start":{"line":61,"column":8},"end":{"line":61,"column":39}},"17":{"start":{"line":71,"column":8},"end":{"line":71,"column":36}},"18":{"start":{"line":72,"column":8},"end":{"line":72,"column":37}},"19":{"start":{"line":73,"column":8},"end":{"line":73,"column":87}},"20":{"start":{"line":82,"column":8},"end":{"line":82,"column":32}},"21":{"start":{"line":83,"column":8},"end":{"line":83,"column":87}}},"branchMap":{"1":{"line":40,"type":"if","locations":[{"start":{"line":40,"column":8},"end":{"line":40,"column":8}},{"start":{"line":40,"column":8},"end":{"line":40,"column":8}}]},"2":{"line":41,"type":"if","locations":[{"start":{"line":41,"column":8},"end":{"line":41,"column":8}},{"start":{"line":41,"column":8},"end":{"line":41,"column":8}}]},"3":{"line":50,"type":"if","locations":[{"start":{"line":50,"column":8},"end":{"line":50,"column":8}},{"start":{"line":50,"column":8},"end":{"line":50,"column":8}}]},"4":{"line":51,"type":"if","locations":[{"start":{"line":51,"column":8},"end":{"line":51,"column":8}},{"start":{"line":51,"column":8},"end":{"line":51,"column":8}}]},"5":{"line":59,"type":"if","locations":[{"start":{"line":59,"column":8},"end":{"line":59,"column":8}},{"start":{"line":59,"column":8},"end":{"line":59,"column":8}}]},"6":{"line":60,"type":"if","locations":[{"start":{"line":60,"column":8},"end":{"line":60,"column":8}},{"start":{"line":60,"column":8},"end":{"line":60,"column":8}}]}}},"contracts/crowdsale/NullFinalizeAgent.sol":{"l":{"17":0,"21":0},"path":"/Users/marcin/dev/mgordel/ethereum/algory-ico/contracts/crowdsale/NullFinalizeAgent.sol","s":{"1":0,"2":0},"b":{},"f":{"1":0,"2":0,"3":0},"fnMap":{"1":{"name":"NullFinalizeAgent","line":16,"loc":{"start":{"line":16,"column":4},"end":{"line":16,"column":56}}},"2":{"name":"isSane","line":20,"loc":{"start":{"line":20,"column":4},"end":{"line":20,"column":50}}},"3":{"name":"finalizeCrowdsale","line":25,"loc":{"start":{"line":25,"column":4},"end":{"line":25,"column":37}}}},"statementMap":{"1":{"start":{"line":17,"column":8},"end":{"line":17,"column":29}},"2":{"start":{"line":21,"column":8},"end":{"line":21,"column":57}}},"branchMap":{}},"contracts/crowdsale/PricingStrategy.sol":{"l":{"13":2,"17":102},"path":"/Users/marcin/dev/mgordel/ethereum/algory-ico/contracts/crowdsale/PricingStrategy.sol","s":{"1":2,"2":102},"b":{},"f":{"1":2,"2":102},"fnMap":{"1":{"name":"isPricingStrategy","line":12,"loc":{"start":{"line":12,"column":2},"end":{"line":12,"column":61}}},"2":{"name":"getPresaleMaxValue","line":16,"loc":{"start":{"line":16,"column":2},"end":{"line":16,"column":62}}}},"statementMap":{"1":{"start":{"line":13,"column":4},"end":{"line":13,"column":15}},"2":{"start":{"line":17,"column":4},"end":{"line":17,"column":26}}},"branchMap":{}},"contracts/math/SafeMath.sol":{"l":{"8":0,"9":0,"10":0,"14":0,"15":0,"16":0,"17":0,"21":2,"22":2,"26":1,"27":1,"28":1,"32":0,"36":0,"40":0,"44":0},"path":"/Users/marcin/dev/mgordel/ethereum/algory-ico/contracts/math/SafeMath.sol","s":{"1":0,"2":0,"3":0,"4":0,"5":0,"6":0,"7":0,"8":2,"9":2,"10":1,"11":1,"12":1,"13":0,"14":0,"15":0,"16":0},"b":{"1":[0,0],"2":[0,0],"3":[0,0],"4":[2,0],"5":[1,0]},"f":{"1":0,"2":0,"3":2,"4":1,"5":0,"6":0,"7":0,"8":0},"fnMap":{"1":{"name":"safeMul","line":7,"loc":{"start":{"line":7,"column":2},"end":{"line":7,"column":58}}},"2":{"name":"safeDiv","line":13,"loc":{"start":{"line":13,"column":2},"end":{"line":13,"column":58}}},"3":{"name":"safeSub","line":20,"loc":{"start":{"line":20,"column":2},"end":{"line":20,"column":58}}},"4":{"name":"safeAdd","line":25,"loc":{"start":{"line":25,"column":2},"end":{"line":25,"column":58}}},"5":{"name":"max64","line":31,"loc":{"start":{"line":31,"column":2},"end":{"line":31,"column":71}}},"6":{"name":"min64","line":35,"loc":{"start":{"line":35,"column":2},"end":{"line":35,"column":71}}},"7":{"name":"max256","line":39,"loc":{"start":{"line":39,"column":2},"end":{"line":39,"column":75}}},"8":{"name":"min256","line":43,"loc":{"start":{"line":43,"column":2},"end":{"line":43,"column":75}}}},"statementMap":{"1":{"start":{"line":8,"column":4},"end":{"line":8,"column":17}},"2":{"start":{"line":9,"column":4},"end":{"line":9,"column":31}},"3":{"start":{"line":10,"column":4},"end":{"line":10,"column":12}},"4":{"start":{"line":14,"column":4},"end":{"line":14,"column":16}},"5":{"start":{"line":15,"column":4},"end":{"line":15,"column":17}},"6":{"start":{"line":16,"column":4},"end":{"line":16,"column":29}},"7":{"start":{"line":17,"column":4},"end":{"line":17,"column":12}},"8":{"start":{"line":21,"column":4},"end":{"line":21,"column":17}},"9":{"start":{"line":22,"column":4},"end":{"line":22,"column":16}},"10":{"start":{"line":26,"column":4},"end":{"line":26,"column":17}},"11":{"start":{"line":27,"column":4},"end":{"line":27,"column":23}},"12":{"start":{"line":28,"column":4},"end":{"line":28,"column":12}},"13":{"start":{"line":32,"column":4},"end":{"line":32,"column":25}},"14":{"start":{"line":36,"column":4},"end":{"line":36,"column":24}},"15":{"start":{"line":40,"column":4},"end":{"line":40,"column":25}},"16":{"start":{"line":44,"column":4},"end":{"line":44,"column":24}}},"branchMap":{"1":{"line":9,"type":"if","locations":[{"start":{"line":9,"column":4},"end":{"line":9,"column":4}},{"start":{"line":9,"column":4},"end":{"line":9,"column":4}}]},"2":{"line":14,"type":"if","locations":[{"start":{"line":14,"column":4},"end":{"line":14,"column":4}},{"start":{"line":14,"column":4},"end":{"line":14,"column":4}}]},"3":{"line":16,"type":"if","locations":[{"start":{"line":16,"column":4},"end":{"line":16,"column":4}},{"start":{"line":16,"column":4},"end":{"line":16,"column":4}}]},"4":{"line":21,"type":"if","locations":[{"start":{"line":21,"column":4},"end":{"line":21,"column":4}},{"start":{"line":21,"column":4},"end":{"line":21,"column":4}}]},"5":{"line":27,"type":"if","locations":[{"start":{"line":27,"column":4},"end":{"line":27,"column":4}},{"start":{"line":27,"column":4},"end":{"line":27,"column":4}}]}}},"contracts/math/SafeMathLib.sol":{"l":{"16":0,"17":0,"18":0,"22":0,"23":0,"27":104,"28":104,"29":104},"path":"/Users/marcin/dev/mgordel/ethereum/algory-ico/contracts/math/SafeMathLib.sol","s":{"1":0,"2":0,"3":0,"4":0,"5":0,"6":104,"7":104,"8":104},"b":{"1":[0,0],"2":[0,0],"3":[104,0]},"f":{"1":0,"2":0,"3":104},"fnMap":{"1":{"name":"times","line":15,"loc":{"start":{"line":15,"column":2},"end":{"line":15,"column":47}}},"2":{"name":"minus","line":21,"loc":{"start":{"line":21,"column":2},"end":{"line":21,"column":47}}},"3":{"name":"plus","line":26,"loc":{"start":{"line":26,"column":2},"end":{"line":26,"column":46}}}},"statementMap":{"1":{"start":{"line":16,"column":4},"end":{"line":16,"column":17}},"2":{"start":{"line":17,"column":4},"end":{"line":17,"column":31}},"3":{"start":{"line":18,"column":4},"end":{"line":18,"column":12}},"4":{"start":{"line":22,"column":4},"end":{"line":22,"column":17}},"5":{"start":{"line":23,"column":4},"end":{"line":23,"column":16}},"6":{"start":{"line":27,"column":4},"end":{"line":27,"column":17}},"7":{"start":{"line":28,"column":4},"end":{"line":28,"column":15}},"8":{"start":{"line":29,"column":4},"end":{"line":29,"column":12}}},"branchMap":{"1":{"line":17,"type":"if","locations":[{"start":{"line":17,"column":4},"end":{"line":17,"column":4}},{"start":{"line":17,"column":4},"end":{"line":17,"column":4}}]},"2":{"line":22,"type":"if","locations":[{"start":{"line":22,"column":4},"end":{"line":22,"column":4}},{"start":{"line":22,"column":4},"end":{"line":22,"column":4}}]},"3":{"line":28,"type":"if","locations":[{"start":{"line":28,"column":4},"end":{"line":28,"column":4}},{"start":{"line":28,"column":4},"end":{"line":28,"column":4}}]}}},"contracts/ownership/Haltable.sol":{"l":{"17":4,"18":4,"22":0,"23":0,"27":0,"28":0,"33":0,"38":0},"path":"/Users/marcin/dev/mgordel/ethereum/algory-ico/contracts/ownership/Haltable.sol","s":{"1":4,"2":0,"3":0,"4":0,"5":0,"6":0,"7":0,"8":0},"b":{"1":[0,4],"2":[0,0],"3":[0,0]},"f":{"1":4,"2":0,"3":0,"4":0,"5":0},"fnMap":{"1":{"name":"stopInEmergency","line":16,"loc":{"start":{"line":16,"column":2},"end":{"line":16,"column":26}}},"2":{"name":"stopNonOwnersInEmergency","line":21,"loc":{"start":{"line":21,"column":2},"end":{"line":21,"column":35}}},"3":{"name":"onlyInEmergency","line":26,"loc":{"start":{"line":26,"column":2},"end":{"line":26,"column":26}}},"4":{"name":"halt","line":32,"loc":{"start":{"line":32,"column":2},"end":{"line":32,"column":36}}},"5":{"name":"unhalt","line":37,"loc":{"start":{"line":37,"column":2},"end":{"line":37,"column":54}}}},"statementMap":{"1":{"start":{"line":17,"column":4},"end":{"line":17,"column":24}},"2":{"start":{"line":17,"column":16},"end":{"line":17,"column":23}},"3":{"start":{"line":22,"column":4},"end":{"line":22,"column":47}},"4":{"start":{"line":22,"column":39},"end":{"line":22,"column":46}},"5":{"start":{"line":27,"column":4},"end":{"line":27,"column":25}},"6":{"start":{"line":27,"column":17},"end":{"line":27,"column":24}},"7":{"start":{"line":33,"column":4},"end":{"line":33,"column":16}},"8":{"start":{"line":38,"column":4},"end":{"line":38,"column":17}}},"branchMap":{"1":{"line":17,"type":"if","locations":[{"start":{"line":17,"column":4},"end":{"line":17,"column":4}},{"start":{"line":17,"column":4},"end":{"line":17,"column":4}}]},"2":{"line":22,"type":"if","locations":[{"start":{"line":22,"column":4},"end":{"line":22,"column":4}},{"start":{"line":22,"column":4},"end":{"line":22,"column":4}}]},"3":{"line":27,"type":"if","locations":[{"start":{"line":27,"column":4},"end":{"line":27,"column":4}},{"start":{"line":27,"column":4},"end":{"line":27,"column":4}}]}}},"contracts/ownership/Ownable.sol":{"l":{"17":5,"25":129,"26":129,"35":0,"36":0},"path":"/Users/marcin/dev/mgordel/ethereum/algory-ico/contracts/ownership/Ownable.sol","s":{"1":5,"2":129,"3":0,"4":0},"b":{"1":[129,0],"2":[0,0]},"f":{"1":5,"2":129,"3":0},"fnMap":{"1":{"name":"Ownable","line":16,"loc":{"start":{"line":16,"column":2},"end":{"line":16,"column":20}}},"2":{"name":"onlyOwner","line":24,"loc":{"start":{"line":24,"column":2},"end":{"line":24,"column":22}}},"3":{"name":"transferOwnership","line":34,"loc":{"start":{"line":34,"column":2},"end":{"line":34,"column":56}}}},"statementMap":{"1":{"start":{"line":17,"column":4},"end":{"line":17,"column":21}},"2":{"start":{"line":25,"column":4},"end":{"line":25,"column":31}},"3":{"start":{"line":35,"column":4},"end":{"line":35,"column":34}},"4":{"start":{"line":36,"column":4},"end":{"line":36,"column":19}}},"branchMap":{"1":{"line":25,"type":"if","locations":[{"start":{"line":25,"column":4},"end":{"line":25,"column":4}},{"start":{"line":25,"column":4},"end":{"line":25,"column":4}}]},"2":{"line":35,"type":"if","locations":[{"start":{"line":35,"column":4},"end":{"line":35,"column":4}},{"start":{"line":35,"column":4},"end":{"line":35,"column":4}}]}}},"contracts/token/AlgoryToken.sol":{"l":{"30":1,"31":1,"34":1,"36":1,"37":1,"45":0,"52":0,"65":1,"66":1,"68":1},"path":"/Users/marcin/dev/mgordel/ethereum/algory-ico/contracts/token/AlgoryToken.sol","s":{"1":1,"2":1,"3":1,"4":1,"5":1,"6":0,"7":1,"8":1,"9":1},"b":{"1":[1,0]},"f":{"1":1,"2":0,"3":0,"4":1},"fnMap":{"1":{"name":"AlgoryToken","line":28,"loc":{"start":{"line":28,"column":4},"end":{"line":28,"column":72}}},"2":{"name":"releaseTokenTransfer","line":44,"loc":{"start":{"line":44,"column":4},"end":{"line":44,"column":57}}},"3":{"name":"canUpgrade","line":51,"loc":{"start":{"line":51,"column":4},"end":{"line":51,"column":53}}},"4":{"name":"setTokenInformation","line":64,"loc":{"start":{"line":64,"column":4},"end":{"line":64,"column":70}}}},"statementMap":{"1":{"start":{"line":30,"column":8},"end":{"line":30,"column":25}},"2":{"start":{"line":31,"column":8},"end":{"line":31,"column":35}},"3":{"start":{"line":34,"column":8},"end":{"line":34,"column":36}},"4":{"start":{"line":36,"column":8},"end":{"line":36,"column":971}},"5":{"start":{"line":37,"column":12},"end":{"line":37,"column":37}},"6":{"start":{"line":52,"column":8},"end":{"line":52,"column":45}},"7":{"start":{"line":65,"column":8},"end":{"line":65,"column":19}},"8":{"start":{"line":66,"column":8},"end":{"line":66,"column":23}},"9":{"start":{"line":68,"column":8},"end":{"line":68,"column":44}}},"branchMap":{"1":{"line":36,"type":"if","locations":[{"start":{"line":36,"column":8},"end":{"line":36,"column":8}},{"start":{"line":36,"column":8},"end":{"line":36,"column":8}}]}}},"contracts/token/BurnableToken.sol":{"l":{"17":0,"18":0,"19":0,"20":0},"path":"/Users/marcin/dev/mgordel/ethereum/algory-ico/contracts/token/BurnableToken.sol","s":{"1":0,"2":0,"3":0,"4":0},"b":{},"f":{"1":0},"fnMap":{"1":{"name":"burn","line":16,"loc":{"start":{"line":16,"column":4},"end":{"line":16,"column":32}}}},"statementMap":{"1":{"start":{"line":17,"column":8},"end":{"line":17,"column":34}},"2":{"start":{"line":18,"column":8},"end":{"line":18,"column":63}},"3":{"start":{"line":19,"column":8},"end":{"line":19,"column":53}},"4":{"start":{"line":20,"column":8},"end":{"line":20,"column":33}}},"branchMap":{}},"contracts/token/ERC20.sol":{"l":{},"path":"/Users/marcin/dev/mgordel/ethereum/algory-ico/contracts/token/ERC20.sol","s":{},"b":{},"f":{},"fnMap":{},"statementMap":{},"branchMap":{}},"contracts/token/ERC20Basic.sol":{"l":{},"path":"/Users/marcin/dev/mgordel/ethereum/algory-ico/contracts/token/ERC20Basic.sol","s":{},"b":{},"f":{},"fnMap":{},"statementMap":{},"branchMap":{}},"contracts/token/FractionalERC20.sol":{"l":{},"path":"/Users/marcin/dev/mgordel/ethereum/algory-ico/contracts/token/FractionalERC20.sol","s":{},"b":{},"f":{},"fnMap":{},"statementMap":{},"branchMap":{}},"contracts/token/ReleasableToken.sol":{"l":{"26":0,"27":0,"28":0,"32":0,"43":2,"50":0,"59":0,"64":2,"65":0,"67":2,"72":0,"73":0,"75":0,"80":0,"85":0},"path":"/Users/marcin/dev/mgordel/ethereum/algory-ico/contracts/token/ReleasableToken.sol","s":{"1":0,"2":0,"3":0,"4":2,"5":0,"6":0,"7":2,"8":0,"9":0,"10":0,"11":0,"12":0},"b":{"1":[0,0],"2":[0,0],"3":[0,2],"4":[0,0]},"f":{"1":0,"2":2,"3":0,"4":0,"5":2,"6":0,"7":0,"8":0},"fnMap":{"1":{"name":"canTransfer","line":24,"loc":{"start":{"line":24,"column":4},"end":{"line":24,"column":39}}},"2":{"name":"setReleaseAgent","line":40,"loc":{"start":{"line":40,"column":4},"end":{"line":40,"column":79}}},"3":{"name":"setTransferAgent","line":49,"loc":{"start":{"line":49,"column":4},"end":{"line":49,"column":92}}},"4":{"name":"releaseTokenTransfer","line":58,"loc":{"start":{"line":58,"column":4},"end":{"line":58,"column":57}}},"5":{"name":"inReleaseState","line":63,"loc":{"start":{"line":63,"column":4},"end":{"line":63,"column":44}}},"6":{"name":"onlyReleaseAgent","line":71,"loc":{"start":{"line":71,"column":4},"end":{"line":71,"column":29}}},"7":{"name":"transfer","line":78,"loc":{"start":{"line":78,"column":4},"end":{"line":78,"column":92}}},"8":{"name":"transferFrom","line":83,"loc":{"start":{"line":83,"column":4},"end":{"line":83,"column":106}}}},"statementMap":{"1":{"start":{"line":26,"column":8},"end":{"line":26,"column":860}},"2":{"start":{"line":27,"column":12},"end":{"line":27,"column":892}},"3":{"start":{"line":28,"column":16},"end":{"line":28,"column":23}},"4":{"start":{"line":43,"column":8},"end":{"line":43,"column":26}},"5":{"start":{"line":50,"column":8},"end":{"line":50,"column":35}},"6":{"start":{"line":59,"column":8},"end":{"line":59,"column":22}},"7":{"start":{"line":64,"column":8},"end":{"line":64,"column":2160}},"8":{"start":{"line":65,"column":12},"end":{"line":65,"column":19}},"9":{"start":{"line":72,"column":8},"end":{"line":72,"column":2358}},"10":{"start":{"line":73,"column":12},"end":{"line":73,"column":19}},"11":{"start":{"line":80,"column":8},"end":{"line":80,"column":42}},"12":{"start":{"line":85,"column":8},"end":{"line":85,"column":53}}},"branchMap":{"1":{"line":26,"type":"if","locations":[{"start":{"line":26,"column":8},"end":{"line":26,"column":8}},{"start":{"line":26,"column":8},"end":{"line":26,"column":8}}]},"2":{"line":27,"type":"if","locations":[{"start":{"line":27,"column":12},"end":{"line":27,"column":12}},{"start":{"line":27,"column":12},"end":{"line":27,"column":12}}]},"3":{"line":64,"type":"if","locations":[{"start":{"line":64,"column":8},"end":{"line":64,"column":8}},{"start":{"line":64,"column":8},"end":{"line":64,"column":8}}]},"4":{"line":72,"type":"if","locations":[{"start":{"line":72,"column":8},"end":{"line":72,"column":8}},{"start":{"line":72,"column":8},"end":{"line":72,"column":8}}]}}},"contracts/token/StandardToken.sol":{"l":{"25":0,"29":0,"30":0,"31":0,"32":0,"36":1,"38":1,"39":1,"40":1,"41":1,"42":1,"46":3,"55":2,"57":2,"58":2,"59":2,"63":28},"path":"/Users/marcin/dev/mgordel/ethereum/algory-ico/contracts/token/StandardToken.sol","s":{"1":0,"2":0,"3":0,"4":0,"5":0,"6":1,"7":1,"8":1,"9":1,"10":1,"11":1,"12":3,"13":2,"14":0,"15":2,"16":2,"17":2,"18":28},"b":{"1":[0,2]},"f":{"1":0,"2":0,"3":1,"4":3,"5":2,"6":28},"fnMap":{"1":{"name":"isToken","line":24,"loc":{"start":{"line":24,"column":2},"end":{"line":24,"column":57}}},"2":{"name":"transfer","line":28,"loc":{"start":{"line":28,"column":2},"end":{"line":28,"column":68}}},"3":{"name":"transferFrom","line":35,"loc":{"start":{"line":35,"column":2},"end":{"line":35,"column":87}}},"4":{"name":"balanceOf","line":45,"loc":{"start":{"line":45,"column":2},"end":{"line":45,"column":68}}},"5":{"name":"approve","line":49,"loc":{"start":{"line":49,"column":2},"end":{"line":49,"column":72}}},"6":{"name":"allowance","line":62,"loc":{"start":{"line":62,"column":2},"end":{"line":62,"column":88}}}},"statementMap":{"1":{"start":{"line":25,"column":4},"end":{"line":25,"column":15}},"2":{"start":{"line":29,"column":4},"end":{"line":29,"column":63}},"3":{"start":{"line":30,"column":4},"end":{"line":30,"column":49}},"4":{"start":{"line":31,"column":4},"end":{"line":31,"column":36}},"5":{"start":{"line":32,"column":4},"end":{"line":32,"column":15}},"6":{"start":{"line":36,"column":4},"end":{"line":36,"column":47}},"7":{"start":{"line":38,"column":4},"end":{"line":38,"column":49}},"8":{"start":{"line":39,"column":4},"end":{"line":39,"column":53}},"9":{"start":{"line":40,"column":4},"end":{"line":40,"column":59}},"10":{"start":{"line":41,"column":4},"end":{"line":41,"column":31}},"11":{"start":{"line":42,"column":4},"end":{"line":42,"column":15}},"12":{"start":{"line":46,"column":4},"end":{"line":46,"column":27}},"13":{"start":{"line":55,"column":4},"end":{"line":55,"column":71}},"14":{"start":{"line":55,"column":63},"end":{"line":55,"column":70}},"15":{"start":{"line":57,"column":4},"end":{"line":57,"column":41}},"16":{"start":{"line":58,"column":4},"end":{"line":58,"column":41}},"17":{"start":{"line":59,"column":4},"end":{"line":59,"column":15}},"18":{"start":{"line":63,"column":4},"end":{"line":63,"column":36}}},"branchMap":{"1":{"line":55,"type":"if","locations":[{"start":{"line":55,"column":4},"end":{"line":55,"column":4}},{"start":{"line":55,"column":4},"end":{"line":55,"column":4}}]}}},"contracts/token/UpgradeableToken.sol":{"l":{"47":1,"55":0,"56":0,"58":0,"62":0,"64":0,"67":0,"68":0,"71":0,"72":0,"80":0,"82":0,"85":0,"87":0,"89":0,"91":0,"94":0,"96":0,"98":0,"105":0,"117":0,"118":0,"119":0,"126":0},"path":"/Users/marcin/dev/mgordel/ethereum/algory-ico/contracts/token/UpgradeableToken.sol","s":{"1":1,"2":0,"3":0,"4":0,"5":0,"6":0,"7":0,"8":0,"9":0,"10":0,"11":0,"12":0,"13":0,"14":0,"15":0,"16":0,"17":0,"18":0,"19":0,"20":0,"21":0,"22":0,"23":0,"24":0,"25":0,"26":0,"27":0,"28":0,"29":0,"30":0,"31":0,"32":0,"33":0,"34":0,"35":0,"36":0,"37":0},"b":{"1":[0,0],"2":[0,0],"3":[0,0],"4":[0,0],"5":[0,0],"6":[0,0],"7":[0,0],"8":[0,0],"9":[0,0],"10":[0,0],"11":[0,0],"12":[0,0],"13":[0,0]},"f":{"1":1,"2":0,"3":0,"4":0,"5":0,"6":0},"fnMap":{"1":{"name":"UpgradeableToken","line":46,"loc":{"start":{"line":46,"column":4},"end":{"line":46,"column":51}}},"2":{"name":"upgrade","line":53,"loc":{"start":{"line":53,"column":4},"end":{"line":53,"column":40}}},"3":{"name":"setUpgradeAgent","line":78,"loc":{"start":{"line":78,"column":4},"end":{"line":78,"column":50}}},"4":{"name":"getUpgradeState","line":104,"loc":{"start":{"line":104,"column":4},"end":{"line":104,"column":66}}},"5":{"name":"setUpgradeMaster","line":116,"loc":{"start":{"line":116,"column":4},"end":{"line":116,"column":50}}},"6":{"name":"canUpgrade","line":125,"loc":{"start":{"line":125,"column":4},"end":{"line":125,"column":53}}}},"statementMap":{"1":{"start":{"line":47,"column":8},"end":{"line":47,"column":37}},"2":{"start":{"line":55,"column":8},"end":{"line":55,"column":45}},"3":{"start":{"line":56,"column":8},"end":{"line":56,"column":1791}},"4":{"start":{"line":58,"column":12},"end":{"line":58,"column":19}},"5":{"start":{"line":62,"column":8},"end":{"line":62,"column":32}},"6":{"start":{"line":62,"column":24},"end":{"line":62,"column":31}},"7":{"start":{"line":64,"column":8},"end":{"line":64,"column":66}},"8":{"start":{"line":67,"column":8},"end":{"line":67,"column":48}},"9":{"start":{"line":68,"column":8},"end":{"line":68,"column":52}},"10":{"start":{"line":72,"column":8},"end":{"line":72,"column":47}},"11":{"start":{"line":80,"column":8},"end":{"line":80,"column":2507}},"12":{"start":{"line":82,"column":12},"end":{"line":82,"column":19}},"13":{"start":{"line":85,"column":8},"end":{"line":85,"column":34}},"14":{"start":{"line":85,"column":26},"end":{"line":85,"column":33}},"15":{"start":{"line":87,"column":8},"end":{"line":87,"column":49}},"16":{"start":{"line":87,"column":41},"end":{"line":87,"column":48}},"17":{"start":{"line":89,"column":8},"end":{"line":89,"column":65}},"18":{"start":{"line":89,"column":57},"end":{"line":89,"column":64}},"19":{"start":{"line":91,"column":8},"end":{"line":91,"column":41}},"20":{"start":{"line":94,"column":8},"end":{"line":94,"column":51}},"21":{"start":{"line":94,"column":43},"end":{"line":94,"column":50}},"22":{"start":{"line":96,"column":8},"end":{"line":96,"column":66}},"23":{"start":{"line":96,"column":58},"end":{"line":96,"column":65}},"24":{"start":{"line":98,"column":8},"end":{"line":98,"column":36}},"25":{"start":{"line":105,"column":8},"end":{"line":105,"column":3374}},"26":{"start":{"line":105,"column":26},"end":{"line":105,"column":56}},"27":{"start":{"line":106,"column":13},"end":{"line":106,"column":3437}},"28":{"start":{"line":106,"column":47},"end":{"line":106,"column":82}},"29":{"start":{"line":107,"column":13},"end":{"line":107,"column":3521}},"30":{"start":{"line":107,"column":36},"end":{"line":107,"column":70}},"31":{"start":{"line":108,"column":13},"end":{"line":108,"column":42}},"32":{"start":{"line":117,"column":8},"end":{"line":117,"column":35}},"33":{"start":{"line":117,"column":27},"end":{"line":117,"column":34}},"34":{"start":{"line":118,"column":8},"end":{"line":118,"column":49}},"35":{"start":{"line":118,"column":41},"end":{"line":118,"column":48}},"36":{"start":{"line":119,"column":8},"end":{"line":119,"column":29}},"37":{"start":{"line":126,"column":8},"end":{"line":126,"column":19}}},"branchMap":{"1":{"line":56,"type":"if","locations":[{"start":{"line":56,"column":8},"end":{"line":56,"column":8}},{"start":{"line":56,"column":8},"end":{"line":56,"column":8}}]},"2":{"line":62,"type":"if","locations":[{"start":{"line":62,"column":8},"end":{"line":62,"column":8}},{"start":{"line":62,"column":8},"end":{"line":62,"column":8}}]},"3":{"line":80,"type":"if","locations":[{"start":{"line":80,"column":8},"end":{"line":80,"column":8}},{"start":{"line":80,"column":8},"end":{"line":80,"column":8}}]},"4":{"line":85,"type":"if","locations":[{"start":{"line":85,"column":8},"end":{"line":85,"column":8}},{"start":{"line":85,"column":8},"end":{"line":85,"column":8}}]},"5":{"line":87,"type":"if","locations":[{"start":{"line":87,"column":8},"end":{"line":87,"column":8}},{"start":{"line":87,"column":8},"end":{"line":87,"column":8}}]},"6":{"line":89,"type":"if","locations":[{"start":{"line":89,"column":8},"end":{"line":89,"column":8}},{"start":{"line":89,"column":8},"end":{"line":89,"column":8}}]},"7":{"line":94,"type":"if","locations":[{"start":{"line":94,"column":8},"end":{"line":94,"column":8}},{"start":{"line":94,"column":8},"end":{"line":94,"column":8}}]},"8":{"line":96,"type":"if","locations":[{"start":{"line":96,"column":8},"end":{"line":96,"column":8}},{"start":{"line":96,"column":8},"end":{"line":96,"column":8}}]},"9":{"line":105,"type":"if","locations":[{"start":{"line":105,"column":8},"end":{"line":105,"column":8}},{"start":{"line":105,"column":8},"end":{"line":105,"column":8}}]},"10":{"line":106,"type":"if","locations":[{"start":{"line":106,"column":13},"end":{"line":106,"column":13}},{"start":{"line":106,"column":13},"end":{"line":106,"column":13}}]},"11":{"line":107,"type":"if","locations":[{"start":{"line":107,"column":13},"end":{"line":107,"column":13}},{"start":{"line":107,"column":13},"end":{"line":107,"column":13}}]},"12":{"line":117,"type":"if","locations":[{"start":{"line":117,"column":8},"end":{"line":117,"column":8}},{"start":{"line":117,"column":8},"end":{"line":117,"column":8}}]},"13":{"line":118,"type":"if","locations":[{"start":{"line":118,"column":8},"end":{"line":118,"column":8}},{"start":{"line":118,"column":8},"end":{"line":118,"column":8}}]}}},"contracts/token/UpgradeAgent.sol":{"l":{"15":0},"path":"/Users/marcin/dev/mgordel/ethereum/algory-ico/contracts/token/UpgradeAgent.sol","s":{"1":0},"b":{},"f":{"1":0},"fnMap":{"1":{"name":"isUpgradeAgent","line":14,"loc":{"start":{"line":14,"column":4},"end":{"line":14,"column":58}}}},"statementMap":{"1":{"start":{"line":15,"column":8},"end":{"line":15,"column":19}}},"branchMap":{}},"contracts/wallet/MultiSigWallet.sol":{"l":{"47":0,"48":0,"49":0,"53":0,"54":0,"55":0,"59":0,"60":0,"61":0,"65":0,"66":0,"67":0,"71":0,"72":0,"73":0,"77":0,"78":0,"79":0,"83":0,"84":0,"85":0,"89":0,"90":0,"91":0,"95":1,"99":0,"100":1,"107":0,"108":0,"121":1,"122":3,"123":0,"124":3,"126":1,"127":1,"139":0,"140":0,"141":0,"151":0,"152":0,"153":0,"154":0,"155":0,"157":0,"158":0,"159":0,"160":0,"172":0,"173":0,"174":0,"175":0,"177":0,"178":0,"179":0,"180":0,"190":0,"191":0,"203":0,"204":0,"215":0,"216":0,"217":0,"228":0,"229":0,"240":0,"241":0,"242":0,"243":0,"244":0,"246":0,"247":0,"260":0,"261":0,"262":0,"263":0,"264":0,"265":0,"282":0,"283":0,"289":0,"290":0,"304":0,"305":0,"306":0,"318":0,"319":0,"321":0,"331":0,"342":0,"343":0,"344":0,"345":0,"346":0,"347":0,"348":0,"350":0,"351":0,"352":0,"366":0,"367":0,"368":0,"369":0,"370":0,"373":0,"374":0,"376":0,"377":0,"378":0},"path":"/Users/marcin/dev/mgordel/ethereum/algory-ico/contracts/wallet/MultiSigWallet.sol","s":{"1":0,"2":0,"3":0,"4":0,"5":0,"6":0,"7":0,"8":0,"9":0,"10":0,"11":0,"12":0,"13":0,"14":0,"15":0,"16":0,"17":1,"18":0,"19":0,"20":0,"21":1,"22":3,"23":0,"24":3,"25":1,"26":1,"27":0,"28":0,"29":0,"30":0,"31":0,"32":0,"33":0,"34":0,"35":0,"36":0,"37":0,"38":0,"39":0,"40":0,"41":0,"42":0,"43":0,"44":0,"45":0,"46":0,"47":0,"48":0,"49":0,"50":0,"51":0,"52":0,"53":0,"54":0,"55":0,"56":0,"57":0,"58":0,"59":0,"60":0,"61":0,"62":0,"63":0,"64":0,"65":0,"66":0,"67":0,"68":0,"69":0,"70":0,"71":0,"72":0,"73":0,"74":0,"75":0,"76":0,"77":0,"78":0,"79":0,"80":0,"81":0,"82":0,"83":0,"84":0,"85":0,"86":0,"87":0,"88":0,"89":0,"90":0,"91":0,"92":0,"93":0,"94":0},"b":{"1":[0,0],"2":[0,0],"3":[0,0],"4":[0,0],"5":[0,0],"6":[0,0],"7":[0,0],"8":[0,0],"9":[0,1],"10":[0,0],"11":[0,3],"12":[0,0],"13":[0,0],"14":[0,0],"15":[0,0],"16":[0,0],"17":[0,0],"18":[0,0],"19":[0,0],"20":[0,0],"21":[0,0],"22":[0,0]},"f":{"1":0,"2":0,"3":0,"4":0,"5":0,"6":0,"7":0,"8":0,"9":1,"10":0,"11":1,"12":0,"13":0,"14":0,"15":0,"16":0,"17":0,"18":0,"19":0,"20":0,"21":0,"22":0,"23":0,"24":0,"25":0,"26":0},"fnMap":{"1":{"name":"onlyWallet","line":46,"loc":{"start":{"line":46,"column":4},"end":{"line":46,"column":23}}},"2":{"name":"ownerDoesNotExist","line":52,"loc":{"start":{"line":52,"column":4},"end":{"line":52,"column":43}}},"3":{"name":"ownerExists","line":58,"loc":{"start":{"line":58,"column":4},"end":{"line":58,"column":37}}},"4":{"name":"transactionExists","line":64,"loc":{"start":{"line":64,"column":4},"end":{"line":64,"column":48}}},"5":{"name":"confirmed","line":70,"loc":{"start":{"line":70,"column":4},"end":{"line":70,"column":55}}},"6":{"name":"notConfirmed","line":76,"loc":{"start":{"line":76,"column":4},"end":{"line":76,"column":58}}},"7":{"name":"notExecuted","line":82,"loc":{"start":{"line":82,"column":4},"end":{"line":82,"column":42}}},"8":{"name":"notNull","line":88,"loc":{"start":{"line":88,"column":4},"end":{"line":88,"column":36}}},"9":{"name":"validRequirement","line":94,"loc":{"start":{"line":94,"column":4},"end":{"line":94,"column":60}}},"10":{"name":null,"line":104,"loc":{"start":{"line":104,"column":4},"end":{"line":106,"column":5}}},"11":{"name":"MultiSigWallet","line":117,"loc":{"start":{"line":117,"column":4},"end":{"line":120,"column":5}}},"12":{"name":"addOwner","line":132,"loc":{"start":{"line":132,"column":4},"end":{"line":138,"column":5}}},"13":{"name":"removeOwner","line":146,"loc":{"start":{"line":146,"column":4},"end":{"line":150,"column":5}}},"14":{"name":"replaceOwner","line":166,"loc":{"start":{"line":166,"column":4},"end":{"line":171,"column":5}}},"15":{"name":"changeRequirement","line":185,"loc":{"start":{"line":185,"column":4},"end":{"line":189,"column":5}}},"16":{"name":"submitTransaction","line":199,"loc":{"start":{"line":199,"column":4},"end":{"line":202,"column":5}}},"17":{"name":"confirmTransaction","line":209,"loc":{"start":{"line":209,"column":4},"end":{"line":214,"column":5}}},"18":{"name":"revokeConfirmation","line":222,"loc":{"start":{"line":222,"column":4},"end":{"line":227,"column":5}}},"19":{"name":"executeTransaction","line":234,"loc":{"start":{"line":234,"column":4},"end":{"line":239,"column":5}}},"20":{"name":"isConfirmed","line":255,"loc":{"start":{"line":255,"column":4},"end":{"line":259,"column":5}}},"21":{"name":"addTransaction","line":277,"loc":{"start":{"line":277,"column":4},"end":{"line":281,"column":5}}},"22":{"name":"getConfirmationCount","line":299,"loc":{"start":{"line":299,"column":4},"end":{"line":303,"column":5}}},"23":{"name":"getTransactionCount","line":313,"loc":{"start":{"line":313,"column":4},"end":{"line":317,"column":5}}},"24":{"name":"getOwners","line":326,"loc":{"start":{"line":326,"column":4},"end":{"line":330,"column":5}}},"25":{"name":"getConfirmations","line":337,"loc":{"start":{"line":337,"column":4},"end":{"line":341,"column":5}}},"26":{"name":"getTransactionIds","line":361,"loc":{"start":{"line":361,"column":4},"end":{"line":365,"column":5}}}},"statementMap":{"1":{"start":{"line":47,"column":8},"end":{"line":47,"column":1327}},"2":{"start":{"line":48,"column":8},"end":{"line":48,"column":15}},"3":{"start":{"line":53,"column":8},"end":{"line":53,"column":1452}},"4":{"start":{"line":54,"column":8},"end":{"line":54,"column":15}},"5":{"start":{"line":59,"column":8},"end":{"line":59,"column":1558}},"6":{"start":{"line":60,"column":8},"end":{"line":60,"column":15}},"7":{"start":{"line":65,"column":8},"end":{"line":65,"column":1676}},"8":{"start":{"line":66,"column":8},"end":{"line":66,"column":15}},"9":{"start":{"line":71,"column":8},"end":{"line":71,"column":1830}},"10":{"start":{"line":72,"column":8},"end":{"line":72,"column":15}},"11":{"start":{"line":77,"column":8},"end":{"line":77,"column":1979}},"12":{"start":{"line":78,"column":8},"end":{"line":78,"column":15}},"13":{"start":{"line":83,"column":8},"end":{"line":83,"column":2111}},"14":{"start":{"line":84,"column":8},"end":{"line":84,"column":15}},"15":{"start":{"line":89,"column":8},"end":{"line":89,"column":2238}},"16":{"start":{"line":90,"column":8},"end":{"line":90,"column":15}},"17":{"start":{"line":95,"column":8},"end":{"line":95,"column":2366}},"18":{"start":{"line":99,"column":8},"end":{"line":99,"column":15}},"19":{"start":{"line":107,"column":8},"end":{"line":107,"column":2645}},"20":{"start":{"line":108,"column":8},"end":{"line":108,"column":37}},"21":{"start":{"line":121,"column":8},"end":{"line":121,"column":3054}},"22":{"start":{"line":122,"column":12},"end":{"line":122,"column":3118}},"23":{"start":{"line":123,"column":12},"end":{"line":123,"column":19}},"24":{"start":{"line":124,"column":12},"end":{"line":124,"column":37}},"25":{"start":{"line":126,"column":8},"end":{"line":126,"column":23}},"26":{"start":{"line":127,"column":8},"end":{"line":127,"column":27}},"27":{"start":{"line":139,"column":8},"end":{"line":139,"column":28}},"28":{"start":{"line":141,"column":8},"end":{"line":141,"column":27}},"29":{"start":{"line":151,"column":8},"end":{"line":151,"column":29}},"30":{"start":{"line":152,"column":8},"end":{"line":152,"column":3921}},"31":{"start":{"line":153,"column":8},"end":{"line":153,"column":3970}},"32":{"start":{"line":154,"column":12},"end":{"line":154,"column":48}},"33":{"start":{"line":157,"column":8},"end":{"line":157,"column":25}},"34":{"start":{"line":158,"column":8},"end":{"line":158,"column":4144}},"35":{"start":{"line":159,"column":8},"end":{"line":159,"column":39}},"36":{"start":{"line":160,"column":8},"end":{"line":160,"column":26}},"37":{"start":{"line":172,"column":8},"end":{"line":172,"column":4570}},"38":{"start":{"line":173,"column":8},"end":{"line":173,"column":4615}},"39":{"start":{"line":174,"column":12},"end":{"line":174,"column":31}},"40":{"start":{"line":177,"column":8},"end":{"line":177,"column":29}},"41":{"start":{"line":178,"column":8},"end":{"line":178,"column":31}},"42":{"start":{"line":179,"column":8},"end":{"line":179,"column":26}},"43":{"start":{"line":180,"column":8},"end":{"line":180,"column":30}},"44":{"start":{"line":190,"column":8},"end":{"line":190,"column":27}},"45":{"start":{"line":191,"column":8},"end":{"line":191,"column":35}},"46":{"start":{"line":203,"column":8},"end":{"line":203,"column":63}},"47":{"start":{"line":204,"column":8},"end":{"line":204,"column":40}},"48":{"start":{"line":215,"column":8},"end":{"line":215,"column":54}},"49":{"start":{"line":216,"column":8},"end":{"line":216,"column":46}},"50":{"start":{"line":217,"column":8},"end":{"line":217,"column":40}},"51":{"start":{"line":228,"column":8},"end":{"line":228,"column":55}},"52":{"start":{"line":229,"column":8},"end":{"line":229,"column":44}},"53":{"start":{"line":240,"column":8},"end":{"line":240,"column":6818}},"54":{"start":{"line":241,"column":12},"end":{"line":241,"column":55}},"55":{"start":{"line":242,"column":12},"end":{"line":242,"column":29}},"56":{"start":{"line":243,"column":12},"end":{"line":243,"column":6958}},"57":{"start":{"line":244,"column":12},"end":{"line":244,"column":35}},"58":{"start":{"line":246,"column":16},"end":{"line":246,"column":46}},"59":{"start":{"line":247,"column":16},"end":{"line":247,"column":34}},"60":{"start":{"line":260,"column":8},"end":{"line":260,"column":21}},"61":{"start":{"line":261,"column":8},"end":{"line":261,"column":7449}},"62":{"start":{"line":262,"column":12},"end":{"line":262,"column":7514}},"63":{"start":{"line":263,"column":12},"end":{"line":263,"column":21}},"64":{"start":{"line":264,"column":12},"end":{"line":264,"column":7596}},"65":{"start":{"line":265,"column":12},"end":{"line":265,"column":23}},"66":{"start":{"line":282,"column":8},"end":{"line":282,"column":39}},"67":{"start":{"line":283,"column":8},"end":{"line":283,"column":8174}},"68":{"start":{"line":289,"column":8},"end":{"line":289,"column":28}},"69":{"start":{"line":290,"column":8},"end":{"line":290,"column":32}},"70":{"start":{"line":304,"column":8},"end":{"line":304,"column":8720}},"71":{"start":{"line":305,"column":8},"end":{"line":305,"column":8765}},"72":{"start":{"line":306,"column":8},"end":{"line":306,"column":17}},"73":{"start":{"line":318,"column":8},"end":{"line":318,"column":9218}},"74":{"start":{"line":319,"column":8},"end":{"line":319,"column":9266}},"75":{"start":{"line":321,"column":8},"end":{"line":321,"column":17}},"76":{"start":{"line":331,"column":8},"end":{"line":331,"column":21}},"77":{"start":{"line":342,"column":8},"end":{"line":342,"column":72}},"78":{"start":{"line":343,"column":8},"end":{"line":343,"column":21}},"79":{"start":{"line":345,"column":8},"end":{"line":345,"column":9978}},"80":{"start":{"line":346,"column":8},"end":{"line":346,"column":10018}},"81":{"start":{"line":347,"column":12},"end":{"line":347,"column":47}},"82":{"start":{"line":348,"column":12},"end":{"line":348,"column":21}},"83":{"start":{"line":350,"column":8},"end":{"line":350,"column":44}},"84":{"start":{"line":351,"column":8},"end":{"line":351,"column":10244}},"85":{"start":{"line":352,"column":8},"end":{"line":352,"column":47}},"86":{"start":{"line":366,"column":8},"end":{"line":366,"column":70}},"87":{"start":{"line":367,"column":8},"end":{"line":367,"column":21}},"88":{"start":{"line":369,"column":8},"end":{"line":369,"column":10896}},"89":{"start":{"line":370,"column":8},"end":{"line":370,"column":10939}},"90":{"start":{"line":373,"column":12},"end":{"line":373,"column":40}},"91":{"start":{"line":374,"column":12},"end":{"line":374,"column":21}},"92":{"start":{"line":376,"column":8},"end":{"line":376,"column":46}},"93":{"start":{"line":377,"column":8},"end":{"line":377,"column":11225}},"94":{"start":{"line":378,"column":8},"end":{"line":378,"column":56}}},"branchMap":{"1":{"line":47,"type":"if","locations":[{"start":{"line":47,"column":8},"end":{"line":47,"column":8}},{"start":{"line":47,"column":8},"end":{"line":47,"column":8}}]},"2":{"line":53,"type":"if","locations":[{"start":{"line":53,"column":8},"end":{"line":53,"column":8}},{"start":{"line":53,"column":8},"end":{"line":53,"column":8}}]},"3":{"line":59,"type":"if","locations":[{"start":{"line":59,"column":8},"end":{"line":59,"column":8}},{"start":{"line":59,"column":8},"end":{"line":59,"column":8}}]},"4":{"line":65,"type":"if","locations":[{"start":{"line":65,"column":8},"end":{"line":65,"column":8}},{"start":{"line":65,"column":8},"end":{"line":65,"column":8}}]},"5":{"line":71,"type":"if","locations":[{"start":{"line":71,"column":8},"end":{"line":71,"column":8}},{"start":{"line":71,"column":8},"end":{"line":71,"column":8}}]},"6":{"line":77,"type":"if","locations":[{"start":{"line":77,"column":8},"end":{"line":77,"column":8}},{"start":{"line":77,"column":8},"end":{"line":77,"column":8}}]},"7":{"line":83,"type":"if","locations":[{"start":{"line":83,"column":8},"end":{"line":83,"column":8}},{"start":{"line":83,"column":8},"end":{"line":83,"column":8}}]},"8":{"line":89,"type":"if","locations":[{"start":{"line":89,"column":8},"end":{"line":89,"column":8}},{"start":{"line":89,"column":8},"end":{"line":89,"column":8}}]},"9":{"line":95,"type":"if","locations":[{"start":{"line":95,"column":8},"end":{"line":95,"column":8}},{"start":{"line":95,"column":8},"end":{"line":95,"column":8}}]},"10":{"line":107,"type":"if","locations":[{"start":{"line":107,"column":8},"end":{"line":107,"column":8}},{"start":{"line":107,"column":8},"end":{"line":107,"column":8}}]},"11":{"line":122,"type":"if","locations":[{"start":{"line":122,"column":12},"end":{"line":122,"column":12}},{"start":{"line":122,"column":12},"end":{"line":122,"column":12}}]},"12":{"line":153,"type":"if","locations":[{"start":{"line":153,"column":8},"end":{"line":153,"column":8}},{"start":{"line":153,"column":8},"end":{"line":153,"column":8}}]},"13":{"line":158,"type":"if","locations":[{"start":{"line":158,"column":8},"end":{"line":158,"column":8}},{"start":{"line":158,"column":8},"end":{"line":158,"column":8}}]},"14":{"line":173,"type":"if","locations":[{"start":{"line":173,"column":8},"end":{"line":173,"column":8}},{"start":{"line":173,"column":8},"end":{"line":173,"column":8}}]},"15":{"line":240,"type":"if","locations":[{"start":{"line":240,"column":8},"end":{"line":240,"column":8}},{"start":{"line":240,"column":8},"end":{"line":240,"column":8}}]},"16":{"line":243,"type":"if","locations":[{"start":{"line":243,"column":12},"end":{"line":243,"column":12}},{"start":{"line":243,"column":12},"end":{"line":243,"column":12}}]},"17":{"line":262,"type":"if","locations":[{"start":{"line":262,"column":12},"end":{"line":262,"column":12}},{"start":{"line":262,"column":12},"end":{"line":262,"column":12}}]},"18":{"line":264,"type":"if","locations":[{"start":{"line":264,"column":12},"end":{"line":264,"column":12}},{"start":{"line":264,"column":12},"end":{"line":264,"column":12}}]},"19":{"line":305,"type":"if","locations":[{"start":{"line":305,"column":8},"end":{"line":305,"column":8}},{"start":{"line":305,"column":8},"end":{"line":305,"column":8}}]},"20":{"line":319,"type":"if","locations":[{"start":{"line":319,"column":8},"end":{"line":319,"column":8}},{"start":{"line":319,"column":8},"end":{"line":319,"column":8}}]},"21":{"line":346,"type":"if","locations":[{"start":{"line":346,"column":8},"end":{"line":346,"column":8}},{"start":{"line":346,"column":8},"end":{"line":346,"column":8}}]},"22":{"line":370,"type":"if","locations":[{"start":{"line":370,"column":8},"end":{"line":370,"column":8}},{"start":{"line":370,"column":8},"end":{"line":370,"column":8}}]}}}}