TN:
SF:/Users/marcin/dev/mgordel/ethereum/algory-ico/contracts/crowdsale/AlgoryCrowdsale.sol
FN:103,inState
FN:108,AlgoryCrowdsale
FN:128,prepareCrowdsale
FN:137,
FN:141,isCrowdsale
FN:147,setFinalizeAgent
FN:153,setPresaleStartsAt
FN:159,setStartsAt
FN:167,setEndsAt
FN:177,loadEarlyParticipantsWhitelist
FN:192,finalize
FN:203,allowRefunding
FN:213,loadRefund
FN:218,refund
FN:228,setPricingStrategy
FN:238,setMultisigWallet
FN:247,setEarlyParticipantWhitelist
FN:256,getTokensLeft
FN:263,isCrowdsaleFull
FN:271,getState
FN:287,isAllTokensApproved
FN:296,isBreakingCap
FN:301,investInternal
FN:343,assignTokens
FN:350,preallocateTokens
FNF:25
FNH:25
FNDA:18,inState
FNDA:8,AlgoryCrowdsale
FNDA:7,prepareCrowdsale
FNDA:136,
FNDA:1,isCrowdsale
FNDA:11,setFinalizeAgent
FNDA:7,setPresaleStartsAt
FNDA:8,setStartsAt
FNDA:7,setEndsAt
FNDA:2,loadEarlyParticipantsWhitelist
FNDA:1,finalize
FNDA:5,allowRefunding
FNDA:1,loadRefund
FNDA:2,refund
FNDA:14,setPricingStrategy
FNDA:14,setMultisigWallet
FNDA:108,setEarlyParticipantWhitelist
FNDA:410,getTokensLeft
FNDA:135,isCrowdsaleFull
FNDA:188,getState
FNDA:7,isAllTokensApproved
FNDA:128,isBreakingCap
FNDA:136,investInternal
FNDA:149,assignTokens
FNDA:7,preallocateTokens
DA:104,18
DA:105,11
DA:109,8
DA:110,8
DA:111,8
DA:113,8
DA:114,8
DA:115,8
DA:117,8
DA:119,8
DA:120,8
DA:122,8
DA:123,8
DA:129,7
DA:130,7
DA:131,7
DA:138,136
DA:142,1
DA:148,11
DA:149,11
DA:150,11
DA:154,7
DA:155,6
DA:156,6
DA:160,8
DA:161,7
DA:162,7
DA:163,6
DA:164,6
DA:168,7
DA:169,6
DA:170,6
DA:171,6
DA:178,2
DA:179,2
DA:180,2
DA:181,96
DA:182,96
DA:183,96
DA:194,1
DA:196,1
DA:197,1
DA:199,1
DA:204,5
DA:205,5
DA:206,2
DA:214,1
DA:215,1
DA:219,2
DA:220,2
DA:221,2
DA:222,2
DA:223,2
DA:224,2
DA:225,2
DA:229,14
DA:230,14
DA:231,4
DA:233,12
DA:234,12
DA:239,14
DA:240,14
DA:241,12
DA:248,108
DA:249,108
DA:250,107
DA:251,106
DA:252,106
DA:253,106
DA:257,410
DA:264,135
DA:272,188
DA:288,7
DA:297,128
DA:302,136
DA:303,136
DA:304,136
DA:306,136
DA:307,131
DA:308,13
DA:309,11
DA:310,10
DA:313,128
DA:314,128
DA:315,128
DA:316,65
DA:319,128
DA:320,128
DA:321,128
DA:322,128
DA:324,128
DA:325,10
DA:326,10
DA:329,128
DA:331,128
DA:333,128
DA:335,128
DA:344,149
DA:352,7
LF:99
LH:99
BRDA:104,1,0,11
BRDA:104,1,1,7
BRDA:117,2,0,8
BRDA:117,2,1,0
BRDA:122,3,0,8
BRDA:122,3,1,0
BRDA:123,4,0,8
BRDA:123,4,1,0
BRDA:129,5,0,7
BRDA:129,5,1,0
BRDA:149,6,0,11
BRDA:149,6,1,0
BRDA:150,7,0,10
BRDA:150,7,1,1
BRDA:154,8,0,6
BRDA:154,8,1,1
BRDA:160,9,0,7
BRDA:160,9,1,1
BRDA:162,10,0,6
BRDA:162,10,1,1
BRDA:168,11,0,6
BRDA:168,11,1,1
BRDA:169,12,0,6
BRDA:169,12,1,0
BRDA:194,13,0,1
BRDA:194,13,1,0
BRDA:196,14,0,1
BRDA:196,14,1,0
BRDA:205,15,0,2
BRDA:205,15,1,3
BRDA:214,16,0,1
BRDA:214,16,1,0
BRDA:219,17,0,2
BRDA:219,17,1,0
BRDA:221,18,0,2
BRDA:221,18,1,0
BRDA:225,19,0,2
BRDA:225,19,1,0
BRDA:230,20,0,4
BRDA:230,20,1,10
BRDA:231,21,0,2
BRDA:231,21,1,2
BRDA:234,22,0,11
BRDA:234,22,1,1
BRDA:239,23,0,14
BRDA:239,23,1,0
BRDA:240,24,0,12
BRDA:240,24,1,2
BRDA:248,25,0,108
BRDA:248,25,1,0
BRDA:249,26,0,107
BRDA:249,26,1,1
BRDA:250,27,0,106
BRDA:250,27,1,1
BRDA:272,28,0,1
BRDA:272,28,1,187
BRDA:273,29,0,8
BRDA:273,29,1,179
BRDA:274,30,0,1
BRDA:274,30,1,178
BRDA:275,31,0,0
BRDA:275,31,1,178
BRDA:276,32,0,15
BRDA:276,32,1,163
BRDA:277,33,0,25
BRDA:277,33,1,138
BRDA:278,34,0,125
BRDA:278,34,1,13
BRDA:279,35,0,2
BRDA:279,35,1,11
BRDA:280,36,0,5
BRDA:280,36,1,6
BRDA:281,37,0,3
BRDA:281,37,1,3
BRDA:306,38,0,131
BRDA:306,38,1,5
BRDA:307,39,0,13
BRDA:307,39,1,118
BRDA:308,40,0,11
BRDA:308,40,1,2
BRDA:309,41,0,10
BRDA:309,41,1,1
BRDA:310,42,0,10
BRDA:310,42,1,0
BRDA:314,43,0,128
BRDA:314,43,1,0
BRDA:315,44,0,65
BRDA:315,44,1,63
BRDA:324,45,0,10
BRDA:324,45,1,118
BRDA:329,46,0,128
BRDA:329,46,1,0
BRDA:333,47,0,128
BRDA:333,47,1,0
BRDA:344,48,0,149
BRDA:344,48,1,0
BRF:96
BRH:76
end_of_record
TN:
SF:/Users/marcin/dev/mgordel/ethereum/algory-ico/contracts/crowdsale/AlgoryFinalizeAgent.sol
FN:19,AlgoryFinalizeAgent
FN:26,isSane
FN:31,finalizeCrowdsale
FNF:3
FNH:3
FNDA:12,AlgoryFinalizeAgent
FNDA:191,isSane
FNDA:1,finalizeCrowdsale
DA:20,12
DA:21,12
DA:22,12
DA:27,191
DA:32,1
DA:35,1
LF:6
LH:6
BRDA:22,1,0,12
BRDA:22,1,1,0
BRDA:32,2,0,1
BRDA:32,2,1,0
BRF:4
BRH:2
end_of_record
TN:
SF:/Users/marcin/dev/mgordel/ethereum/algory-ico/contracts/crowdsale/AlgoryPricingStrategy.sol
FN:26,AlgoryPricingStrategy
FN:44,
FN:48,getTranche
FN:53,isPresaleFull
FN:57,getCurrentRate
FN:61,getAmountOfTokens
FN:67,getCurrentTranche
FNF:7
FNH:7
FNDA:13,AlgoryPricingStrategy
FNDA:1,
FNDA:5,getTranche
FNDA:119,isPresaleFull
FNDA:172,getCurrentRate
FNDA:143,getAmountOfTokens
FNDA:172,getCurrentTranche
DA:28,13
DA:29,13
DA:31,13
DA:32,13
DA:34,13
DA:35,13
DA:37,13
DA:38,13
DA:40,13
DA:41,13
DA:45,1
DA:49,5
DA:50,5
DA:54,119
DA:58,172
DA:62,143
DA:63,142
DA:64,142
DA:68,172
DA:69,307
DA:70,154
DA:73,18
LF:22
LH:22
BRDA:49,1,0,5
BRDA:49,1,1,0
BRDA:62,2,0,142
BRDA:62,2,1,1
BRDA:69,3,0,154
BRDA:69,3,1,153
BRF:6
BRH:5
end_of_record
TN:
SF:/Users/marcin/dev/mgordel/ethereum/algory-ico/contracts/crowdsale/FinalizeAgent.sol
FN:9,isFinalizeAgent
FNF:1
FNH:1
FNDA:13,isFinalizeAgent
DA:10,13
LF:1
LH:1
BRF:0
BRH:0
end_of_record
TN:
SF:/Users/marcin/dev/mgordel/ethereum/algory-ico/contracts/crowdsale/InvestmentPolicyCrowdsale.sol
FN:26,setRequireCustomerId
FN:37,setRequireSignedAddress
FN:46,buyWithSignedAddress
FN:54,buyWithCustomerId
FN:61,invest
FN:70,investWithSignedAddress
FN:80,investWithCustomerId
FNF:7
FNH:3
FNDA:1,setRequireCustomerId
FNDA:1,setRequireSignedAddress
FNDA:0,buyWithSignedAddress
FNDA:0,buyWithCustomerId
FNDA:136,invest
FNDA:0,investWithSignedAddress
FNDA:0,investWithCustomerId
DA:27,1
DA:28,1
DA:38,1
DA:39,1
DA:40,1
DA:47,0
DA:55,0
DA:64,136
DA:71,0
DA:72,0
DA:74,0
DA:82,0
DA:83,0
LF:13
LH:6
BRDA:62,1,0,136
BRDA:62,1,1,0
BRDA:63,2,0,136
BRDA:63,2,1,0
BRDA:72,3,0,0
BRDA:72,3,1,0
BRDA:73,4,0,0
BRDA:73,4,1,0
BRDA:82,5,0,0
BRDA:82,5,1,0
BRF:10
BRH:2
end_of_record
TN:
SF:/Users/marcin/dev/mgordel/ethereum/algory-ico/contracts/crowdsale/NullFinalizeAgent.sol
FN:15,NullFinalizeAgent
FN:19,isSane
FN:24,finalizeCrowdsale
FNF:3
FNH:3
FNDA:2,NullFinalizeAgent
FNDA:3,isSane
FNDA:1,finalizeCrowdsale
DA:16,2
DA:20,3
LF:2
LH:2
BRF:0
BRH:0
end_of_record
TN:
SF:/Users/marcin/dev/mgordel/ethereum/algory-ico/contracts/crowdsale/PricingStrategy.sol
FN:11,isPricingStrategy
FN:15,getPresaleMaxValue
FNF:2
FNH:2
FNDA:11,isPricingStrategy
FNDA:109,getPresaleMaxValue
DA:12,11
DA:16,109
LF:2
LH:2
BRF:0
BRH:0
end_of_record
TN:
SF:/Users/marcin/dev/mgordel/ethereum/algory-ico/contracts/lifecycle/Pausable.sol
FN:19,whenNotPaused
FN:27,whenPaused
FN:35,pause
FN:43,unpause
FNF:4
FNH:4
FNDA:146,whenNotPaused
FNDA:7,whenPaused
FNDA:6,pause
FNDA:4,unpause
DA:20,146
DA:21,145
DA:28,7
DA:29,5
DA:36,6
DA:37,6
DA:44,4
DA:45,4
LF:8
LH:8
BRDA:20,1,0,145
BRDA:20,1,1,1
BRDA:28,2,0,5
BRDA:28,2,1,2
BRF:4
BRH:4
end_of_record
TN:
SF:/Users/marcin/dev/mgordel/ethereum/algory-ico/contracts/math/SafeMath.sol
FN:9,mul
FN:15,div
FN:22,sub
FN:27,add
FNF:4
FNH:4
FNDA:143,mul
FNDA:1,div
FNDA:324,sub
FNDA:788,add
DA:10,143
DA:11,143
DA:12,143
DA:17,1
DA:19,1
DA:23,324
DA:24,323
DA:28,788
DA:29,788
DA:30,788
LF:10
LH:10
BRDA:11,1,0,143
BRDA:11,1,1,0
BRDA:23,2,0,323
BRDA:23,2,1,1
BRDA:29,3,0,788
BRDA:29,3,1,0
BRF:6
BRH:4
end_of_record
TN:
SF:/Users/marcin/dev/mgordel/ethereum/algory-ico/contracts/ownership/Ownable.sol
FN:19,Ownable
FN:27,onlyOwner
FN:37,transferOwnership
FNF:3
FNH:3
FNDA:40,Ownable
FNDA:216,onlyOwner
FNDA:2,transferOwnership
DA:20,40
DA:28,216
DA:29,215
DA:38,2
DA:39,1
DA:40,1
LF:6
LH:6
BRDA:28,1,0,215
BRDA:28,1,1,1
BRDA:38,2,0,1
BRDA:38,2,1,1
BRF:4
BRH:4
end_of_record
TN:
SF:/Users/marcin/dev/mgordel/ethereum/algory-ico/contracts/token/AlgoryToken.sol
FN:20,AlgoryToken
FN:27,canUpgrade
FN:31,setTokenInformation
FNF:3
FNH:3
FNDA:9,AlgoryToken
FNDA:2,canUpgrade
FNDA:1,setTokenInformation
DA:21,9
DA:22,9
DA:23,9
DA:24,9
DA:28,2
DA:32,1
DA:33,1
DA:34,1
LF:8
LH:8
BRDA:23,1,0,9
BRDA:23,1,1,0
BRF:2
BRH:1
end_of_record
TN:
SF:/Users/marcin/dev/mgordel/ethereum/algory-ico/contracts/token/BurnableToken.sol
FN:17,burn
FNF:1
FNH:1
FNDA:3,burn
DA:18,3
DA:19,3
DA:23,2
DA:24,2
DA:25,2
DA:26,2
LF:6
LH:6
BRDA:18,1,0,3
BRDA:18,1,1,0
BRDA:19,2,0,2
BRDA:19,2,1,1
BRF:4
BRH:3
end_of_record
TN:
SF:/Users/marcin/dev/mgordel/ethereum/algory-ico/contracts/token/CrowdsaleToken.sol
FNF:0
FNH:0
LF:0
LH:0
BRF:0
BRH:0
end_of_record
TN:
SF:/Users/marcin/dev/mgordel/ethereum/algory-ico/contracts/token/ERC20.sol
FNF:0
FNH:0
LF:0
LH:0
BRF:0
BRH:0
end_of_record
TN:
SF:/Users/marcin/dev/mgordel/ethereum/algory-ico/contracts/token/ERC20Basic.sol
FNF:0
FNH:0
LF:0
LH:0
BRF:0
BRH:0
end_of_record
TN:
SF:/Users/marcin/dev/mgordel/ethereum/algory-ico/contracts/token/ReleasableToken.sol
FN:24,canTransfer
FN:36,setReleaseAgent
FN:45,setTransferAgent
FN:55,releaseTokenTransfer
FN:60,inReleaseState
FN:66,onlyReleaseAgent
FN:71,transfer
FN:76,transferFrom
FNF:8
FNH:8
FNDA:150,canTransfer
FNDA:9,setReleaseAgent
FNDA:7,setTransferAgent
FNDA:1,releaseTokenTransfer
FNDA:16,inReleaseState
FNDA:1,onlyReleaseAgent
FNDA:1,transfer
FNDA:149,transferFrom
DA:25,150
DA:26,149
DA:28,150
DA:37,9
DA:39,9
DA:46,7
DA:47,7
DA:56,1
DA:61,16
DA:62,16
DA:67,1
DA:68,1
DA:73,1
DA:78,149
LF:14
LH:14
BRDA:25,1,0,149
BRDA:25,1,1,1
BRDA:26,2,0,149
BRDA:26,2,1,0
BRDA:37,3,0,9
BRDA:37,3,1,0
BRDA:46,4,0,7
BRDA:46,4,1,0
BRDA:61,5,0,16
BRDA:61,5,1,0
BRDA:67,6,0,1
BRDA:67,6,1,0
BRF:12
BRH:7
end_of_record
TN:
SF:/Users/marcin/dev/mgordel/ethereum/algory-ico/contracts/token/StandardToken.sol
FN:26,transfer
FN:42,balanceOf
FN:52,transferFrom
FN:74,approve
FN:86,allowance
FN:96,increaseApproval
FN:102,decreaseApproval
FNF:7
FNH:7
FNDA:5,transfer
FNDA:165,balanceOf
FNDA:153,transferFrom
FNDA:14,approve
FNDA:417,allowance
FNDA:1,increaseApproval
FNDA:2,decreaseApproval
DA:27,5
DA:28,4
DA:31,3
DA:32,3
DA:33,3
DA:34,3
DA:43,165
DA:53,153
DA:54,152
DA:55,151
DA:57,150
DA:58,150
DA:59,150
DA:60,150
DA:61,150
DA:75,14
DA:76,14
DA:77,14
DA:87,417
DA:97,1
DA:98,1
DA:99,1
DA:103,2
DA:104,2
DA:105,1
DA:107,1
DA:109,2
DA:110,2
LF:28
LH:28
BRDA:27,1,0,4
BRDA:27,1,1,1
BRDA:28,2,0,3
BRDA:28,2,1,1
BRDA:53,3,0,152
BRDA:53,3,1,1
BRDA:54,4,0,151
BRDA:54,4,1,1
BRDA:55,5,0,150
BRDA:55,5,1,1
BRDA:104,6,0,1
BRDA:104,6,1,1
BRF:12
BRH:12
end_of_record
TN:
SF:/Users/marcin/dev/mgordel/ethereum/algory-ico/contracts/token/UpgradeableToken.sol
FN:46,UpgradeableToken
FN:53,upgrade
FN:73,setUpgradeAgent
FN:85,getUpgradeState
FN:97,setUpgradeMaster
FN:105,canUpgrade
FNF:6
FNH:6
FNDA:20,UpgradeableToken
FNDA:3,upgrade
FNDA:7,setUpgradeAgent
FNDA:7,getUpgradeState
FNDA:2,setUpgradeMaster
FNDA:13,canUpgrade
DA:47,20
DA:54,3
DA:55,3
DA:56,3
DA:57,3
DA:59,2
DA:62,2
DA:63,2
DA:66,2
DA:67,2
DA:74,7
DA:75,7
DA:76,7
DA:77,7
DA:78,6
DA:79,5
DA:86,7
DA:98,2
DA:99,1
DA:106,13
LF:20
LH:20
BRDA:54,1,0,3
BRDA:54,1,1,0
BRDA:56,2,0,3
BRDA:56,2,1,0
BRDA:57,3,0,2
BRDA:57,3,1,1
BRDA:74,4,0,7
BRDA:74,4,1,0
BRDA:75,5,0,7
BRDA:75,5,1,0
BRDA:77,6,0,6
BRDA:77,6,1,1
BRDA:78,7,0,5
BRDA:78,7,1,1
BRDA:86,8,0,1
BRDA:86,8,1,6
BRDA:87,9,0,1
BRDA:87,9,1,5
BRDA:88,10,0,4
BRDA:88,10,1,1
BRDA:98,11,0,1
BRDA:98,11,1,1
BRF:22
BRH:18
end_of_record
TN:
SF:/Users/marcin/dev/mgordel/ethereum/algory-ico/contracts/token/UpgradeAgent.sol
FN:14,isUpgradeAgent
FNF:1
FNH:1
FNDA:6,isUpgradeAgent
DA:15,6
LF:1
LH:1
BRF:0
BRH:0
end_of_record
TN:
SF:/Users/marcin/dev/mgordel/ethereum/algory-ico/contracts/wallet/MultiSigWallet.sol
FN:46,onlyWallet
FN:52,ownerDoesNotExist
FN:58,ownerExists
FN:64,transactionExists
FN:70,confirmed
FN:76,notConfirmed
FN:82,notExecuted
FN:88,notNull
FN:94,validRequirement
FN:104,
FN:117,MultiSigWallet
FN:132,addOwner
FN:146,removeOwner
FN:166,replaceOwner
FN:185,changeRequirement
FN:199,submitTransaction
FN:209,confirmTransaction
FN:222,revokeConfirmation
FN:234,executeTransaction
FN:255,isConfirmed
FN:277,addTransaction
FN:299,getConfirmationCount
FN:313,getTransactionCount
FN:326,getOwners
FN:337,getConfirmations
FN:361,getTransactionIds
FNF:26
FNH:2
FNDA:0,onlyWallet
FNDA:0,ownerDoesNotExist
FNDA:0,ownerExists
FNDA:0,transactionExists
FNDA:0,confirmed
FNDA:0,notConfirmed
FNDA:0,notExecuted
FNDA:0,notNull
FNDA:1,validRequirement
FNDA:0,
FNDA:1,MultiSigWallet
FNDA:0,addOwner
FNDA:0,removeOwner
FNDA:0,replaceOwner
FNDA:0,changeRequirement
FNDA:0,submitTransaction
FNDA:0,confirmTransaction
FNDA:0,revokeConfirmation
FNDA:0,executeTransaction
FNDA:0,isConfirmed
FNDA:0,addTransaction
FNDA:0,getConfirmationCount
FNDA:0,getTransactionCount
FNDA:0,getOwners
FNDA:0,getConfirmations
FNDA:0,getTransactionIds
DA:47,0
DA:48,0
DA:49,0
DA:53,0
DA:54,0
DA:55,0
DA:59,0
DA:60,0
DA:61,0
DA:65,0
DA:66,0
DA:67,0
DA:71,0
DA:72,0
DA:73,0
DA:77,0
DA:78,0
DA:79,0
DA:83,0
DA:84,0
DA:85,0
DA:89,0
DA:90,0
DA:91,0
DA:95,1
DA:99,0
DA:100,1
DA:107,0
DA:108,0
DA:121,1
DA:122,3
DA:123,0
DA:124,3
DA:126,1
DA:127,1
DA:139,0
DA:140,0
DA:141,0
DA:151,0
DA:152,0
DA:153,0
DA:154,0
DA:155,0
DA:157,0
DA:158,0
DA:159,0
DA:160,0
DA:172,0
DA:173,0
DA:174,0
DA:175,0
DA:177,0
DA:178,0
DA:179,0
DA:180,0
DA:190,0
DA:191,0
DA:203,0
DA:204,0
DA:215,0
DA:216,0
DA:217,0
DA:228,0
DA:229,0
DA:240,0
DA:241,0
DA:242,0
DA:243,0
DA:244,0
DA:246,0
DA:247,0
DA:260,0
DA:261,0
DA:262,0
DA:263,0
DA:264,0
DA:265,0
DA:282,0
DA:283,0
DA:289,0
DA:290,0
DA:304,0
DA:305,0
DA:306,0
DA:318,0
DA:319,0
DA:321,0
DA:331,0
DA:342,0
DA:343,0
DA:344,0
DA:345,0
DA:346,0
DA:347,0
DA:348,0
DA:350,0
DA:351,0
DA:352,0
DA:366,0
DA:367,0
DA:368,0
DA:369,0
DA:370,0
DA:373,0
DA:374,0
DA:376,0
DA:377,0
DA:378,0
LF:108
LH:7
BRDA:47,1,0,0
BRDA:47,1,1,0
BRDA:53,2,0,0
BRDA:53,2,1,0
BRDA:59,3,0,0
BRDA:59,3,1,0
BRDA:65,4,0,0
BRDA:65,4,1,0
BRDA:71,5,0,0
BRDA:71,5,1,0
BRDA:77,6,0,0
BRDA:77,6,1,0
BRDA:83,7,0,0
BRDA:83,7,1,0
BRDA:89,8,0,0
BRDA:89,8,1,0
BRDA:95,9,0,0
BRDA:95,9,1,1
BRDA:107,10,0,0
BRDA:107,10,1,0
BRDA:122,11,0,0
BRDA:122,11,1,3
BRDA:153,12,0,0
BRDA:153,12,1,0
BRDA:158,13,0,0
BRDA:158,13,1,0
BRDA:173,14,0,0
BRDA:173,14,1,0
BRDA:240,15,0,0
BRDA:240,15,1,0
BRDA:243,16,0,0
BRDA:243,16,1,0
BRDA:262,17,0,0
BRDA:262,17,1,0
BRDA:264,18,0,0
BRDA:264,18,1,0
BRDA:305,19,0,0
BRDA:305,19,1,0
BRDA:319,20,0,0
BRDA:319,20,1,0
BRDA:346,21,0,0
BRDA:346,21,1,0
BRDA:370,22,0,0
BRDA:370,22,1,0
BRF:44
BRH:2
end_of_record
