TN:
SF:/Users/marcin/dev/mgordel/ethereum/algory-ico/contracts/crowdsale/AlgoryCrowdsale.sol
FN:101,inState
FN:106,AlgoryCrowdsale
FN:130,
FN:134,isCrowdsale
FN:140,setFinalizeAgent
FN:146,setPresaleStartsAt
FN:152,setStartsAt
FN:160,setEndsAt
FN:169,loadEarlyParticipantsWhitelist
FN:184,finalize
FN:195,allowRefunding
FN:203,loadRefund
FN:208,setPricingStrategy
FN:218,setMultisigWallet
FN:227,setEarlyParticipantWhitelist
FN:236,getTokensLeft
FN:243,isCrowdsaleFull
FN:251,getState
FN:266,isAllTokensApproved
FN:273,isBreakingCap
FN:283,refund
FN:293,investInternal
FN:333,assignTokens
FN:340,preallocateTokens
FNF:24
FNH:20
FNDA:11,inState
FNDA:1,AlgoryCrowdsale
FNDA:4,
FNDA:1,isCrowdsale
FNDA:6,setFinalizeAgent
FNDA:4,setPresaleStartsAt
FNDA:5,setStartsAt
FNDA:5,setEndsAt
FNDA:2,loadEarlyParticipantsWhitelist
FNDA:0,finalize
FNDA:0,allowRefunding
FNDA:0,loadRefund
FNDA:4,setPricingStrategy
FNDA:3,setMultisigWallet
FNDA:101,setEarlyParticipantWhitelist
FNDA:28,getTokensLeft
FNDA:1,isCrowdsaleFull
FNDA:25,getState
FNDA:25,isAllTokensApproved
FNDA:1,isBreakingCap
FNDA:0,refund
FNDA:4,investInternal
FNDA:1,assignTokens
FNDA:1,preallocateTokens
DA:102,11
DA:103,4
DA:107,1
DA:108,1
DA:109,1
DA:111,1
DA:112,1
DA:113,1
DA:115,1
DA:117,1
DA:118,1
DA:120,1
DA:121,1
DA:123,1
DA:131,4
DA:135,1
DA:141,6
DA:142,6
DA:143,6
DA:147,4
DA:148,3
DA:149,3
DA:153,5
DA:154,4
DA:155,4
DA:156,4
DA:157,4
DA:161,5
DA:162,4
DA:163,4
DA:170,2
DA:171,2
DA:172,2
DA:173,96
DA:174,96
DA:175,96
DA:186,0
DA:188,0
DA:189,0
DA:191,0
DA:196,0
DA:204,0
DA:205,0
DA:209,4
DA:210,4
DA:211,1
DA:213,3
DA:214,3
DA:219,3
DA:220,3
DA:221,3
DA:228,101
DA:229,101
DA:230,100
DA:231,99
DA:232,99
DA:233,99
DA:237,28
DA:244,1
DA:252,25
DA:267,25
DA:274,1
DA:284,0
DA:285,0
DA:286,0
DA:287,0
DA:288,0
DA:289,0
DA:290,0
DA:294,4
DA:295,4
DA:296,4
DA:297,4
DA:298,2
DA:299,2
DA:300,1
DA:301,1
DA:304,1
DA:305,1
DA:306,1
DA:307,1
DA:310,1
DA:311,1
DA:312,1
DA:313,1
DA:315,1
DA:316,1
DA:319,1
DA:321,1
DA:323,1
DA:325,1
DA:334,1
LF:92
LH:78
BRDA:102,1,0,4
BRDA:102,1,1,7
BRDA:115,2,0,1
BRDA:115,2,1,0
BRDA:120,3,0,1
BRDA:120,3,1,0
BRDA:121,4,0,1
BRDA:121,4,1,0
BRDA:142,5,0,6
BRDA:142,5,1,0
BRDA:143,6,0,5
BRDA:143,6,1,1
BRDA:147,7,0,3
BRDA:147,7,1,1
BRDA:153,8,0,4
BRDA:153,8,1,1
BRDA:155,9,0,4
BRDA:155,9,1,0
BRDA:161,10,0,4
BRDA:161,10,1,1
BRDA:186,11,0,0
BRDA:186,11,1,0
BRDA:188,12,0,0
BRDA:188,12,1,0
BRDA:204,13,0,0
BRDA:204,13,1,0
BRDA:210,14,0,1
BRDA:210,14,1,3
BRDA:211,15,0,0
BRDA:211,15,1,1
BRDA:214,16,0,2
BRDA:214,16,1,1
BRDA:219,17,0,3
BRDA:219,17,1,0
BRDA:220,18,0,3
BRDA:220,18,1,0
BRDA:228,19,0,101
BRDA:228,19,1,0
BRDA:229,20,0,100
BRDA:229,20,1,1
BRDA:230,21,0,99
BRDA:230,21,1,1
BRDA:252,22,0,0
BRDA:252,22,1,25
BRDA:253,23,0,14
BRDA:253,23,1,11
BRDA:254,24,0,0
BRDA:254,24,1,11
BRDA:255,25,0,0
BRDA:255,25,1,11
BRDA:256,26,0,2
BRDA:256,26,1,9
BRDA:257,27,0,9
BRDA:257,27,1,0
BRDA:258,28,0,0
BRDA:258,28,1,0
BRDA:259,29,0,0
BRDA:259,29,1,0
BRDA:260,30,0,0
BRDA:260,30,1,0
BRDA:284,31,0,0
BRDA:284,31,1,0
BRDA:286,32,0,0
BRDA:286,32,1,0
BRDA:290,33,0,0
BRDA:290,33,1,0
BRDA:297,34,0,2
BRDA:297,34,1,2
BRDA:298,35,0,2
BRDA:298,35,1,0
BRDA:299,36,0,1
BRDA:299,36,1,1
BRDA:300,37,0,1
BRDA:300,37,1,0
BRDA:301,38,0,1
BRDA:301,38,1,0
BRDA:305,39,0,1
BRDA:305,39,1,0
BRDA:306,40,0,1
BRDA:306,40,1,0
BRDA:315,41,0,1
BRDA:315,41,1,0
BRDA:319,42,0,1
BRDA:319,42,1,0
BRDA:323,43,0,1
BRDA:323,43,1,0
BRDA:334,44,0,1
BRDA:334,44,1,0
BRF:88
BRH:48
end_of_record
TN:
SF:/Users/marcin/dev/mgordel/ethereum/algory-ico/contracts/crowdsale/AlgoryFinalizeAgent.sol
FN:19,AlgoryFinalizeAgent
FN:26,isSane
FN:31,finalizeCrowdsale
FNF:3
FNH:2
FNDA:5,AlgoryFinalizeAgent
FNDA:19,isSane
FNDA:0,finalizeCrowdsale
DA:20,5
DA:21,5
DA:22,5
DA:27,19
DA:32,0
DA:35,0
LF:6
LH:4
BRDA:22,1,0,5
BRDA:22,1,1,0
BRDA:32,2,0,0
BRDA:32,2,1,0
BRF:4
BRH:1
end_of_record
TN:
SF:/Users/marcin/dev/mgordel/ethereum/algory-ico/contracts/crowdsale/AlgoryPricingStrategy.sol
FN:26,AlgoryPricingStrategy
FN:44,
FN:48,getTranche
FN:53,isPresaleFull
FN:57,getCurrentRate
FN:61,getAmountOfTokens
FN:67,getCurrentTranche
FNF:7
FNH:7
FNDA:3,AlgoryPricingStrategy
FNDA:1,
FNDA:5,getTranche
FNDA:103,isPresaleFull
FNDA:25,getCurrentRate
FNDA:16,getAmountOfTokens
FNDA:25,getCurrentTranche
DA:28,3
DA:29,3
DA:31,3
DA:32,3
DA:34,3
DA:35,3
DA:37,3
DA:38,3
DA:40,3
DA:41,3
DA:45,1
DA:49,5
DA:50,5
DA:54,103
DA:58,25
DA:62,16
DA:63,15
DA:64,15
DA:68,25
DA:69,53
DA:70,20
DA:73,5
LF:22
LH:22
BRDA:49,1,0,5
BRDA:49,1,1,0
BRDA:62,2,0,15
BRDA:62,2,1,1
BRDA:69,3,0,20
BRDA:69,3,1,33
BRF:6
BRH:5
end_of_record
TN:
SF:/Users/marcin/dev/mgordel/ethereum/algory-ico/contracts/crowdsale/FinalizeAgent.sol
FN:9,isFinalizeAgent
FNF:1
FNH:1
FNDA:8,isFinalizeAgent
DA:10,8
LF:1
LH:1
BRF:0
BRH:0
end_of_record
TN:
SF:/Users/marcin/dev/mgordel/ethereum/algory-ico/contracts/crowdsale/InvestmentPolicyCrowdsale.sol
FN:27,setRequireSignedAddress
FN:36,buyWithSignedAddress
FN:44,buyWithCustomerId
FN:51,invest
FN:60,investWithSignedAddress
FN:70,investWithCustomerId
FN:80,setRequireCustomerId
FNF:7
FNH:1
FNDA:0,setRequireSignedAddress
FNDA:0,buyWithSignedAddress
FNDA:0,buyWithCustomerId
FNDA:4,invest
FNDA:0,investWithSignedAddress
FNDA:0,investWithCustomerId
FNDA:0,setRequireCustomerId
DA:28,0
DA:29,0
DA:30,0
DA:37,0
DA:45,0
DA:54,4
DA:61,0
DA:62,0
DA:64,0
DA:72,0
DA:73,0
DA:81,0
DA:82,0
LF:13
LH:1
BRDA:52,1,0,4
BRDA:52,1,1,0
BRDA:53,2,0,4
BRDA:53,2,1,0
BRDA:62,3,0,0
BRDA:62,3,1,0
BRDA:63,4,0,0
BRDA:63,4,1,0
BRDA:72,5,0,0
BRDA:72,5,1,0
BRF:10
BRH:2
end_of_record
TN:
SF:/Users/marcin/dev/mgordel/ethereum/algory-ico/contracts/crowdsale/NullFinalizeAgent.sol
FN:15,NullFinalizeAgent
FN:19,isSane
FN:24,finalizeCrowdsale
FNF:3
FNH:3
FNDA:2,NullFinalizeAgent
FNDA:3,isSane
FNDA:1,finalizeCrowdsale
DA:16,2
DA:20,3
LF:2
LH:2
BRF:0
BRH:0
end_of_record
TN:
SF:/Users/marcin/dev/mgordel/ethereum/algory-ico/contracts/crowdsale/PricingStrategy.sol
FN:11,isPricingStrategy
FN:15,getPresaleMaxValue
FNF:2
FNH:2
FNDA:2,isPricingStrategy
FNDA:102,getPresaleMaxValue
DA:12,2
DA:16,102
LF:2
LH:2
BRF:0
BRH:0
end_of_record
TN:
SF:/Users/marcin/dev/mgordel/ethereum/algory-ico/contracts/math/SafeMath.sol
FN:7,safeMul
FN:13,safeDiv
FN:20,safeSub
FN:25,safeAdd
FN:31,max64
FN:35,min64
FN:39,max256
FN:43,min256
FNF:8
FNH:2
FNDA:0,safeMul
FNDA:0,safeDiv
FNDA:2,safeSub
FNDA:1,safeAdd
FNDA:0,max64
FNDA:0,min64
FNDA:0,max256
FNDA:0,min256
DA:8,0
DA:9,0
DA:10,0
DA:14,0
DA:15,0
DA:16,0
DA:17,0
DA:21,2
DA:22,2
DA:26,1
DA:27,1
DA:28,1
DA:32,0
DA:36,0
DA:40,0
DA:44,0
LF:16
LH:5
BRDA:9,1,0,0
BRDA:9,1,1,0
BRDA:14,2,0,0
BRDA:14,2,1,0
BRDA:16,3,0,0
BRDA:16,3,1,0
BRDA:21,4,0,2
BRDA:21,4,1,0
BRDA:27,5,0,1
BRDA:27,5,1,0
BRF:10
BRH:2
end_of_record
TN:
SF:/Users/marcin/dev/mgordel/ethereum/algory-ico/contracts/math/SafeMathLib.sol
FN:15,times
FN:21,minus
FN:26,plus
FNF:3
FNH:2
FNDA:15,times
FNDA:0,minus
FNDA:104,plus
DA:16,15
DA:17,15
DA:18,15
DA:22,0
DA:23,0
DA:27,104
DA:28,104
DA:29,104
LF:8
LH:6
BRDA:17,1,0,15
BRDA:17,1,1,0
BRDA:22,2,0,0
BRDA:22,2,1,0
BRDA:28,3,0,104
BRDA:28,3,1,0
BRF:6
BRH:2
end_of_record
TN:
SF:/Users/marcin/dev/mgordel/ethereum/algory-ico/contracts/ownership/Haltable.sol
FN:16,stopInEmergency
FN:21,stopNonOwnersInEmergency
FN:26,onlyInEmergency
FN:32,halt
FN:37,unhalt
FNF:5
FNH:1
FNDA:4,stopInEmergency
FNDA:0,stopNonOwnersInEmergency
FNDA:0,onlyInEmergency
FNDA:0,halt
FNDA:0,unhalt
DA:17,4
DA:18,4
DA:22,0
DA:23,0
DA:27,0
DA:28,0
DA:33,0
DA:38,0
LF:8
LH:2
BRDA:17,1,0,0
BRDA:17,1,1,4
BRDA:22,2,0,0
BRDA:22,2,1,0
BRDA:27,3,0,0
BRDA:27,3,1,0
BRF:6
BRH:1
end_of_record
TN:
SF:/Users/marcin/dev/mgordel/ethereum/algory-ico/contracts/ownership/Ownable.sol
FN:16,Ownable
FN:24,onlyOwner
FN:34,transferOwnership
FNF:3
FNH:2
FNDA:5,Ownable
FNDA:135,onlyOwner
FNDA:0,transferOwnership
DA:17,5
DA:25,135
DA:26,135
DA:35,0
DA:36,0
LF:5
LH:3
BRDA:25,1,0,135
BRDA:25,1,1,0
BRDA:35,2,0,0
BRDA:35,2,1,0
BRF:4
BRH:1
end_of_record
TN:
SF:/Users/marcin/dev/mgordel/ethereum/algory-ico/contracts/token/AlgoryToken.sol
FN:20,AlgoryToken
FN:28,releaseTokenTransfer
FN:32,canUpgrade
FN:36,setTokenInformation
FNF:4
FNH:2
FNDA:1,AlgoryToken
FNDA:0,releaseTokenTransfer
FNDA:0,canUpgrade
FNDA:1,setTokenInformation
DA:21,1
DA:22,1
DA:23,1
DA:24,1
DA:25,1
DA:29,0
DA:33,0
DA:37,1
DA:38,1
DA:41,1
LF:10
LH:8
BRDA:23,1,0,1
BRDA:23,1,1,0
BRF:2
BRH:1
end_of_record
TN:
SF:/Users/marcin/dev/mgordel/ethereum/algory-ico/contracts/token/BurnableToken.sol
FN:15,burn
FNF:1
FNH:0
FNDA:0,burn
DA:16,0
DA:17,0
DA:18,0
DA:19,0
LF:4
LH:0
BRF:0
BRH:0
end_of_record
TN:
SF:/Users/marcin/dev/mgordel/ethereum/algory-ico/contracts/token/ERC20.sol
FNF:0
FNH:0
LF:0
LH:0
BRF:0
BRH:0
end_of_record
TN:
SF:/Users/marcin/dev/mgordel/ethereum/algory-ico/contracts/token/ERC20Basic.sol
FNF:0
FNH:0
LF:0
LH:0
BRF:0
BRH:0
end_of_record
TN:
SF:/Users/marcin/dev/mgordel/ethereum/algory-ico/contracts/token/FractionalERC20.sol
FNF:0
FNH:0
LF:0
LH:0
BRF:0
BRH:0
end_of_record
TN:
SF:/Users/marcin/dev/mgordel/ethereum/algory-ico/contracts/token/ReleasableToken.sol
FN:24,canTransfer
FN:36,setReleaseAgent
FN:45,setTransferAgent
FN:55,releaseTokenTransfer
FN:60,inReleaseState
FN:66,onlyReleaseAgent
FN:71,transfer
FN:76,transferFrom
FNF:8
FNH:2
FNDA:0,canTransfer
FNDA:4,setReleaseAgent
FNDA:0,setTransferAgent
FNDA:0,releaseTokenTransfer
FNDA:4,inReleaseState
FNDA:0,onlyReleaseAgent
FNDA:0,transfer
FNDA:0,transferFrom
DA:25,0
DA:26,0
DA:28,0
DA:37,4
DA:39,4
DA:46,0
DA:47,0
DA:56,0
DA:61,4
DA:62,4
DA:67,0
DA:68,0
DA:73,0
DA:78,0
LF:14
LH:4
BRDA:25,1,0,0
BRDA:25,1,1,0
BRDA:26,2,0,0
BRDA:26,2,1,0
BRDA:37,3,0,4
BRDA:37,3,1,0
BRDA:46,4,0,0
BRDA:46,4,1,0
BRDA:61,5,0,4
BRDA:61,5,1,0
BRDA:67,6,0,0
BRDA:67,6,1,0
BRF:12
BRH:2
end_of_record
TN:
SF:/Users/marcin/dev/mgordel/ethereum/algory-ico/contracts/token/StandardToken.sol
FN:24,isToken
FN:28,transfer
FN:35,transferFrom
FN:45,balanceOf
FN:49,approve
FN:61,allowance
FNF:6
FNH:4
FNDA:0,isToken
FNDA:0,transfer
FNDA:1,transferFrom
FNDA:3,balanceOf
FNDA:2,approve
FNDA:28,allowance
DA:25,0
DA:29,0
DA:30,0
DA:31,0
DA:32,0
DA:36,1
DA:38,1
DA:39,1
DA:40,1
DA:41,1
DA:42,1
DA:46,3
DA:54,2
DA:56,2
DA:57,2
DA:58,2
DA:62,28
LF:17
LH:12
BRDA:54,1,0,0
BRDA:54,1,1,2
BRF:2
BRH:1
end_of_record
TN:
SF:/Users/marcin/dev/mgordel/ethereum/algory-ico/contracts/token/UpgradeableToken.sol
FN:46,UpgradeableToken
FN:53,upgrade
FN:74,setUpgradeAgent
FN:86,getUpgradeState
FN:98,setUpgradeMaster
FN:106,canUpgrade
FNF:6
FNH:1
FNDA:1,UpgradeableToken
FNDA:0,upgrade
FNDA:0,setUpgradeAgent
FNDA:0,getUpgradeState
FNDA:0,setUpgradeMaster
FNDA:0,canUpgrade
DA:47,1
DA:54,0
DA:55,0
DA:56,0
DA:57,0
DA:60,0
DA:63,0
DA:64,0
DA:67,0
DA:68,0
DA:75,0
DA:76,0
DA:77,0
DA:78,0
DA:79,0
DA:80,0
DA:87,0
DA:99,0
DA:100,0
DA:107,0
LF:20
LH:1
BRDA:54,1,0,0
BRDA:54,1,1,0
BRDA:56,2,0,0
BRDA:56,2,1,0
BRDA:75,3,0,0
BRDA:75,3,1,0
BRDA:76,4,0,0
BRDA:76,4,1,0
BRDA:78,5,0,0
BRDA:78,5,1,0
BRDA:79,6,0,0
BRDA:79,6,1,0
BRDA:87,7,0,0
BRDA:87,7,1,0
BRDA:88,8,0,0
BRDA:88,8,1,0
BRDA:89,9,0,0
BRDA:89,9,1,0
BRDA:99,10,0,0
BRDA:99,10,1,0
BRF:20
BRH:0
end_of_record
TN:
SF:/Users/marcin/dev/mgordel/ethereum/algory-ico/contracts/token/UpgradeAgent.sol
FN:14,isUpgradeAgent
FNF:1
FNH:0
FNDA:0,isUpgradeAgent
DA:15,0
LF:1
LH:0
BRF:0
BRH:0
end_of_record
TN:
SF:/Users/marcin/dev/mgordel/ethereum/algory-ico/contracts/wallet/MultiSigWallet.sol
FN:46,onlyWallet
FN:52,ownerDoesNotExist
FN:58,ownerExists
FN:64,transactionExists
FN:70,confirmed
FN:76,notConfirmed
FN:82,notExecuted
FN:88,notNull
FN:94,validRequirement
FN:104,
FN:117,MultiSigWallet
FN:132,addOwner
FN:146,removeOwner
FN:166,replaceOwner
FN:185,changeRequirement
FN:199,submitTransaction
FN:209,confirmTransaction
FN:222,revokeConfirmation
FN:234,executeTransaction
FN:255,isConfirmed
FN:277,addTransaction
FN:299,getConfirmationCount
FN:313,getTransactionCount
FN:326,getOwners
FN:337,getConfirmations
FN:361,getTransactionIds
FNF:26
FNH:2
FNDA:0,onlyWallet
FNDA:0,ownerDoesNotExist
FNDA:0,ownerExists
FNDA:0,transactionExists
FNDA:0,confirmed
FNDA:0,notConfirmed
FNDA:0,notExecuted
FNDA:0,notNull
FNDA:1,validRequirement
FNDA:0,
FNDA:1,MultiSigWallet
FNDA:0,addOwner
FNDA:0,removeOwner
FNDA:0,replaceOwner
FNDA:0,changeRequirement
FNDA:0,submitTransaction
FNDA:0,confirmTransaction
FNDA:0,revokeConfirmation
FNDA:0,executeTransaction
FNDA:0,isConfirmed
FNDA:0,addTransaction
FNDA:0,getConfirmationCount
FNDA:0,getTransactionCount
FNDA:0,getOwners
FNDA:0,getConfirmations
FNDA:0,getTransactionIds
DA:47,0
DA:48,0
DA:49,0
DA:53,0
DA:54,0
DA:55,0
DA:59,0
DA:60,0
DA:61,0
DA:65,0
DA:66,0
DA:67,0
DA:71,0
DA:72,0
DA:73,0
DA:77,0
DA:78,0
DA:79,0
DA:83,0
DA:84,0
DA:85,0
DA:89,0
DA:90,0
DA:91,0
DA:95,1
DA:99,0
DA:100,1
DA:107,0
DA:108,0
DA:121,1
DA:122,3
DA:123,0
DA:124,3
DA:126,1
DA:127,1
DA:139,0
DA:140,0
DA:141,0
DA:151,0
DA:152,0
DA:153,0
DA:154,0
DA:155,0
DA:157,0
DA:158,0
DA:159,0
DA:160,0
DA:172,0
DA:173,0
DA:174,0
DA:175,0
DA:177,0
DA:178,0
DA:179,0
DA:180,0
DA:190,0
DA:191,0
DA:203,0
DA:204,0
DA:215,0
DA:216,0
DA:217,0
DA:228,0
DA:229,0
DA:240,0
DA:241,0
DA:242,0
DA:243,0
DA:244,0
DA:246,0
DA:247,0
DA:260,0
DA:261,0
DA:262,0
DA:263,0
DA:264,0
DA:265,0
DA:282,0
DA:283,0
DA:289,0
DA:290,0
DA:304,0
DA:305,0
DA:306,0
DA:318,0
DA:319,0
DA:321,0
DA:331,0
DA:342,0
DA:343,0
DA:344,0
DA:345,0
DA:346,0
DA:347,0
DA:348,0
DA:350,0
DA:351,0
DA:352,0
DA:366,0
DA:367,0
DA:368,0
DA:369,0
DA:370,0
DA:373,0
DA:374,0
DA:376,0
DA:377,0
DA:378,0
LF:108
LH:7
BRDA:47,1,0,0
BRDA:47,1,1,0
BRDA:53,2,0,0
BRDA:53,2,1,0
BRDA:59,3,0,0
BRDA:59,3,1,0
BRDA:65,4,0,0
BRDA:65,4,1,0
BRDA:71,5,0,0
BRDA:71,5,1,0
BRDA:77,6,0,0
BRDA:77,6,1,0
BRDA:83,7,0,0
BRDA:83,7,1,0
BRDA:89,8,0,0
BRDA:89,8,1,0
BRDA:95,9,0,0
BRDA:95,9,1,1
BRDA:107,10,0,0
BRDA:107,10,1,0
BRDA:122,11,0,0
BRDA:122,11,1,3
BRDA:153,12,0,0
BRDA:153,12,1,0
BRDA:158,13,0,0
BRDA:158,13,1,0
BRDA:173,14,0,0
BRDA:173,14,1,0
BRDA:240,15,0,0
BRDA:240,15,1,0
BRDA:243,16,0,0
BRDA:243,16,1,0
BRDA:262,17,0,0
BRDA:262,17,1,0
BRDA:264,18,0,0
BRDA:264,18,1,0
BRDA:305,19,0,0
BRDA:305,19,1,0
BRDA:319,20,0,0
BRDA:319,20,1,0
BRDA:346,21,0,0
BRDA:346,21,1,0
BRDA:370,22,0,0
BRDA:370,22,1,0
BRF:44
BRH:2
end_of_record
